#
# There is insufficient memory for the Java Runtime Environment to continue.
# Native memory allocation (mmap) failed to map 65536 bytes for Failed to commit metaspace.
# Possible reasons:
#   The system is out of physical RAM or swap space
#   The process is running with CompressedOops enabled, and the Java Heap may be blocking the growth of the native heap
# Possible solutions:
#   Reduce memory load on the system
#   Increase physical memory or swap space
#   Check if swap backing store is full
#   Decrease Java heap size (-Xmx/-Xms)
#   Decrease number of Java threads
#   Decrease Java thread stack sizes (-Xss)
#   Set larger code cache with -XX:ReservedCodeCacheSize=
#   JVM is running with Zero Based Compressed Oops mode in which the Java heap is
#     placed in the first 32GB address space. The Java Heap base address is the
#     maximum limit for the native heap growth. Please use -XX:HeapBaseMinAddress
#     to set the Java Heap base and to place the Java Heap above 32GB virtual address.
# This output file may be truncated or incomplete.
#
#  Out of Memory Error (virtualSpaceNode.cpp:112), pid=13384, tid=13692
#
# JRE version: OpenJDK Runtime Environment (21.0.2+13) (build 21.0.2+13-58)
# Java VM: OpenJDK 64-Bit Server VM (21.0.2+13-58, mixed mode, emulated-client, sharing, tiered, compressed oops, compressed class ptrs, g1 gc, windows-amd64)
# No core dump will be written. Minidumps are not enabled by default on client versions of Windows
#

---------------  S U M M A R Y ------------

Command Line: -XX:TieredStopAtLevel=1 -Dspring.output.ansi.enabled=always -Dcom.sun.management.jmxremote -Dspring.jmx.enabled=true -Dspring.liveBeansView.mbeanDomain -Dspring.application.admin.enabled=true -Dmanagement.endpoints.jmx.exposure.include=* -javaagent:C:\Program Files\JetBrains\IntelliJ IDEA 2023.3.4\lib\idea_rt.jar=63942:C:\Program Files\JetBrains\IntelliJ IDEA 2023.3.4\bin -Dfile.encoding=UTF-8 -Dsun.stdout.encoding=UTF-8 -Dsun.stderr.encoding=UTF-8 com.example.config_server.ConfigServerApplication

Host: 11th Gen Intel(R) Core(TM) i7-1165G7 @ 2.80GHz, 8 cores, 15G,  Windows 11 , 64 bit Build 22621 (10.0.22621.4391)
Time: Fri Dec 13 15:46:47 2024 Maroc (heure d64 bit Build 22621 (10.0.22621.4391) elapsed time: 0.605607 seconds (0d 0h 0m 0s)

---------------  T H R E A D  ---------------

Current thread (0x000001637dad27f0):  JavaThread "main"             [_thread_in_vm, id=13692, stack(0x000000551da00000,0x000000551db00000) (1024K)]

Stack: [0x000000551da00000,0x000000551db00000]
Native frames: (J=compiled Java code, j=interpreted, Vv=VM code, C=native code)
V  [jvm.dll+0x6cade9]
V  [jvm.dll+0x8569c1]
V  [jvm.dll+0x858d2e]
V  [jvm.dll+0x859413]
V  [jvm.dll+0x280e56]
V  [jvm.dll+0x8526ee]
V  [jvm.dll+0x66e705]
V  [jvm.dll+0x66e76a]
V  [jvm.dll+0x670f96]
V  [jvm.dll+0x670e62]
V  [jvm.dll+0x66f0de]
V  [jvm.dll+0x679347]
V  [jvm.dll+0x217b73]
V  [jvm.dll+0x2180b5]
V  [jvm.dll+0x218ad1]
V  [jvm.dll+0x20dd9e]
V  [jvm.dll+0x5ad3dc]
V  [jvm.dll+0x21f76a]
V  [jvm.dll+0x7cec21]
V  [jvm.dll+0x7cfc85]
V  [jvm.dll+0x7d022f]
V  [jvm.dll+0x7cfed8]
V  [jvm.dll+0x26ed7b]
V  [jvm.dll+0x26efaa]
V  [jvm.dll+0x5d0147]
V  [jvm.dll+0x5d30ff]
V  [jvm.dll+0x3d7870]
V  [jvm.dll+0x3d6eed]
C  0x00000163083a8d95

The last pc belongs to invokestatic (printed below).
Java frames: (J=compiled Java code, j=interpreted, Vv=VM code)
j  sun.rmi.transport.LiveRef.<init>(Ljava/rmi/server/ObjID;ILjava/rmi/server/RMIClientSocketFactory;Ljava/rmi/server/RMIServerSocketFactory;)V+6 java.rmi@21.0.2
j  sun.rmi.transport.LiveRef.<init>(ILjava/rmi/server/RMIClientSocketFactory;Ljava/rmi/server/RMIServerSocketFactory;)V+11 java.rmi@21.0.2
j  sun.rmi.server.UnicastServerRef2.<init>(ILjava/rmi/server/RMIClientSocketFactory;Ljava/rmi/server/RMIServerSocketFactory;Ljava/io/ObjectInputFilter;)V+8 java.rmi@21.0.2
j  sun.management.jmxremote.ConnectorBootstrap$PermanentExporter.exportObject(Ljava/rmi/Remote;ILjava/rmi/server/RMIClientSocketFactory;Ljava/rmi/server/RMIServerSocketFactory;Ljava/io/ObjectInputFilter;)Ljava/rmi/Remote;+72 jdk.management.agent@21.0.2
j  javax.management.remote.rmi.RMIJRMPServerImpl.export(Ljava/rmi/Remote;Ljava/io/ObjectInputFilter;)V+62 java.management.rmi@21.0.2
j  javax.management.remote.rmi.RMIJRMPServerImpl.export()V+6 java.management.rmi@21.0.2
j  javax.management.remote.rmi.RMIConnectorServer.start()V+246 java.management.rmi@21.0.2
j  sun.management.jmxremote.ConnectorBootstrap.startLocalConnectorServer()Ljavax/management/remote/JMXConnectorServer;+290 jdk.management.agent@21.0.2
j  jdk.internal.agent.Agent.startLocalManagementAgent()V+13 jdk.management.agent@21.0.2
j  jdk.internal.agent.Agent.startAgent(Ljava/util/Properties;)V+58 jdk.management.agent@21.0.2
j  jdk.internal.agent.Agent.startAgent()V+20 jdk.management.agent@21.0.2
v  ~StubRoutines::call_stub 0x00000163083910e7
invokestatic  184 invokestatic  [0x00000163083a8ce0, 0x00000163083a8e40]  352 bytes
[MachCode]
  0x00000163083a8ce0: 4883 ec08 | c5fa 1104 | 24eb 1f48 | 83ec 10c5 | fb11 0424 | eb14 4883 | ec10 4889 | 0424 48c7 
  0x00000163083a8d00: 4424 0800 | 0000 00eb | 0150 4c89 | 6dc0 410f | b755 0148 | 8b4d d0c1 | e202 8b5c | d138 c1eb 
  0x00000163083a8d20: 1081 e3ff | 0000 0081 | fbb8 0000 | 000f 84b4 | 0000 00bb | b800 0000 | e805 0000 | 00e9 9900 
  0x00000163083a8d40: 0000 488b | d348 8d44 | 2408 4c89 | 6dc0 498b | cfc5 f877 | 4989 afa8 | 0300 0049 | 8987 9803 
  0x00000163083a8d60: 0000 4883 | ec20 40f6 | c40f 0f84 | 1900 0000 | 4883 ec08 | 48b8 806e | 176d fe7f | 0000 ffd0 
  0x00000163083a8d80: 4883 c408 | e90c 0000 | 0048 b880 | 6e17 6dfe | 7f00 00ff | d048 83c4 | 2049 c787 | 9803 0000 
  0x00000163083a8da0: 0000 0000 | 49c7 87a8 | 0300 0000 | 0000 0049 | c787 a003 | 0000 0000 | 0000 c5f8 | 7749 837f 
  0x00000163083a8dc0: 0800 0f84 | 0500 0000 | e933 81fe | ff4c 8b6d | c04c 8b75 | c84e 8d74 | f500 c341 | 0fb7 5501 
  0x00000163083a8de0: 488b 4dd0 | c1e2 0248 | 8b5c d140 | 488b 5b08 | 488b 5b08 | 488b 5b18 | 80bb 2001 | 0000 050f 
  0x00000163083a8e00: 840d 0000 | 004c 3bbb | 3001 0000 | 0f85 21ff | ffff 488b | 5cd1 408b | 54d1 50c1 | ea1c 49ba 
  0x00000163083a8e20: 10c6 9e6d | fe7f 0000 | 498b 14d2 | 524c 8d6c | 2408 4c89 | 6df0 ff63 | 500f 1f80 | 0000 0000 
[/MachCode]

---------------  P R O C E S S  ---------------

Threads class SMR info:
_java_thread_list=0x00000163586b3cd0, length=14, elements={
0x000001637dad27f0, 0x0000016312d44a90, 0x0000016312d45c50, 0x0000016312d472d0,
0x0000016312d4b600, 0x0000016312d4d670, 0x0000016312d4e370, 0x0000016312d52cf0,
0x0000016312d0dd10, 0x00000163580d1b40, 0x00000163580d4200, 0x0000016358627e70,
0x00000163586284e0, 0x0000016358746390
}

Java Threads: ( => current thread )
=>0x000001637dad27f0 JavaThread "main"                              [_thread_in_vm, id=13692, stack(0x000000551da00000,0x000000551db00000) (1024K)]
  0x0000016312d44a90 JavaThread "Reference Handler"          daemon [_thread_blocked, id=9328, stack(0x000000551e200000,0x000000551e300000) (1024K)]
  0x0000016312d45c50 JavaThread "Finalizer"                  daemon [_thread_blocked, id=8976, stack(0x000000551e300000,0x000000551e400000) (1024K)]
  0x0000016312d472d0 JavaThread "Signal Dispatcher"          daemon [_thread_blocked, id=24004, stack(0x000000551e400000,0x000000551e500000) (1024K)]
  0x0000016312d4b600 JavaThread "Attach Listener"            daemon [_thread_blocked, id=14088, stack(0x000000551e500000,0x000000551e600000) (1024K)]
  0x0000016312d4d670 JavaThread "Service Thread"             daemon [_thread_blocked, id=11632, stack(0x000000551e600000,0x000000551e700000) (1024K)]
  0x0000016312d4e370 JavaThread "Monitor Deflation Thread"   daemon [_thread_blocked, id=22108, stack(0x000000551e700000,0x000000551e800000) (1024K)]
  0x0000016312d52cf0 JavaThread "C1 CompilerThread0"         daemon [_thread_blocked, id=16272, stack(0x000000551e800000,0x000000551e900000) (1024K)]
  0x0000016312d0dd10 JavaThread "Common-Cleaner"             daemon [_thread_blocked, id=14236, stack(0x000000551e900000,0x000000551ea00000) (1024K)]
  0x00000163580d1b40 JavaThread "C1 CompilerThread1"         daemon [_thread_blocked, id=23344, stack(0x000000551ea00000,0x000000551eb00000) (1024K)]
  0x00000163580d4200 JavaThread "C1 CompilerThread2"         daemon [_thread_blocked, id=28488, stack(0x000000551eb00000,0x000000551ec00000) (1024K)]
  0x0000016358627e70 JavaThread "Monitor Ctrl-Break"         daemon [_thread_in_native, id=3568, stack(0x000000551ec00000,0x000000551ed00000) (1024K)]
  0x00000163586284e0 JavaThread "Notification Thread"        daemon [_thread_blocked, id=27640, stack(0x000000551ed00000,0x000000551ee00000) (1024K)]
  0x0000016358746390 JavaThread "C1 CompilerThread3"         daemon [_thread_blocked, id=15592, stack(0x000000551ee00000,0x000000551ef00000) (1024K)]
Total: 14

Other Threads:
  0x0000016312d25e50 VMThread "VM Thread"                           [id=14668, stack(0x000000551e100000,0x000000551e200000) (1024K)]
  0x0000016312d0ce50 WatcherThread "VM Periodic Task Thread"        [id=22168, stack(0x000000551e000000,0x000000551e100000) (1024K)]
  0x000001637feb5f90 WorkerThread "GC Thread#0"                     [id=4944, stack(0x000000551db00000,0x000000551dc00000) (1024K)]
  0x000001637fec6b60 ConcurrentGCThread "G1 Main Marker"            [id=22348, stack(0x000000551dc00000,0x000000551dd00000) (1024K)]
  0x000001637fec7e00 WorkerThread "G1 Conc#0"                       [id=19540, stack(0x000000551dd00000,0x000000551de00000) (1024K)]
  0x000001637fefe9e0 ConcurrentGCThread "G1 Refine#0"               [id=28152, stack(0x000000551de00000,0x000000551df00000) (1024K)]
  0x0000016312bdd7f0 ConcurrentGCThread "G1 Service"                [id=8588, stack(0x000000551df00000,0x000000551e000000) (1024K)]
Total: 7

Threads with active compile tasks:
Total: 0

VM state: not at safepoint (normal execution)

VM Mutex/Monitor currently owned by a thread:  ([mutex/lock_event])
[0x00007ffe6d9dace8] Metaspace_lock - owner thread: 0x000001637dad27f0

Heap address: 0x0000000705c00000, size: 4004 MB, Compressed Oops mode: Zero based, Oop shift amount: 3

CDS archive(s) mapped at: [0x0000016313000000-0x0000016313c90000-0x0000016313c90000), size 13172736, SharedBaseAddress: 0x0000016313000000, ArchiveRelocationMode: 1.
Compressed class space mapped at: 0x0000016314000000-0x0000016354000000, reserved size: 1073741824
Narrow klass base: 0x0000016313000000, Narrow klass shift: 0, Narrow klass range: 0x100000000

GC Precious Log:
 CardTable entry size: 512
 Card Set container configuration: InlinePtr #cards 4 size 8 Array Of Cards #cards 16 size 48 Howl #buckets 8 coarsen threshold 3686 Howl Bitmap #cards 512 size 80 coarsen threshold 460 Card regions per heap region 1 cards per card region 4096
 CPUs: 8 total, 8 available
 Memory: 16013M
 Large Page Support: Disabled
 NUMA Support: Disabled
 Compressed Oops: Enabled (Zero based)
 Heap Region Size: 2M
 Heap Min Capacity: 8M
 Heap Initial Capacity: 252M
 Heap Max Capacity: 4004M
 Pre-touch: Disabled
 Parallel Workers: 8
 Concurrent Workers: 2
 Concurrent Refinement Workers: 8
 Periodic GC: Disabled

Heap:
 garbage-first heap   total 258048K, used 14336K [0x0000000705c00000, 0x0000000800000000)
  region size 2048K, 9 young (18432K), 0 survivors (0K)
 Metaspace       used 4222K, committed 4416K, reserved 1114112K
  class space    used 497K, committed 640K, reserved 1048576K

Heap Regions: E=young(eden), S=young(survivor), O=old, HS=humongous(starts), HC=humongous(continues), CS=collection set, F=free, TAMS=top-at-mark-start, PB=parsable bottom
|   0|0x0000000705c00000, 0x0000000705c00000, 0x0000000705e00000|  0%| F|  |TAMS 0x0000000705c00000| PB 0x0000000705c00000| Untracked 
|   1|0x0000000705e00000, 0x0000000705e00000, 0x0000000706000000|  0%| F|  |TAMS 0x0000000705e00000| PB 0x0000000705e00000| Untracked 
|   2|0x0000000706000000, 0x0000000706000000, 0x0000000706200000|  0%| F|  |TAMS 0x0000000706000000| PB 0x0000000706000000| Untracked 
|   3|0x0000000706200000, 0x0000000706200000, 0x0000000706400000|  0%| F|  |TAMS 0x0000000706200000| PB 0x0000000706200000| Untracked 
|   4|0x0000000706400000, 0x0000000706400000, 0x0000000706600000|  0%| F|  |TAMS 0x0000000706400000| PB 0x0000000706400000| Untracked 
|   5|0x0000000706600000, 0x0000000706600000, 0x0000000706800000|  0%| F|  |TAMS 0x0000000706600000| PB 0x0000000706600000| Untracked 
|   6|0x0000000706800000, 0x0000000706800000, 0x0000000706a00000|  0%| F|  |TAMS 0x0000000706800000| PB 0x0000000706800000| Untracked 
|   7|0x0000000706a00000, 0x0000000706a00000, 0x0000000706c00000|  0%| F|  |TAMS 0x0000000706a00000| PB 0x0000000706a00000| Untracked 
|   8|0x0000000706c00000, 0x0000000706c00000, 0x0000000706e00000|  0%| F|  |TAMS 0x0000000706c00000| PB 0x0000000706c00000| Untracked 
|   9|0x0000000706e00000, 0x0000000706e00000, 0x0000000707000000|  0%| F|  |TAMS 0x0000000706e00000| PB 0x0000000706e00000| Untracked 
|  10|0x0000000707000000, 0x0000000707000000, 0x0000000707200000|  0%| F|  |TAMS 0x0000000707000000| PB 0x0000000707000000| Untracked 
|  11|0x0000000707200000, 0x0000000707200000, 0x0000000707400000|  0%| F|  |TAMS 0x0000000707200000| PB 0x0000000707200000| Untracked 
|  12|0x0000000707400000, 0x0000000707400000, 0x0000000707600000|  0%| F|  |TAMS 0x0000000707400000| PB 0x0000000707400000| Untracked 
|  13|0x0000000707600000, 0x0000000707600000, 0x0000000707800000|  0%| F|  |TAMS 0x0000000707600000| PB 0x0000000707600000| Untracked 
|  14|0x0000000707800000, 0x0000000707800000, 0x0000000707a00000|  0%| F|  |TAMS 0x0000000707800000| PB 0x0000000707800000| Untracked 
|  15|0x0000000707a00000, 0x0000000707a00000, 0x0000000707c00000|  0%| F|  |TAMS 0x0000000707a00000| PB 0x0000000707a00000| Untracked 
|  16|0x0000000707c00000, 0x0000000707c00000, 0x0000000707e00000|  0%| F|  |TAMS 0x0000000707c00000| PB 0x0000000707c00000| Untracked 
|  17|0x0000000707e00000, 0x0000000707e00000, 0x0000000708000000|  0%| F|  |TAMS 0x0000000707e00000| PB 0x0000000707e00000| Untracked 
|  18|0x0000000708000000, 0x0000000708000000, 0x0000000708200000|  0%| F|  |TAMS 0x0000000708000000| PB 0x0000000708000000| Untracked 
|  19|0x0000000708200000, 0x0000000708200000, 0x0000000708400000|  0%| F|  |TAMS 0x0000000708200000| PB 0x0000000708200000| Untracked 
|  20|0x0000000708400000, 0x0000000708400000, 0x0000000708600000|  0%| F|  |TAMS 0x0000000708400000| PB 0x0000000708400000| Untracked 
|  21|0x0000000708600000, 0x0000000708600000, 0x0000000708800000|  0%| F|  |TAMS 0x0000000708600000| PB 0x0000000708600000| Untracked 
|  22|0x0000000708800000, 0x0000000708800000, 0x0000000708a00000|  0%| F|  |TAMS 0x0000000708800000| PB 0x0000000708800000| Untracked 
|  23|0x0000000708a00000, 0x0000000708a00000, 0x0000000708c00000|  0%| F|  |TAMS 0x0000000708a00000| PB 0x0000000708a00000| Untracked 
|  24|0x0000000708c00000, 0x0000000708c00000, 0x0000000708e00000|  0%| F|  |TAMS 0x0000000708c00000| PB 0x0000000708c00000| Untracked 
|  25|0x0000000708e00000, 0x0000000708e00000, 0x0000000709000000|  0%| F|  |TAMS 0x0000000708e00000| PB 0x0000000708e00000| Untracked 
|  26|0x0000000709000000, 0x0000000709000000, 0x0000000709200000|  0%| F|  |TAMS 0x0000000709000000| PB 0x0000000709000000| Untracked 
|  27|0x0000000709200000, 0x0000000709200000, 0x0000000709400000|  0%| F|  |TAMS 0x0000000709200000| PB 0x0000000709200000| Untracked 
|  28|0x0000000709400000, 0x0000000709400000, 0x0000000709600000|  0%| F|  |TAMS 0x0000000709400000| PB 0x0000000709400000| Untracked 
|  29|0x0000000709600000, 0x0000000709600000, 0x0000000709800000|  0%| F|  |TAMS 0x0000000709600000| PB 0x0000000709600000| Untracked 
|  30|0x0000000709800000, 0x0000000709800000, 0x0000000709a00000|  0%| F|  |TAMS 0x0000000709800000| PB 0x0000000709800000| Untracked 
|  31|0x0000000709a00000, 0x0000000709a00000, 0x0000000709c00000|  0%| F|  |TAMS 0x0000000709a00000| PB 0x0000000709a00000| Untracked 
|  32|0x0000000709c00000, 0x0000000709c00000, 0x0000000709e00000|  0%| F|  |TAMS 0x0000000709c00000| PB 0x0000000709c00000| Untracked 
|  33|0x0000000709e00000, 0x0000000709e00000, 0x000000070a000000|  0%| F|  |TAMS 0x0000000709e00000| PB 0x0000000709e00000| Untracked 
|  34|0x000000070a000000, 0x000000070a000000, 0x000000070a200000|  0%| F|  |TAMS 0x000000070a000000| PB 0x000000070a000000| Untracked 
|  35|0x000000070a200000, 0x000000070a200000, 0x000000070a400000|  0%| F|  |TAMS 0x000000070a200000| PB 0x000000070a200000| Untracked 
|  36|0x000000070a400000, 0x000000070a400000, 0x000000070a600000|  0%| F|  |TAMS 0x000000070a400000| PB 0x000000070a400000| Untracked 
|  37|0x000000070a600000, 0x000000070a600000, 0x000000070a800000|  0%| F|  |TAMS 0x000000070a600000| PB 0x000000070a600000| Untracked 
|  38|0x000000070a800000, 0x000000070a800000, 0x000000070aa00000|  0%| F|  |TAMS 0x000000070a800000| PB 0x000000070a800000| Untracked 
|  39|0x000000070aa00000, 0x000000070aa00000, 0x000000070ac00000|  0%| F|  |TAMS 0x000000070aa00000| PB 0x000000070aa00000| Untracked 
|  40|0x000000070ac00000, 0x000000070ac00000, 0x000000070ae00000|  0%| F|  |TAMS 0x000000070ac00000| PB 0x000000070ac00000| Untracked 
|  41|0x000000070ae00000, 0x000000070ae00000, 0x000000070b000000|  0%| F|  |TAMS 0x000000070ae00000| PB 0x000000070ae00000| Untracked 
|  42|0x000000070b000000, 0x000000070b000000, 0x000000070b200000|  0%| F|  |TAMS 0x000000070b000000| PB 0x000000070b000000| Untracked 
|  43|0x000000070b200000, 0x000000070b200000, 0x000000070b400000|  0%| F|  |TAMS 0x000000070b200000| PB 0x000000070b200000| Untracked 
|  44|0x000000070b400000, 0x000000070b400000, 0x000000070b600000|  0%| F|  |TAMS 0x000000070b400000| PB 0x000000070b400000| Untracked 
|  45|0x000000070b600000, 0x000000070b600000, 0x000000070b800000|  0%| F|  |TAMS 0x000000070b600000| PB 0x000000070b600000| Untracked 
|  46|0x000000070b800000, 0x000000070b800000, 0x000000070ba00000|  0%| F|  |TAMS 0x000000070b800000| PB 0x000000070b800000| Untracked 
|  47|0x000000070ba00000, 0x000000070ba00000, 0x000000070bc00000|  0%| F|  |TAMS 0x000000070ba00000| PB 0x000000070ba00000| Untracked 
|  48|0x000000070bc00000, 0x000000070bc00000, 0x000000070be00000|  0%| F|  |TAMS 0x000000070bc00000| PB 0x000000070bc00000| Untracked 
|  49|0x000000070be00000, 0x000000070be00000, 0x000000070c000000|  0%| F|  |TAMS 0x000000070be00000| PB 0x000000070be00000| Untracked 
|  50|0x000000070c000000, 0x000000070c000000, 0x000000070c200000|  0%| F|  |TAMS 0x000000070c000000| PB 0x000000070c000000| Untracked 
|  51|0x000000070c200000, 0x000000070c200000, 0x000000070c400000|  0%| F|  |TAMS 0x000000070c200000| PB 0x000000070c200000| Untracked 
|  52|0x000000070c400000, 0x000000070c400000, 0x000000070c600000|  0%| F|  |TAMS 0x000000070c400000| PB 0x000000070c400000| Untracked 
|  53|0x000000070c600000, 0x000000070c600000, 0x000000070c800000|  0%| F|  |TAMS 0x000000070c600000| PB 0x000000070c600000| Untracked 
|  54|0x000000070c800000, 0x000000070c800000, 0x000000070ca00000|  0%| F|  |TAMS 0x000000070c800000| PB 0x000000070c800000| Untracked 
|  55|0x000000070ca00000, 0x000000070ca00000, 0x000000070cc00000|  0%| F|  |TAMS 0x000000070ca00000| PB 0x000000070ca00000| Untracked 
|  56|0x000000070cc00000, 0x000000070cc00000, 0x000000070ce00000|  0%| F|  |TAMS 0x000000070cc00000| PB 0x000000070cc00000| Untracked 
|  57|0x000000070ce00000, 0x000000070ce00000, 0x000000070d000000|  0%| F|  |TAMS 0x000000070ce00000| PB 0x000000070ce00000| Untracked 
|  58|0x000000070d000000, 0x000000070d000000, 0x000000070d200000|  0%| F|  |TAMS 0x000000070d000000| PB 0x000000070d000000| Untracked 
|  59|0x000000070d200000, 0x000000070d200000, 0x000000070d400000|  0%| F|  |TAMS 0x000000070d200000| PB 0x000000070d200000| Untracked 
|  60|0x000000070d400000, 0x000000070d400000, 0x000000070d600000|  0%| F|  |TAMS 0x000000070d400000| PB 0x000000070d400000| Untracked 
|  61|0x000000070d600000, 0x000000070d600000, 0x000000070d800000|  0%| F|  |TAMS 0x000000070d600000| PB 0x000000070d600000| Untracked 
|  62|0x000000070d800000, 0x000000070d800000, 0x000000070da00000|  0%| F|  |TAMS 0x000000070d800000| PB 0x000000070d800000| Untracked 
|  63|0x000000070da00000, 0x000000070da00000, 0x000000070dc00000|  0%| F|  |TAMS 0x000000070da00000| PB 0x000000070da00000| Untracked 
|  64|0x000000070dc00000, 0x000000070dc00000, 0x000000070de00000|  0%| F|  |TAMS 0x000000070dc00000| PB 0x000000070dc00000| Untracked 
|  65|0x000000070de00000, 0x000000070de00000, 0x000000070e000000|  0%| F|  |TAMS 0x000000070de00000| PB 0x000000070de00000| Untracked 
|  66|0x000000070e000000, 0x000000070e000000, 0x000000070e200000|  0%| F|  |TAMS 0x000000070e000000| PB 0x000000070e000000| Untracked 
|  67|0x000000070e200000, 0x000000070e200000, 0x000000070e400000|  0%| F|  |TAMS 0x000000070e200000| PB 0x000000070e200000| Untracked 
|  68|0x000000070e400000, 0x000000070e400000, 0x000000070e600000|  0%| F|  |TAMS 0x000000070e400000| PB 0x000000070e400000| Untracked 
|  69|0x000000070e600000, 0x000000070e600000, 0x000000070e800000|  0%| F|  |TAMS 0x000000070e600000| PB 0x000000070e600000| Untracked 
|  70|0x000000070e800000, 0x000000070e800000, 0x000000070ea00000|  0%| F|  |TAMS 0x000000070e800000| PB 0x000000070e800000| Untracked 
|  71|0x000000070ea00000, 0x000000070ea00000, 0x000000070ec00000|  0%| F|  |TAMS 0x000000070ea00000| PB 0x000000070ea00000| Untracked 
|  72|0x000000070ec00000, 0x000000070ec00000, 0x000000070ee00000|  0%| F|  |TAMS 0x000000070ec00000| PB 0x000000070ec00000| Untracked 
|  73|0x000000070ee00000, 0x000000070ee00000, 0x000000070f000000|  0%| F|  |TAMS 0x000000070ee00000| PB 0x000000070ee00000| Untracked 
|  74|0x000000070f000000, 0x000000070f000000, 0x000000070f200000|  0%| F|  |TAMS 0x000000070f000000| PB 0x000000070f000000| Untracked 
|  75|0x000000070f200000, 0x000000070f200000, 0x000000070f400000|  0%| F|  |TAMS 0x000000070f200000| PB 0x000000070f200000| Untracked 
|  76|0x000000070f400000, 0x000000070f400000, 0x000000070f600000|  0%| F|  |TAMS 0x000000070f400000| PB 0x000000070f400000| Untracked 
|  77|0x000000070f600000, 0x000000070f600000, 0x000000070f800000|  0%| F|  |TAMS 0x000000070f600000| PB 0x000000070f600000| Untracked 
|  78|0x000000070f800000, 0x000000070f800000, 0x000000070fa00000|  0%| F|  |TAMS 0x000000070f800000| PB 0x000000070f800000| Untracked 
|  79|0x000000070fa00000, 0x000000070fa00000, 0x000000070fc00000|  0%| F|  |TAMS 0x000000070fa00000| PB 0x000000070fa00000| Untracked 
|  80|0x000000070fc00000, 0x000000070fc00000, 0x000000070fe00000|  0%| F|  |TAMS 0x000000070fc00000| PB 0x000000070fc00000| Untracked 
|  81|0x000000070fe00000, 0x000000070fe00000, 0x0000000710000000|  0%| F|  |TAMS 0x000000070fe00000| PB 0x000000070fe00000| Untracked 
|  82|0x0000000710000000, 0x0000000710000000, 0x0000000710200000|  0%| F|  |TAMS 0x0000000710000000| PB 0x0000000710000000| Untracked 
|  83|0x0000000710200000, 0x0000000710200000, 0x0000000710400000|  0%| F|  |TAMS 0x0000000710200000| PB 0x0000000710200000| Untracked 
|  84|0x0000000710400000, 0x0000000710400000, 0x0000000710600000|  0%| F|  |TAMS 0x0000000710400000| PB 0x0000000710400000| Untracked 
|  85|0x0000000710600000, 0x0000000710600000, 0x0000000710800000|  0%| F|  |TAMS 0x0000000710600000| PB 0x0000000710600000| Untracked 
|  86|0x0000000710800000, 0x0000000710800000, 0x0000000710a00000|  0%| F|  |TAMS 0x0000000710800000| PB 0x0000000710800000| Untracked 
|  87|0x0000000710a00000, 0x0000000710a00000, 0x0000000710c00000|  0%| F|  |TAMS 0x0000000710a00000| PB 0x0000000710a00000| Untracked 
|  88|0x0000000710c00000, 0x0000000710c00000, 0x0000000710e00000|  0%| F|  |TAMS 0x0000000710c00000| PB 0x0000000710c00000| Untracked 
|  89|0x0000000710e00000, 0x0000000710e00000, 0x0000000711000000|  0%| F|  |TAMS 0x0000000710e00000| PB 0x0000000710e00000| Untracked 
|  90|0x0000000711000000, 0x0000000711000000, 0x0000000711200000|  0%| F|  |TAMS 0x0000000711000000| PB 0x0000000711000000| Untracked 
|  91|0x0000000711200000, 0x0000000711200000, 0x0000000711400000|  0%| F|  |TAMS 0x0000000711200000| PB 0x0000000711200000| Untracked 
|  92|0x0000000711400000, 0x0000000711400000, 0x0000000711600000|  0%| F|  |TAMS 0x0000000711400000| PB 0x0000000711400000| Untracked 
|  93|0x0000000711600000, 0x0000000711600000, 0x0000000711800000|  0%| F|  |TAMS 0x0000000711600000| PB 0x0000000711600000| Untracked 
|  94|0x0000000711800000, 0x0000000711800000, 0x0000000711a00000|  0%| F|  |TAMS 0x0000000711800000| PB 0x0000000711800000| Untracked 
|  95|0x0000000711a00000, 0x0000000711a00000, 0x0000000711c00000|  0%| F|  |TAMS 0x0000000711a00000| PB 0x0000000711a00000| Untracked 
|  96|0x0000000711c00000, 0x0000000711c00000, 0x0000000711e00000|  0%| F|  |TAMS 0x0000000711c00000| PB 0x0000000711c00000| Untracked 
|  97|0x0000000711e00000, 0x0000000711e00000, 0x0000000712000000|  0%| F|  |TAMS 0x0000000711e00000| PB 0x0000000711e00000| Untracked 
|  98|0x0000000712000000, 0x0000000712000000, 0x0000000712200000|  0%| F|  |TAMS 0x0000000712000000| PB 0x0000000712000000| Untracked 
|  99|0x0000000712200000, 0x0000000712200000, 0x0000000712400000|  0%| F|  |TAMS 0x0000000712200000| PB 0x0000000712200000| Untracked 
| 100|0x0000000712400000, 0x0000000712400000, 0x0000000712600000|  0%| F|  |TAMS 0x0000000712400000| PB 0x0000000712400000| Untracked 
| 101|0x0000000712600000, 0x0000000712600000, 0x0000000712800000|  0%| F|  |TAMS 0x0000000712600000| PB 0x0000000712600000| Untracked 
| 102|0x0000000712800000, 0x0000000712800000, 0x0000000712a00000|  0%| F|  |TAMS 0x0000000712800000| PB 0x0000000712800000| Untracked 
| 103|0x0000000712a00000, 0x0000000712a00000, 0x0000000712c00000|  0%| F|  |TAMS 0x0000000712a00000| PB 0x0000000712a00000| Untracked 
| 104|0x0000000712c00000, 0x0000000712c00000, 0x0000000712e00000|  0%| F|  |TAMS 0x0000000712c00000| PB 0x0000000712c00000| Untracked 
| 105|0x0000000712e00000, 0x0000000712e00000, 0x0000000713000000|  0%| F|  |TAMS 0x0000000712e00000| PB 0x0000000712e00000| Untracked 
| 106|0x0000000713000000, 0x0000000713000000, 0x0000000713200000|  0%| F|  |TAMS 0x0000000713000000| PB 0x0000000713000000| Untracked 
| 107|0x0000000713200000, 0x0000000713200000, 0x0000000713400000|  0%| F|  |TAMS 0x0000000713200000| PB 0x0000000713200000| Untracked 
| 108|0x0000000713400000, 0x0000000713400000, 0x0000000713600000|  0%| F|  |TAMS 0x0000000713400000| PB 0x0000000713400000| Untracked 
| 109|0x0000000713600000, 0x0000000713600000, 0x0000000713800000|  0%| F|  |TAMS 0x0000000713600000| PB 0x0000000713600000| Untracked 
| 110|0x0000000713800000, 0x0000000713800000, 0x0000000713a00000|  0%| F|  |TAMS 0x0000000713800000| PB 0x0000000713800000| Untracked 
| 111|0x0000000713a00000, 0x0000000713a00000, 0x0000000713c00000|  0%| F|  |TAMS 0x0000000713a00000| PB 0x0000000713a00000| Untracked 
| 112|0x0000000713c00000, 0x0000000713c00000, 0x0000000713e00000|  0%| F|  |TAMS 0x0000000713c00000| PB 0x0000000713c00000| Untracked 
| 113|0x0000000713e00000, 0x0000000713e00000, 0x0000000714000000|  0%| F|  |TAMS 0x0000000713e00000| PB 0x0000000713e00000| Untracked 
| 114|0x0000000714000000, 0x0000000714000000, 0x0000000714200000|  0%| F|  |TAMS 0x0000000714000000| PB 0x0000000714000000| Untracked 
| 115|0x0000000714200000, 0x0000000714200000, 0x0000000714400000|  0%| F|  |TAMS 0x0000000714200000| PB 0x0000000714200000| Untracked 
| 116|0x0000000714400000, 0x0000000714400000, 0x0000000714600000|  0%| F|  |TAMS 0x0000000714400000| PB 0x0000000714400000| Untracked 
| 117|0x0000000714600000, 0x0000000714800000, 0x0000000714800000|100%| E|  |TAMS 0x0000000714600000| PB 0x0000000714600000| Complete 
| 118|0x0000000714800000, 0x0000000714a00000, 0x0000000714a00000|100%| E|CS|TAMS 0x0000000714800000| PB 0x0000000714800000| Complete 
| 119|0x0000000714a00000, 0x0000000714c00000, 0x0000000714c00000|100%| E|CS|TAMS 0x0000000714a00000| PB 0x0000000714a00000| Complete 
| 120|0x0000000714c00000, 0x0000000714e00000, 0x0000000714e00000|100%| E|CS|TAMS 0x0000000714c00000| PB 0x0000000714c00000| Complete 
| 121|0x0000000714e00000, 0x0000000715000000, 0x0000000715000000|100%| E|CS|TAMS 0x0000000714e00000| PB 0x0000000714e00000| Complete 
| 122|0x0000000715000000, 0x0000000715200000, 0x0000000715200000|100%| E|  |TAMS 0x0000000715000000| PB 0x0000000715000000| Complete 
| 123|0x0000000715200000, 0x0000000715400000, 0x0000000715400000|100%| E|CS|TAMS 0x0000000715200000| PB 0x0000000715200000| Complete 
| 124|0x0000000715400000, 0x0000000715600000, 0x0000000715600000|100%| E|CS|TAMS 0x0000000715400000| PB 0x0000000715400000| Complete 
| 125|0x0000000715600000, 0x0000000715800000, 0x0000000715800000|100%| E|CS|TAMS 0x0000000715600000| PB 0x0000000715600000| Complete 

Card table byte_map: [0x000001630bc80000,0x000001630c460000] _byte_map_base: 0x0000016308452000

Marking Bits: (CMBitMap*) 0x000001637feb6690
 Bits: [0x000001630c460000, 0x00000163102f0000)

Polling page: 0x000001637dd70000

Metaspace:

Usage:
  Non-class:      3.64 MB used.
      Class:    497.48 KB used.
       Both:      4.12 MB used.

Virtual space:
  Non-class space:       64.00 MB reserved,       3.69 MB (  6%) committed,  1 nodes.
      Class space:        1.00 GB reserved,     640.00 KB ( <1%) committed,  1 nodes.
             Both:        1.06 GB reserved,       4.31 MB ( <1%) committed. 

Chunk freelists:
   Non-Class:  11.88 MB
       Class:  15.25 MB
        Both:  27.13 MB

MaxMetaspaceSize: unlimited
CompressedClassSpaceSize: 1.00 GB
Initial GC threshold: 21.00 MB
Current GC threshold: 21.00 MB
CDS: on
 - commit_granule_bytes: 65536.
 - commit_granule_words: 8192.
 - virtual_space_node_default_size: 8388608.
 - enlarge_chunks_in_place: 1.
 - use_allocation_guard: 0.


Internal statistics:

num_allocs_failed_limit: 0.
num_arena_births: 104.
num_arena_deaths: 0.
num_vsnodes_births: 2.
num_vsnodes_deaths: 0.
num_space_committed: 69.
num_space_uncommitted: 0.
num_chunks_returned_to_freelist: 0.
num_chunks_taken_from_freelist: 115.
num_chunk_merges: 0.
num_chunk_splits: 80.
num_chunks_enlarged: 49.
num_inconsistent_stats: 0.

CodeCache: size=49152Kb used=4482Kb max_used=4482Kb free=44669Kb
 bounds [0x0000016308390000, 0x0000016308800000, 0x000001630b390000]
 total_blobs=1475 nmethods=1028 adapters=369
 compilation: disabled (not enough contiguous free space left)
              stopped_count=1, restarted_count=0
 full_count=2

Compilation events (20 events):
Event: 0.592 Thread 0x0000016358746390 nmethod 1019 0x00000163087ed410 code [0x00000163087ed5c0, 0x00000163087ed810]
Event: 0.592 Thread 0x00000163580d1b40 1020       1       sun.nio.fs.WindowsPath::toString (5 bytes)
Event: 0.592 Thread 0x00000163580d1b40 nmethod 1020 0x00000163087ed890 code [0x00000163087eda20, 0x00000163087edaf0]
Event: 0.592 Thread 0x00000163580d1b40 1021       1       java.nio.file.Files$AcceptAllFilter::accept (2 bytes)
Event: 0.592 Thread 0x00000163580d4200 1022       1       sun.security.provider.DigestBase::engineUpdate (176 bytes)
Event: 0.592 Thread 0x00000163580d1b40 nmethod 1021 0x00000163087edb90 code [0x00000163087edd20, 0x00000163087edde8]
Event: 0.592 Thread 0x00000163580d1b40 1023       1       java.security.MessageDigest::update (14 bytes)
Event: 0.592 Thread 0x00000163580d1b40 nmethod 1023 0x00000163087ede90 code [0x00000163087ee040, 0x00000163087ee158]
Event: 0.592 Thread 0x00000163580d1b40 1024       1       java.security.MessageDigest$Delegate::engineUpdate (11 bytes)
Event: 0.592 Thread 0x00000163580d1b40 nmethod 1024 0x00000163087ee210 code [0x00000163087ee3c0, 0x00000163087ee4b8]
Event: 0.593 Thread 0x00000163580d1b40 1025       1       java.lang.String::getBytes (15 bytes)
Event: 0.593 Thread 0x00000163580d1b40 nmethod 1025 0x00000163087ee890 code [0x00000163087eea40, 0x00000163087eeb68]
Event: 0.593 Thread 0x00000163580d1b40 1026   !   1       java.nio.charset.Charset::defaultCharset (52 bytes)
Event: 0.593 Thread 0x00000163580d1b40 nmethod 1026 0x00000163087eec10 code [0x00000163087eeda0, 0x00000163087eee50]
Event: 0.593 Thread 0x00000163580d1b40 1027       1       java.lang.String::encode (48 bytes)
Event: 0.593 Thread 0x0000016358746390 1028       1       java.lang.String::encodeUTF8 (142 bytes)
Event: 0.593 Thread 0x00000163580d1b40 nmethod 1027 0x00000163087ef210 code [0x00000163087ef400, 0x00000163087ef5f8]
Event: 0.593 Thread 0x00000163580d4200 

Event: 0.593 Thread 0x0000016358746390 

Event: 0.594 Thread 0x0000016312d52cf0 nmethod 1017 0x00000163087ef710 code [0x00000163087ef980, 0x00000163087f0218]

GC Heap History (0 events):
No events

Dll operation events (11 events):
Event: 0.010 Loaded shared library C:\Users\Toshiba\.jdks\openjdk-21.0.2\bin\java.dll
Event: 0.178 Loaded shared library C:\Users\Toshiba\.jdks\openjdk-21.0.2\bin\zip.dll
Event: 0.182 Loaded shared library C:\Users\Toshiba\.jdks\openjdk-21.0.2\bin\instrument.dll
Event: 0.189 Loaded shared library C:\Users\Toshiba\.jdks\openjdk-21.0.2\bin\net.dll
Event: 0.190 Loaded shared library C:\Users\Toshiba\.jdks\openjdk-21.0.2\bin\nio.dll
Event: 0.194 Loaded shared library C:\Users\Toshiba\.jdks\openjdk-21.0.2\bin\zip.dll
Event: 0.324 Loaded shared library C:\Program Files\JetBrains\IntelliJ IDEA 2023.3.4\bin\breakgen64.dll
Event: 0.329 Loaded shared library C:\Users\Toshiba\.jdks\openjdk-21.0.2\bin\jimage.dll
Event: 0.335 Loaded shared library C:\Users\Toshiba\.jdks\openjdk-21.0.2\bin\extnet.dll
Event: 0.352 Loaded shared library C:\Users\Toshiba\.jdks\openjdk-21.0.2\bin\management.dll
Event: 0.364 Loaded shared library C:\Users\Toshiba\.jdks\openjdk-21.0.2\bin\management_ext.dll

Deoptimization events (0 events):
No events

Classes loaded (20 events):
Event: 0.583 Loading class java/security/MessageDigest$Delegate$CloneableDelegate done
Event: 0.583 Loading class sun/security/provider/SeedGenerator$1
Event: 0.583 Loading class sun/security/provider/SeedGenerator$1 done
Event: 0.583 Loading class sun/security/provider/ByteArrayAccess
Event: 0.583 Loading class sun/security/provider/ByteArrayAccess done
Event: 0.583 Loading class sun/security/provider/ByteArrayAccess$BE
Event: 0.583 Loading class sun/security/provider/ByteArrayAccess$BE done
Event: 0.590 Loading class java/net/NetworkInterface$1
Event: 0.590 Loading class java/net/NetworkInterface$1 done
Event: 0.590 Loading class java/nio/file/Files$AcceptAllFilter
Event: 0.590 Loading class java/nio/file/Files$AcceptAllFilter done
Event: 0.595 Loading class sun/security/provider/AbstractDrbg$NonceProvider
Event: 0.595 Loading class sun/security/provider/AbstractDrbg$NonceProvider done
Event: 0.595 Loading class sun/security/provider/SHA2$SHA256
Event: 0.595 Loading class sun/security/provider/SHA2
Event: 0.595 Loading class sun/security/provider/SHA2 done
Event: 0.595 Loading class sun/security/provider/SHA2$SHA256 done
Event: 0.597 Loading class sun/rmi/transport/tcp/TCPEndpoint
Event: 0.597 Loading class sun/rmi/transport/Endpoint
Event: 0.597 Loading class sun/rmi/transport/Endpoint done

Classes unloaded (0 events):
No events

Classes redefined (0 events):
No events

Internal exceptions (10 events):
Event: 0.313 Thread 0x000001637dad27f0 Exception <a 'java/lang/NoSuchMethodError'{0x0000000714d3e060}: 'void java.lang.invoke.DirectMethodHandle$Holder.invokeStatic(java.lang.Object, java.lang.Object, java.lang.Object)'> (0x0000000714d3e060) 
thrown [s\open\src\hotspot\share\interpreter\linkResolver.cpp, line 773]
Event: 0.318 Thread 0x000001637dad27f0 Exception <a 'java/lang/NoSuchMethodError'{0x0000000714d55568}: 'java.lang.Object java.lang.invoke.Invokers$Holder.invokeExact_MT(java.lang.Object, java.lang.Object, java.lang.Object, java.lang.Object, java.lang.Object)'> (0x0000000714d55568) 
thrown [s\open\src\hotspot\share\interpreter\linkResolver.cpp, line 773]
Event: 0.336 Thread 0x0000016358627e70 Exception <a 'java/lang/NoSuchMethodError'{0x0000000714ddadc8}: 'void java.lang.invoke.DirectMethodHandle$Holder.invokeStatic(java.lang.Object, java.lang.Object)'> (0x0000000714ddadc8) 
thrown [s\open\src\hotspot\share\interpreter\linkResolver.cpp, line 773]
Event: 0.368 Thread 0x000001637dad27f0 Exception <a 'java/lang/NoSuchMethodError'{0x0000000714d9d900}: 'int java.lang.invoke.DirectMethodHandle$Holder.invokeInterface(java.lang.Object, java.lang.Object)'> (0x0000000714d9d900) 
thrown [s\open\src\hotspot\share\interpreter\linkResolver.cpp, line 773]
Event: 0.368 Thread 0x000001637dad27f0 Exception <a 'java/lang/IncompatibleClassChangeError'{0x0000000714da0c18}: Found class java.lang.Object, but interface was expected> (0x0000000714da0c18) 
thrown [s\open\src\hotspot\share\interpreter\linkResolver.cpp, line 840]
Event: 0.421 Thread 0x000001637dad27f0 Exception <a 'java/lang/NoSuchMethodError'{0x0000000714a95d58}: 'int java.lang.invoke.DirectMethodHandle$Holder.invokeSpecial(java.lang.Object, java.lang.Object, java.lang.Object)'> (0x0000000714a95d58) 
thrown [s\open\src\hotspot\share\interpreter\linkResolver.cpp, line 773]
Event: 0.461 Thread 0x000001637dad27f0 Exception <a 'java/lang/NoSuchMethodError'{0x0000000714bddac8}: 'java.lang.Object java.lang.invoke.DirectMethodHandle$Holder.invokeStaticInit(java.lang.Object, java.lang.Object, java.lang.Object)'> (0x0000000714bddac8) 
thrown [s\open\src\hotspot\share\interpreter\linkResolver.cpp, line 773]
Event: 0.534 Thread 0x000001637dad27f0 Exception <a 'java/lang/NoSuchMethodError'{0x0000000714749728}: 'int java.lang.invoke.DirectMethodHandle$Holder.invokeSpecialIFC(java.lang.Object, java.lang.Object, java.lang.Object)'> (0x0000000714749728) 
thrown [s\open\src\hotspot\share\interpreter\linkResolver.cpp, line 773]
Event: 0.578 Thread 0x000001637dad27f0 Exception <a 'java/lang/NoSuchMethodError'{0x00000007147bb120}: 'java.lang.Object java.lang.invoke.DirectMethodHandle$Holder.invokeStaticInit(java.lang.Object, int, int, int, int)'> (0x00000007147bb120) 
thrown [s\open\src\hotspot\share\interpreter\linkResolver.cpp, line 773]
Event: 0.593 Thread 0x000001637dad27f0 Exception <a 'java/lang/NoSuchMethodError'{0x00000007147ea710}: 'java.lang.Object java.lang.invoke.DirectMethodHandle$Holder.invokeStaticInit(java.lang.Object, java.lang.Object, int, int, int, int)'> (0x00000007147ea710) 
thrown [s\open\src\hotspot\share\interpreter\linkResolver.cpp, line 773]

ZGC Phase Switch (0 events):
No events

VM Operations (10 events):
Event: 0.165 Executing VM operation: HandshakeAllThreads (Deoptimize)
Event: 0.165 Executing VM operation: HandshakeAllThreads (Deoptimize) done
Event: 0.328 Executing VM operation: HandshakeAllThreads (Deoptimize)
Event: 0.328 Executing VM operation: HandshakeAllThreads (Deoptimize) done
Event: 0.372 Executing VM operation: HandshakeAllThreads (Deoptimize)
Event: 0.372 Executing VM operation: HandshakeAllThreads (Deoptimize) done
Event: 0.373 Executing VM operation: HandshakeAllThreads (Deoptimize)
Event: 0.373 Executing VM operation: HandshakeAllThreads (Deoptimize) done
Event: 0.548 Executing VM operation: HandshakeAllThreads (Deoptimize)
Event: 0.548 Executing VM operation: HandshakeAllThreads (Deoptimize) done

Events (14 events):
Event: 0.035 Thread 0x000001637dad27f0 Thread added: 0x000001637dad27f0
Event: 0.054 Thread 0x0000016312d44a90 Thread added: 0x0000016312d44a90
Event: 0.055 Thread 0x0000016312d45c50 Thread added: 0x0000016312d45c50
Event: 0.055 Thread 0x0000016312d472d0 Thread added: 0x0000016312d472d0
Event: 0.055 Thread 0x0000016312d4b600 Thread added: 0x0000016312d4b600
Event: 0.055 Thread 0x0000016312d4d670 Thread added: 0x0000016312d4d670
Event: 0.055 Thread 0x0000016312d4e370 Thread added: 0x0000016312d4e370
Event: 0.055 Thread 0x0000016312d52cf0 Thread added: 0x0000016312d52cf0
Event: 0.157 Thread 0x0000016312d0dd10 Thread added: 0x0000016312d0dd10
Event: 0.165 Thread 0x00000163580d1b40 Thread added: 0x00000163580d1b40
Event: 0.167 Thread 0x00000163580d4200 Thread added: 0x00000163580d4200
Event: 0.325 Thread 0x0000016358627e70 Thread added: 0x0000016358627e70
Event: 0.325 Thread 0x00000163586284e0 Thread added: 0x00000163586284e0
Event: 0.493 Thread 0x0000016358746390 Thread added: 0x0000016358746390


Dynamic libraries:
0x00007ff75a370000 - 0x00007ff75a37e000 	C:\Users\Toshiba\.jdks\openjdk-21.0.2\bin\java.exe
0x00007ffeed290000 - 0x00007ffeed4a7000 	C:\Windows\SYSTEM32\ntdll.dll
0x00007ffeebc60000 - 0x00007ffeebd24000 	C:\Windows\System32\KERNEL32.DLL
0x00007ffeeaa70000 - 0x00007ffeeae2a000 	C:\Windows\System32\KERNELBASE.dll
0x00007ffeea570000 - 0x00007ffeea681000 	C:\Windows\System32\ucrtbase.dll
0x00007ffe93230000 - 0x00007ffe93248000 	C:\Users\Toshiba\.jdks\openjdk-21.0.2\bin\jli.dll
0x00007ffe93070000 - 0x00007ffe9308b000 	C:\Users\Toshiba\.jdks\openjdk-21.0.2\bin\VCRUNTIME140.dll
0x00007ffeec610000 - 0x00007ffeec7be000 	C:\Windows\System32\USER32.dll
0x00007ffeea690000 - 0x00007ffeea6b6000 	C:\Windows\System32\win32u.dll
0x00007ffeec2a0000 - 0x00007ffeec2c9000 	C:\Windows\System32\GDI32.dll
0x00007ffed2950000 - 0x00007ffed2be2000 	C:\Windows\WinSxS\amd64_microsoft.windows.common-controls_6595b64144ccf1df_6.0.22621.4541_none_2710d1c57384c085\COMCTL32.dll
0x00007ffeebec0000 - 0x00007ffeebf67000 	C:\Windows\System32\msvcrt.dll
0x00007ffeea760000 - 0x00007ffeea87b000 	C:\Windows\System32\gdi32full.dll
0x00007ffeea6c0000 - 0x00007ffeea75a000 	C:\Windows\System32\msvcp_win.dll
0x00007ffeebdd0000 - 0x00007ffeebe01000 	C:\Windows\System32\IMM32.DLL
0x00007ffec7070000 - 0x00007ffec707c000 	C:\Users\Toshiba\.jdks\openjdk-21.0.2\bin\vcruntime140_1.dll
0x00007ffe89a80000 - 0x00007ffe89b0e000 	C:\Users\Toshiba\.jdks\openjdk-21.0.2\bin\msvcp140.dll
0x00007ffe6cda0000 - 0x00007ffe6dab7000 	C:\Users\Toshiba\.jdks\openjdk-21.0.2\bin\server\jvm.dll
0x00007ffeebb20000 - 0x00007ffeebbd2000 	C:\Windows\System32\ADVAPI32.dll
0x00007ffeec1d0000 - 0x00007ffeec277000 	C:\Windows\System32\sechost.dll
0x00007ffeea880000 - 0x00007ffeea8a8000 	C:\Windows\System32\bcrypt.dll
0x00007ffeec0b0000 - 0x00007ffeec1c4000 	C:\Windows\System32\RPCRT4.dll
0x00007ffeeb0a0000 - 0x00007ffeeb111000 	C:\Windows\System32\WS2_32.dll
0x00007ffee93c0000 - 0x00007ffee940d000 	C:\Windows\SYSTEM32\POWRPROF.dll
0x00007ffee31c0000 - 0x00007ffee31f4000 	C:\Windows\SYSTEM32\WINMM.dll
0x00007ffee3150000 - 0x00007ffee315a000 	C:\Windows\SYSTEM32\VERSION.dll
0x00007ffee93a0000 - 0x00007ffee93b3000 	C:\Windows\SYSTEM32\UMPDC.dll
0x00007ffee95c0000 - 0x00007ffee95d8000 	C:\Windows\SYSTEM32\kernel.appcore.dll
0x00007ffec1910000 - 0x00007ffec191a000 	C:\Users\Toshiba\.jdks\openjdk-21.0.2\bin\jimage.dll
0x00007ffee7ff0000 - 0x00007ffee8222000 	C:\Windows\SYSTEM32\DBGHELP.DLL
0x00007ffeeb780000 - 0x00007ffeebb0f000 	C:\Windows\System32\combase.dll
0x00007ffeebf70000 - 0x00007ffeec047000 	C:\Windows\System32\OLEAUT32.dll
0x00007ffecd8a0000 - 0x00007ffecd8d2000 	C:\Windows\SYSTEM32\dbgcore.DLL
0x00007ffeea8b0000 - 0x00007ffeea92b000 	C:\Windows\System32\bcryptPrimitives.dll
0x00007ffedada0000 - 0x00007ffedadaf000 	C:\Users\Toshiba\.jdks\openjdk-21.0.2\bin\instrument.dll
0x00007ffe8f500000 - 0x00007ffe8f51f000 	C:\Users\Toshiba\.jdks\openjdk-21.0.2\bin\java.dll
0x00007ffeec7c0000 - 0x00007ffeed038000 	C:\Windows\System32\SHELL32.dll
0x00007ffee8470000 - 0x00007ffee8d78000 	C:\Windows\SYSTEM32\windows.storage.dll
0x00007ffee8330000 - 0x00007ffee846f000 	C:\Windows\SYSTEM32\wintypes.dll
0x00007ffeec510000 - 0x00007ffeec60a000 	C:\Windows\System32\SHCORE.dll
0x00007ffeed040000 - 0x00007ffeed09e000 	C:\Windows\System32\shlwapi.dll
0x00007ffeea4a0000 - 0x00007ffeea4cb000 	C:\Windows\SYSTEM32\profapi.dll
0x00007ffe88690000 - 0x00007ffe886a8000 	C:\Users\Toshiba\.jdks\openjdk-21.0.2\bin\zip.dll
0x00007ffeba5c0000 - 0x00007ffeba5d0000 	C:\Users\Toshiba\.jdks\openjdk-21.0.2\bin\net.dll
0x00007ffee4700000 - 0x00007ffee4836000 	C:\Windows\SYSTEM32\WINHTTP.dll
0x00007ffee9ad0000 - 0x00007ffee9b39000 	C:\Windows\system32\mswsock.dll
0x00007ffe89a30000 - 0x00007ffe89a46000 	C:\Users\Toshiba\.jdks\openjdk-21.0.2\bin\nio.dll
0x00007ffedad80000 - 0x00007ffedad9a000 	C:\Program Files\JetBrains\IntelliJ IDEA 2023.3.4\bin\breakgen64.dll
0x00007ffeb8050000 - 0x00007ffeb8059000 	C:\Users\Toshiba\.jdks\openjdk-21.0.2\bin\extnet.dll
0x00007ffee9080000 - 0x00007ffee9182000 	C:\Windows\SYSTEM32\DNSAPI.dll
0x00007ffee9050000 - 0x00007ffee907d000 	C:\Windows\SYSTEM32\IPHLPAPI.DLL
0x00007ffeec050000 - 0x00007ffeec059000 	C:\Windows\System32\NSI.dll
0x00007ffee3190000 - 0x00007ffee319a000 	C:\Windows\System32\rasadhlp.dll
0x00007ffee2f40000 - 0x00007ffee2fc3000 	C:\Windows\System32\fwpuclnt.dll
0x00007ffee2ec0000 - 0x00007ffee2eca000 	C:\Users\Toshiba\.jdks\openjdk-21.0.2\bin\management.dll
0x00007ffedadc0000 - 0x00007ffedadcb000 	C:\Users\Toshiba\.jdks\openjdk-21.0.2\bin\management_ext.dll
0x00007ffeeb770000 - 0x00007ffeeb778000 	C:\Windows\System32\PSAPI.DLL
0x00007ffee9e20000 - 0x00007ffee9e3b000 	C:\Windows\SYSTEM32\CRYPTSP.dll
0x00007ffee95e0000 - 0x00007ffee9615000 	C:\Windows\system32\rsaenh.dll
0x00007ffee9b70000 - 0x00007ffee9b98000 	C:\Windows\SYSTEM32\USERENV.dll
0x00007ffee9cd0000 - 0x00007ffee9cdc000 	C:\Windows\SYSTEM32\CRYPTBASE.dll

dbghelp: loaded successfully - version: 4.0.5 - missing functions: none
symbol engine: initialized successfully - sym options: 0x614 - pdb path: .;C:\Users\Toshiba\.jdks\openjdk-21.0.2\bin;C:\Windows\SYSTEM32;C:\Windows\WinSxS\amd64_microsoft.windows.common-controls_6595b64144ccf1df_6.0.22621.4541_none_2710d1c57384c085;C:\Users\Toshiba\.jdks\openjdk-21.0.2\bin\server;C:\Program Files\JetBrains\IntelliJ IDEA 2023.3.4\bin

VM Arguments:
jvm_args: -XX:TieredStopAtLevel=1 -Dspring.output.ansi.enabled=always -Dcom.sun.management.jmxremote -Dspring.jmx.enabled=true -Dspring.liveBeansView.mbeanDomain -Dspring.application.admin.enabled=true -Dmanagement.endpoints.jmx.exposure.include=* -javaagent:C:\Program Files\JetBrains\IntelliJ IDEA 2023.3.4\lib\idea_rt.jar=63942:C:\Program Files\JetBrains\IntelliJ IDEA 2023.3.4\bin -Dfile.encoding=UTF-8 -Dsun.stdout.encoding=UTF-8 -Dsun.stderr.encoding=UTF-8 
java_command: com.example.config_server.ConfigServerApplication
java_class_path (initial): C:\Users\Toshiba\Downloads\config-server\config-server\target\classes;C:\Users\Toshiba\.m2\repository\org\springframework\cloud\spring-cloud-config-server\4.1.3\spring-cloud-config-server-4.1.3.jar;C:\Users\Toshiba\.m2\repository\org\springframework\cloud\spring-cloud-config-client\4.1.3\spring-cloud-config-client-4.1.3.jar;C:\Users\Toshiba\.m2\repository\org\springframework\boot\spring-boot-autoconfigure\3.3.5\spring-boot-autoconfigure-3.3.5.jar;C:\Users\Toshiba\.m2\repository\org\springframework\cloud\spring-cloud-commons\4.1.4\spring-cloud-commons-4.1.4.jar;C:\Users\Toshiba\.m2\repository\org\springframework\cloud\spring-cloud-context\4.1.4\spring-cloud-context-4.1.4.jar;C:\Users\Toshiba\.m2\repository\org\springframework\spring-web\6.1.14\spring-web-6.1.14.jar;C:\Users\Toshiba\.m2\repository\org\springframework\spring-beans\6.1.14\spring-beans-6.1.14.jar;C:\Users\Toshiba\.m2\repository\com\fasterxml\jackson\core\jackson-annotations\2.17.2\jackson-annotations-2.17.2.jar;C:\Users\Toshiba\.m2\repository\com\fasterxml\jackson\core\jackson-databind\2.17.2\jackson-databind-2.17.2.jar;C:\Users\Toshiba\.m2\repository\io\micrometer\micrometer-observation\1.13.6\micrometer-observation-1.13.6.jar;C:\Users\Toshiba\.m2\repository\io\micrometer\micrometer-commons\1.13.6\micrometer-commons-1.13.6.jar;C:\Users\Toshiba\.m2\repository\org\springframework\boot\spring-boot-starter-web\3.3.5\spring-boot-starter-web-3.3.5.jar;C:\Users\Toshiba\.m2\repository\org\springframework\boot\spring-boot-starter-json\3.3.5\spring-boot-starter-json-3.3.5.jar;C:\Users\Toshiba\.m2\repository\com\fasterxml\jackson\datatype\jackson-datatype-jdk8\2.17.2\jackson-datatype-jdk8-2.17.2.jar;C:\Users\Toshiba\.m2\repository\com\fasterxml\jackson\datatype\jackson-datatype-jsr310\2.17.2\jackson-datatype-jsr310-2.17.2.jar;C:\Users\Toshiba\.m2\repository\com\fasterxml\jackson\module\jackson-module-parameter-names\2.17.2\jackson-module-parameter-names-2.17.2.jar;C:\Users\Toshiba\.m2\repository\org\springframework\boot\spring-boot-starter-tomcat\3.3.5\spring-boot-starter-tomcat-3.3.5.jar;C:\Users\Toshiba\.m2\repository\org\apache\tomcat\embed\tomcat-embed-core\10.1.31\tomcat-embed-core-10.1.31.jar;C:\Users\Toshiba\.m2\repository\org\apache\tomcat\embed\tomcat-embed-websocket\10.1.31\tomcat-embed-websocket-10.1.31.jar;C:\Users\Toshiba\.m2\repository\org\springframework\spring-webmvc\6.1.14\spring-webmvc-6.1.14.jar;C:\Users\Toshiba\.m2\repository\org\springframework\spring-aop\6.1.14\spring-aop-6.1.14.jar;C:\Users\Toshiba\.m2\repository\org\springframework\spring-context\6.1.14\spring-context-6.1.14.jar;C:\Users\Toshiba\.m2\repository\org\springframework\spring-expression\6.1.14\spring-expression-6.1.14.jar;C:\Users\Toshiba\.m2\repository\org\springframework\boot\spring-boot-starter-validation\3.3.5\spring-boot-starter-validation-3.3.5.jar;C:\Users\Toshiba\.m2\repository\org\apache\tomcat\embed\tomcat-embed-el\10.1.31\tomcat-embed-el-10.1.31.jar;C:\Users\Toshiba\.m2\repository\org\hibernate\validator\hibernate-validator\8.0.1.Final\hibernate-validator-8.0.1.Final.jar;C:\Users\Toshiba\.m2\repository\jakarta\validation\jakarta.validation-api\3.0.2\jakarta.validation-api-3.0.2.jar;C:\Users\Toshiba\.m2\repository\org\jboss\logging\jboss-logging\3.5.3.Final\jboss-logging-3.5.3.Final.jar;C:\Users\Toshiba\.m2\repository\com\fasterxml\classmate\1.7.0\classmate-1.7.0.jar;C:\Users\Toshiba\.m2\repository\org\springframework\security\spring-security-crypto\6.3.4\spring-security-crypto-6.3.4.jar;C:\Users\Toshiba\.m2\repository\org\springframework\security\spring-security-rsa\1.1.3\spring-security-rsa-1.1.3.jar;C:\Users\Toshiba\.m2\repository\org\bouncycastle\bcprov-jdk18on\1.78\bcprov-jdk18on-1.78.jar;C:\Users\Toshiba\.m2\repository\org\apache\httpcomponents\client5\httpclient5\5.3.1\httpclient5-5.3.1.jar;C:\Users\Toshiba\.m2\repository\org\apache\httpcomponents\core5\httpcore5\5.2.5\httpcore5-5.2.5.jar;C:\Users\Toshiba\.m2\repository\org\apache\httpcomponents\core5\httpcore5-h2\5.2.5\httpcore5-h2-5.2.5.jar;C:\Users\Toshiba\.m2\repository\org\slf4j\slf4j-api\2.0.16\slf4j-api-2.0.16.jar;C:\Users\Toshiba\.m2\repository\org\eclipse\jgit\org.eclipse.jgit\6.6.1.202309021850-r\org.eclipse.jgit-6.6.1.202309021850-r.jar;C:\Users\Toshiba\.m2\repository\com\googlecode\javaewah\JavaEWAH\1.2.3\JavaEWAH-1.2.3.jar;C:\Users\Toshiba\.m2\repository\org\eclipse\jgit\org.eclipse.jgit.http.apache\6.6.1.202309021850-r\org.eclipse.jgit.http.apache-6.6.1.202309021850-r.jar;C:\Users\Toshiba\.m2\repository\org\apache\httpcomponents\httpclient\4.5.14\httpclient-4.5.14.jar;C:\Users\Toshiba\.m2\repository\commons-logging\commons-logging\1.2\commons-logging-1.2.jar;C:\Users\Toshiba\.m2\repository\commons-codec\commons-codec\1.16.1\commons-codec-1.16.1.jar;C:\Users\Toshiba\.m2\repository\org\apache\httpcomponents\httpcore\4.4.16\httpcore-4.4.16.jar;C:\Users\Toshiba\.m2\repository\org\eclipse\jgit\org.eclipse.jgit.ssh.apache\6.6.1.202309021850-r\org.eclipse.jgit.ssh.apache-6.6.1.202309021850-r.jar;C:\Users\Toshiba\.m2\repository\org\apache\sshd\sshd-osgi\2.10.0\sshd-osgi-2.10.0.jar;C:\Users\Toshiba\.m2\repository\org\slf4j\jcl-over-slf4j\2.0.16\jcl-over-slf4j-2.0.16.jar;C:\Users\Toshiba\.m2\repository\org\apache\sshd\sshd-sftp\2.10.0\sshd-sftp-2.10.0.jar;C:\Users\Toshiba\.m2\repository\net\i2p\crypto\eddsa\0.3.0\eddsa-0.3.0.jar;C:\Users\Toshiba\.m2\repository\org\yaml\snakeyaml\2.2\snakeyaml-2.2.jar;C:\Users\Toshiba\.m2\repository\com\fasterxml\jackson\dataformat\jackson-dataformat-yaml\2.17.2\jackson-dataformat-yaml-2.17.2.jar;C:\Users\Toshiba\.m2\repository\com\fasterxml\jackson\core\jackson-core\2.17.2\jackson-core-2.17.2.jar;C:\Users\Toshiba\.m2\repository\org\springframework\cloud\spring-cloud-starter-netflix-eureka-client\4.1.3\spring-cloud-starter-netflix-eureka-client-4.1.3.jar;C:\Users\Toshiba\.m2\repository\org\springframework\cloud\spring-cloud-starter\4.1.4\spring-cloud-starter-4.1.4.jar;C:\Users\Toshiba\.m2\repository\org\springframework\cloud\spring-cloud-netflix-eureka-client\4.1.3\spring-cloud-netflix-eureka-client-4.1.3.jar;C:\Users\Toshiba\.m2\repository\com\netflix\eureka\eureka-client\2.0.3\eureka-client-2.0.3.jar;C:\Users\Toshiba\.m2\repository\com\thoughtworks\xstream\xstream\1.4.20\xstream-1.4.20.jar;C:\Users\Toshiba\.m2\repository\io\github\x-stream\mxparser\1.2.2\mxparser-1.2.2.jar;C:\Users\Toshiba\.m2\repository\xmlpull\xmlpull\1.1.3.1\xmlpull-1.1.3.1.jar;C:\Users\Toshiba\.m2\repository\jakarta\ws\rs\jakarta.ws.rs-api\3.1.0\jakarta.ws.rs-api-3.1.0.jar;C:\Users\Toshiba\.m2\repository\jakarta\inject\jakarta.inject-api\2.0.1\jakarta.inject-api-2.0.1.jar;C:\Users\Toshiba\.m2\repository\jakarta\annotation\jakarta.annotation-api\2.1.1\jakarta.annotation-api-2.1.1.jar;C:\Users\Toshiba\.m2\repository\com\netflix\spectator\spectator-api\1.7.3\spectator-api-1.7.3.jar;C:\Users\Toshiba\.m2\repository\commons-configuration\commons-configuration\1.10\commons-configuration-1.10.jar;C:\Users\Toshiba\.m2\repository\commons-lang\commons-lang\2.6\commons-lang-2.6.jar;C:\Users\Toshiba\.m2\repository\com\netflix\netflix-commons\netflix-eventbus\0.3.0\netflix-eventbus-0.3.0.jar;C:\Users\Toshiba\.m2\repository\com\netflix\netflix-commons\netflix-infix\0.3.0\netflix-infix-0.3.0.jar;C:\Users\Toshiba\.m2\repository\commons-jxpath\commons-jxpath\1.3\commons-jxpath-1.3.jar;C:\Users\Toshiba\.m2\repository\joda-time\joda-time\2.3\joda-time-2.3.jar;C:\Users\Toshiba\.m2\repository\org\antlr\antlr-runtime\3.4\antlr-runtime-3.4.jar;C:\Users\Toshiba\.m2\repository\org\antlr\stringtemplate\3.2.1\stringtemplate-3.2.1.jar;C:\Users\Toshiba\.m2\repository\antlr\antlr\2.7.7\antlr-2.7.7.jar;C:\Users\Toshiba\.m2\repository\com\google\code\gson\gson\2.10.1\gson-2.10.1.jar;C:\Users\Toshiba\.m2\repository\com\netflix\servo\servo-core\0.5.3\servo-core-0.5.3.jar;C:\Users\Toshiba\.m2\repository\org\apache\commons\commons-math\2.2\commons-math-2.2.jar;C:\Users\Toshiba\.m2\repository\javax\annotation\javax.annotation-api\1.2\javax.annotation-api-1.2.jar;C:\Users\Toshiba\.m2\repository\org\codehaus\jettison\jettison\1.5.4\jettison-1.5.4.jar;C:\Users\Toshiba\.m2\repository\com\netflix\eureka\eureka-core\2.0.3\eureka-core-2.0.3.jar;C:\Users\Toshiba\.m2\repository\com\fasterxml\woodstox\woodstox-core\6.2.1\woodstox-core-6.2.1.jar;C:\Users\Toshiba\.m2\repository\org\codehaus\woodstox\stax2-api\4.2.1\stax2-api-4.2.1.jar;C:\Users\Toshiba\.m2\repository\com\google\guava\guava\33.0.0-jre\guava-33.0.0-jre.jar;C:\Users\Toshiba\.m2\repository\com\google\guava\failureaccess\1.0.2\failureaccess-1.0.2.jar;C:\Users\Toshiba\.m2\repository\com\google\guava\listenablefuture\9999.0-empty-to-avoid-conflict-with-guava\listenablefuture-9999.0-empty-to-avoid-conflict-with-guava.jar;C:\Users\Toshiba\.m2\repository\org\checkerframework\checker-qual\3.41.0\checker-qual-3.41.0.jar;C:\Users\Toshiba\.m2\repository\com\google\errorprone\error_prone_annotations\2.23.0\error_prone_annotations-2.23.0.jar;C:\Users\Toshiba\.m2\repository\com\google\j2objc\j2objc-annotations\2.8\j2objc-annotations-2.8.jar;C:\Users\Toshiba\.m2\repository\org\springframework\cloud\spring-cloud-starter-loadbalancer\4.1.4\spring-cloud-starter-loadbalancer-4.1.4.jar;C:\Users\Toshiba\.m2\repository\org\springframework\cloud\spring-cloud-loadbalancer\4.1.4\spring-cloud-loadbalancer-4.1.4.jar;C:\Users\Toshiba\.m2\repository\io\projectreactor\reactor-core\3.6.11\reactor-core-3.6.11.jar;C:\Users\Toshiba\.m2\repository\org\reactivestreams\reactive-streams\1.0.4\reactive-streams-1.0.4.jar;C:\Users\Toshiba\.m2\repository\io\projectreactor\addons\reactor-extra\3.5.2\reactor-extra-3.5.2.jar;C:\Users\Toshiba\.m2\repository\org\springframework\boot\spring-boot-starter-cache\3.3.5\spring-boot-starter-cache-3.3.5.jar;C:\Users\Toshiba\.m2\repository\org\springframework\spring-context-support\6.1.14\spring-context-support-6.1.14.jar;C:\Users\Toshiba\.m2\repository\com\stoyanr\evictor\1.0.0\evictor-1.0.0.jar;C:\Users\Toshiba\.m2\repository\org\springframework\boot\spring-boot-starter\3.3.5\spring-boot-starter-3.3.5.jar;C:\Users\Toshiba\.m2\repository\org\springframework\boot\spring-boot\3.3.5\spring-boot-3.3.5.jar;C:\Users\Toshiba\.m2\repository\org\springframework\boot\spring-boot-starter-logging\3.3.5\spring-boot-starter-logging-3.3.5.jar;C:\Users\Toshiba\.m2\repository\ch\qos\logback\logback-classic\1.5.11\logback-classic-1.5.11.jar;C:\Users\Toshiba\.m2\repository\ch\qos\logback\logback-core\1.5.11\logback-core-1.5.11.jar;C:\Users\Toshiba\.m2\repository\org\apache\logging\log4j\log4j-to-slf4j\2.23.1\log4j-to-slf4j-2.23.1.jar;C:\Users\Toshiba\.m2\repository\org\apache\logging\log4j\log4j-api\2.23.1\log4j-api-2.23.1.jar;C:\Users\Toshiba\.m2\repository\org\slf4j\jul-to-slf4j\2.0.16\jul-to-slf4j-2.0.16.jar;C:\Users\Toshiba\.m2\repository\org\springframework\spring-core\6.1.14\spring-core-6.1.14.jar;C:\Users\Toshiba\.m2\repository\org\springframework\spring-jcl\6.1.14\spring-jcl-6.1.14.jar
Launcher Type: SUN_STANDARD

[Global flags]
     intx CICompilerCount                          = 4                                         {product} {ergonomic}
     uint ConcGCThreads                            = 2                                         {product} {ergonomic}
     uint G1ConcRefinementThreads                  = 8                                         {product} {ergonomic}
   size_t G1HeapRegionSize                         = 2097152                                   {product} {ergonomic}
    uintx GCDrainStackTargetSize                   = 64                                        {product} {ergonomic}
   size_t InitialHeapSize                          = 264241152                                 {product} {ergonomic}
     bool ManagementServer                         = true                                      {product} {command line}
   size_t MarkStackSize                            = 4194304                                   {product} {ergonomic}
   size_t MaxHeapSize                              = 4198498304                                {product} {ergonomic}
   size_t MaxNewSize                               = 2518679552                                {product} {ergonomic}
   size_t MinHeapDeltaBytes                        = 2097152                                   {product} {ergonomic}
   size_t MinHeapSize                              = 8388608                                   {product} {ergonomic}
    uintx NonNMethodCodeHeapSize                   = 4096                                   {pd product} {ergonomic}
    uintx NonProfiledCodeHeapSize                  = 0                                      {pd product} {ergonomic}
     bool ProfileInterpreter                       = false                                  {pd product} {command line}
    uintx ProfiledCodeHeapSize                     = 0                                      {pd product} {ergonomic}
   size_t SoftMaxHeapSize                          = 4198498304                             {manageable} {ergonomic}
     intx TieredStopAtLevel                        = 1                                         {product} {command line}
     bool UseCompressedOops                        = true                           {product lp64_product} {ergonomic}
     bool UseG1GC                                  = true                                      {product} {ergonomic}
     bool UseLargePagesIndividualAllocation        = false                                  {pd product} {ergonomic}

Logging:
Log output configuration:
 #0: stdout all=warning uptime,level,tags foldmultilines=false
 #1: stderr all=off uptime,level,tags foldmultilines=false

Environment Variables:
JAVA_HOME=C:\Program Files\Java\jdk-17
PATH=C:\Program Files\Microsoft SDKs\Azure\CLI2\wbin;C:\Program Files\Microsoft MPI\Bin\;C:\Users\Toshiba\Downloads\WINDOWS.X64_193000_db_home\bin;C:\Program Files\Common Files\Oracle\Java\javapath;C:\Windows\system32;C:\Windows;C:\Windows\System32\Wbem;C:\Windows\System32\WindowsPowerShell\v1.0\;C:\Windows\System32\OpenSSH\;C:\Program Files\Microsoft SQL Server\Client SDK\ODBC\170\Tools\Binn\;C:\Users\Toshiba\Downloads\win_flex_bison-latest;C:\MinGW\bin;C:\Users\Toshiba\Downloads\jdk-17_windows-x64_bin\jdk-17.0.9\bin;C:\Program Files (x86)\Microsoft SQL Server\160\DTS\Binn\;C:\Program Files (x86)\Microsoft SQL Server\160\Tools\Binn\;C:\Program Files\Microsoft SQL Server\160\Tools\Binn\;C:\Program Files\Microsoft SQL Server\160\DTS\Binn\;C:\Program Files\Azure Data Studio\bin;C:\Program Files (x86)\Microsoft SQL Server\150\Tools\Binn\;C:\Program Files\Microsoft SQL Server\150\Tools\Binn\;C:\Program Files\Microsoft SQL Server\150\DTS\Binn\;C:\Program Files\Microsoft SQL Server\Client SDK\ODBC\130\Tools\Binn\;C:\Program Files (x86)\Microsoft SQL Server\140\Tools\Binn\;C:\Program Files\Microsoft SQL Server\140\Tools\Binn\;C:\Program Files\Microsoft SQL Server\140\DTS\Binn\;C:\Program Files (x86)\Bitvise SSH Client;C:\Program Files\Docker\Docker\resources\bin;C:\Program Files\Git\cmd;C:\MinGW\bin;C:\xampp\php;C:\composer;C:\Program Files\MongoDB\Server\7.0\bin;C:\Program Files\nodejs\;C:\Users\Toshiba\Downloads\apache-maven-3.9.9-bin\apache-maven-3.9.9\bin;C:\Users\Toshiba\Downloads\flutter_windows_3.24.3-stable\flutter\bin;C:\Users\Toshiba\AppData\Local\Pub\Cache\bin;C:\Users\Toshiba\AppData\Local\Programs\Python\Launcher\;C:\Program Files\MySQL\MySQL Shell 8.0\bin\;C:\Users\Toshiba\AppData\Local\Microsoft\WindowsApps;C:\Users\Toshiba\AppData\Local\Programs\Microsoft VS Code\bin;C:\Program Files\Java\jdk-21\bin;C:\Users\Toshiba\Downloads\win_flex_bison-latest;C:\MinGW\bin;C:\Users\Toshiba\Downloads\jdk-17_windows-x64_bin\jdk-17.0.9\bin;C:\Program Files\Azure Data Studio\bin;C:\Program Files\Azure Data Studio\bin;C:\Program Files\Azure Data Studio\bin;C:\Program Files\Git\cmd\;C:\Program Files\Git\bin\;C:\Program Files\JetBrains\IntelliJ IDEA 2023.3.4\bin;;C:\Users\Toshiba\AppData\Local\GitHubDesktop\bin;C:\Users\Toshiba\AppData\Local\Programs\Python\Python312;C:\Users\Toshiba\AppData\Local\Programs\Python\Python312\Scripts;C:\Users\Toshiba\AppData\Local\Programs\Python\Python312\Scripts;C:\Users\Toshiba\AppData\Roaming\Composer\vendor\bin;C:\Program Files\MongoDB\Server\7.0\bin;C:\Users\Toshiba\AppData\Roaming\npm;C:\Users\Toshiba\Downloads\apache-maven-3.9.9-bin\apache-maven-3.9.9\bin;C:\Users\Toshiba\Downloads\flutter_windows_3.24.3-stable\flutter\bin;C:\Users\Toshiba\AppData\Local\Pub\Cache\bin;
USERNAME=Toshiba
OS=Windows_NT
PROCESSOR_IDENTIFIER=Intel64 Family 6 Model 140 Stepping 1, GenuineIntel
TMP=C:\Users\Toshiba\AppData\Local\Temp
TEMP=C:\Users\Toshiba\AppData\Local\Temp




Periodic native trim disabled

---------------  S Y S T E M  ---------------

OS:
 Windows 11 , 64 bit Build 22621 (10.0.22621.4391)
OS uptime: 13 days 3:25 hours
Hyper-V role detected

CPU: total 8 (initial active 8) (4 cores per cpu, 2 threads per core) family 6 model 140 stepping 1 microcode 0xa6, cx8, cmov, fxsr, ht, mmx, 3dnowpref, sse, sse2, sse3, ssse3, sse4.1, sse4.2, popcnt, lzcnt, tsc, tscinvbit, avx, avx2, aes, erms, clmul, bmi1, bmi2, adx, avx512f, avx512dq, avx512cd, avx512bw, avx512vl, sha, fma, vzeroupper, avx512_vpopcntdq, avx512_vpclmulqdq, avx512_vaes, avx512_vnni, clflush, clflushopt, clwb, avx512_vbmi2, avx512_vbmi, hv, rdtscp, rdpid, fsrm, gfni, avx512_bitalg, f16c, cet_ibt, cet_ss, avx512_ifma
Processor Information for processor 0
  Max Mhz: 2803, Current Mhz: 2803, Mhz Limit: 2803
Processor Information for processor 1
  Max Mhz: 2803, Current Mhz: 1201, Mhz Limit: 2803
Processor Information for processor 2
  Max Mhz: 2803, Current Mhz: 2803, Mhz Limit: 2803
Processor Information for processor 3
  Max Mhz: 2803, Current Mhz: 2803, Mhz Limit: 2803
Processor Information for processor 4
  Max Mhz: 2803, Current Mhz: 2803, Mhz Limit: 2803
Processor Information for processor 5
  Max Mhz: 2803, Current Mhz: 1201, Mhz Limit: 2803
Processor Information for processor 6
  Max Mhz: 2803, Current Mhz: 1201, Mhz Limit: 2803
Processor Information for processor 7
  Max Mhz: 2803, Current Mhz: 2803, Mhz Limit: 2803

Memory: 4k page, system-wide physical 16013M (2372M free)
TotalPageFile size 22476M (AvailPageFile size 2M)
current process WorkingSet (physical memory assigned to process): 61M, peak: 61M
current process commit charge ("private bytes"): 343M, peak: 343M

vm_info: OpenJDK 64-Bit Server VM (21.0.2+13-58) for windows-amd64 JRE (21.0.2+13-58), built on 2024-01-05T18:32:24Z by "mach5one" with MS VC++ 17.1 (VS2022)

END.
