#
# There is insufficient memory for the Java Runtime Environment to continue.
# Native memory allocation (mmap) failed to map 65536 bytes for Failed to commit metaspace.
# Possible reasons:
#   The system is out of physical RAM or swap space
#   The process is running with CompressedOops enabled, and the Java Heap may be blocking the growth of the native heap
# Possible solutions:
#   Reduce memory load on the system
#   Increase physical memory or swap space
#   Check if swap backing store is full
#   Decrease Java heap size (-Xmx/-Xms)
#   Decrease number of Java threads
#   Decrease Java thread stack sizes (-Xss)
#   Set larger code cache with -XX:ReservedCodeCacheSize=
#   JVM is running with Zero Based Compressed Oops mode in which the Java heap is
#     placed in the first 32GB address space. The Java Heap base address is the
#     maximum limit for the native heap growth. Please use -XX:HeapBaseMinAddress
#     to set the Java Heap base and to place the Java Heap above 32GB virtual address.
# This output file may be truncated or incomplete.
#
#  Out of Memory Error (virtualSpaceNode.cpp:112), pid=7316, tid=18992
#
# JRE version: OpenJDK Runtime Environment (21.0.2+13) (build 21.0.2+13-58)
# Java VM: OpenJDK 64-Bit Server VM (21.0.2+13-58, mixed mode, emulated-client, sharing, tiered, compressed oops, compressed class ptrs, g1 gc, windows-amd64)
# No core dump will be written. Minidumps are not enabled by default on client versions of Windows
#

---------------  S U M M A R Y ------------

Command Line: -XX:TieredStopAtLevel=1 -Dspring.output.ansi.enabled=always -Dcom.sun.management.jmxremote -Dspring.jmx.enabled=true -Dspring.liveBeansView.mbeanDomain -Dspring.application.admin.enabled=true -Dmanagement.endpoints.jmx.exposure.include=* -javaagent:C:\Program Files\JetBrains\IntelliJ IDEA 2023.3.4\lib\idea_rt.jar=64617:C:\Program Files\JetBrains\IntelliJ IDEA 2023.3.4\bin -Dfile.encoding=UTF-8 -Dsun.stdout.encoding=UTF-8 -Dsun.stderr.encoding=UTF-8 com.mproduits.eurekaServer.EurekaServerApplication

Host: 11th Gen Intel(R) Core(TM) i7-1165G7 @ 2.80GHz, 8 cores, 15G,  Windows 11 , 64 bit Build 22621 (10.0.22621.4391)
Time: Fri Dec 13 15:47:57 2024 Maroc (heure d64 bit Build 22621 (10.0.22621.4391) elapsed time: 8.208824 seconds (0d 0h 0m 8s)

---------------  T H R E A D  ---------------

Current thread (0x00000203a7131fd0):  JavaThread "main"             [_thread_in_vm, id=18992, stack(0x000000fa49b00000,0x000000fa49c00000) (1024K)]

Stack: [0x000000fa49b00000,0x000000fa49c00000]
Native frames: (J=compiled Java code, j=interpreted, Vv=VM code, C=native code)
V  [jvm.dll+0x6cade9]
V  [jvm.dll+0x8569c1]
V  [jvm.dll+0x858d2e]
V  [jvm.dll+0x859413]
V  [jvm.dll+0x280e56]
V  [jvm.dll+0x8526ee]
V  [jvm.dll+0x66e705]
V  [jvm.dll+0x1e68cc]
V  [jvm.dll+0x1e669e]
V  [jvm.dll+0x67104c]
V  [jvm.dll+0x670e62]
V  [jvm.dll+0x66f0de]
V  [jvm.dll+0x26c6d6]
V  [jvm.dll+0x218617]
V  [jvm.dll+0x20dd9e]
V  [jvm.dll+0x5ad3dc]
V  [jvm.dll+0x7cf74d]
V  [jvm.dll+0x4709da]
V  [jvm.dll+0x483de6]
C  [java.dll+0x1657]

Java frames: (J=compiled Java code, j=interpreted, Vv=VM code)
J 1666  java.lang.ClassLoader.defineClass0(Ljava/lang/ClassLoader;Ljava/lang/Class;Ljava/lang/String;[BIILjava/security/ProtectionDomain;ZILjava/lang/Object;)Ljava/lang/Class; java.base@21.0.2 (0 bytes) @ 0x00000203afae08bc [0x00000203afae07c0+0x00000000000000fc]
J 1665 c1 java.lang.System$2.defineClass(Ljava/lang/ClassLoader;Ljava/lang/Class;Ljava/lang/String;[BLjava/security/ProtectionDomain;ZILjava/lang/Object;)Ljava/lang/Class; java.base@21.0.2 (21 bytes) @ 0x00000203afae2c3c [0x00000203afae2bc0+0x000000000000007c]
J 1664 c1 java.lang.invoke.MethodHandles$Lookup$ClassDefiner.defineClass(ZLjava/lang/Object;)Ljava/lang/Class; java.base@21.0.2 (213 bytes) @ 0x00000203afae31b4 [0x00000203afae2fa0+0x0000000000000214]
j  java.lang.invoke.InvokerBytecodeGenerator.loadMethod([B)Ljava/lang/invoke/MemberName;+22 java.base@21.0.2
J 1922 c1 java.lang.invoke.LambdaForm.compileToBytecode()V java.base@21.0.2 (164 bytes) @ 0x00000203afb4223c [0x00000203afb420a0+0x000000000000019c]
J 531 c1 java.lang.invoke.LambdaForm.prepare()V java.base@21.0.2 (108 bytes) @ 0x00000203af80361c [0x00000203af8035a0+0x000000000000007c]
J 530 c1 java.lang.invoke.MethodHandle.<init>(Ljava/lang/invoke/MethodType;Ljava/lang/invoke/LambdaForm;)V java.base@21.0.2 (37 bytes) @ 0x00000203af802bb4 [0x00000203af802ae0+0x00000000000000d4]
J 1005 c1 java.lang.invoke.BoundMethodHandle.<init>(Ljava/lang/invoke/MethodType;Ljava/lang/invoke/LambdaForm;)V java.base@21.0.2 (32 bytes) @ 0x00000203af9c6f1c [0x00000203af9c6ec0+0x000000000000005c]
j  java.lang.invoke.BoundMethodHandle$Species_LLL.<init>(Ljava/lang/invoke/MethodType;Ljava/lang/invoke/LambdaForm;Ljava/lang/Object;Ljava/lang/Object;Ljava/lang/Object;)V+3 java.base@21.0.2
j  java.lang.invoke.BoundMethodHandle$Species_LLL.make(Ljava/lang/invoke/MethodType;Ljava/lang/invoke/LambdaForm;Ljava/lang/Object;Ljava/lang/Object;Ljava/lang/Object;)Ljava/lang/invoke/BoundMethodHandle;+10 java.base@21.0.2
J 4144 c1 java.lang.invoke.DirectMethodHandle$Holder.invokeStatic(Ljava/lang/Object;Ljava/lang/Object;Ljava/lang/Object;Ljava/lang/Object;Ljava/lang/Object;Ljava/lang/Object;)Ljava/lang/Object; java.base@21.0.2 (22 bytes) @ 0x00000203afeedb2c [0x00000203afeedac0+0x000000000000006c]
j  java.lang.invoke.BoundMethodHandle$Species_LL.copyWithExtendL(Ljava/lang/invoke/MethodType;Ljava/lang/invoke/LambdaForm;Ljava/lang/Object;)Ljava/lang/invoke/BoundMethodHandle;+18 java.base@21.0.2
J 1945 c1 java.lang.invoke.MethodHandleImpl.makePairwiseConvertByEditor(Ljava/lang/invoke/MethodHandle;Ljava/lang/invoke/MethodType;ZZ)Ljava/lang/invoke/MethodHandle; java.base@21.0.2 (617 bytes) @ 0x00000203afb571d4 [0x00000203afb55e40+0x0000000000001394]
J 1539 c1 java.lang.invoke.MethodHandle.asTypeUncached(Ljava/lang/invoke/MethodType;)Ljava/lang/invoke/MethodHandle; java.base@21.0.2 (54 bytes) @ 0x00000203afaae524 [0x00000203afaae360+0x00000000000001c4]
J 1513 c1 java.lang.invoke.MethodHandle.asType(Ljava/lang/invoke/MethodType;)Ljava/lang/invoke/MethodHandle; java.base@21.0.2 (32 bytes) @ 0x00000203afaa5a4c [0x00000203afaa59a0+0x00000000000000ac]
j  jdk.internal.reflect.MethodHandleAccessorFactory.makeSpecializedTarget(Ljava/lang/invoke/MethodHandle;ZZ)Ljava/lang/invoke/MethodHandle;+93 java.base@21.0.2
j  jdk.internal.reflect.MethodHandleAccessorFactory.getDirectMethod(Ljava/lang/reflect/Method;Z)Ljava/lang/invoke/MethodHandle;+79 java.base@21.0.2
j  jdk.internal.reflect.MethodHandleAccessorFactory.newMethodAccessor(Ljava/lang/reflect/Method;Z)Ljdk/internal/reflect/MethodAccessorImpl;+41 java.base@21.0.2
j  jdk.internal.reflect.ReflectionFactory.newMethodAccessor(Ljava/lang/reflect/Method;Z)Ljdk/internal/reflect/MethodAccessor;+28 java.base@21.0.2
j  java.lang.reflect.Method.acquireMethodAccessor()Ljdk/internal/reflect/MethodAccessor;+38 java.base@21.0.2
j  java.lang.reflect.Method.invoke(Ljava/lang/Object;[Ljava/lang/Object;)Ljava/lang/Object;+75 java.base@21.0.2
j  org.apache.tomcat.util.IntrospectionUtils.getProperty(Ljava/lang/Object;Ljava/lang/String;)Ljava/lang/Object;+131
j  org.apache.catalina.connector.Connector.getProperty(Ljava/lang/String;)Ljava/lang/Object;+14
j  org.apache.catalina.core.ApplicationContext.populateSessionTrackingModes()V+94
j  org.apache.catalina.core.ApplicationContext.<init>(Lorg/apache/catalina/core/StandardContext;)V+119
j  org.apache.catalina.core.StandardContext.getServletContext()Ljakarta/servlet/ServletContext;+13
j  org.apache.catalina.core.StandardContext.postWorkDirectory()V+353
j  org.apache.catalina.core.StandardContext.startInternal()V+87
j  org.apache.catalina.util.LifecycleBase.start()V+210
j  org.apache.catalina.core.ContainerBase$StartChild.call()Ljava/lang/Void;+4
j  org.apache.catalina.core.ContainerBase$StartChild.call()Ljava/lang/Object;+1
j  java.util.concurrent.FutureTask.run()V+39 java.base@21.0.2
j  org.apache.tomcat.util.threads.InlineExecutorService.execute(Ljava/lang/Runnable;)V+38
j  java.util.concurrent.AbstractExecutorService.submit(Ljava/util/concurrent/Callable;)Ljava/util/concurrent/Future;+20 java.base@21.0.2
j  org.apache.catalina.core.ContainerBase.startInternal()V+116
j  org.apache.catalina.core.StandardHost.startInternal()V+179
j  org.apache.catalina.util.LifecycleBase.start()V+210
j  org.apache.catalina.core.ContainerBase$StartChild.call()Ljava/lang/Void;+4
j  org.apache.catalina.core.ContainerBase$StartChild.call()Ljava/lang/Object;+1
j  java.util.concurrent.FutureTask.run()V+39 java.base@21.0.2
j  org.apache.tomcat.util.threads.InlineExecutorService.execute(Ljava/lang/Runnable;)V+38
j  java.util.concurrent.AbstractExecutorService.submit(Ljava/util/concurrent/Callable;)Ljava/util/concurrent/Future;+20 java.base@21.0.2
j  org.apache.catalina.core.ContainerBase.startInternal()V+116
j  org.apache.catalina.core.StandardEngine.startInternal()V+38
j  org.apache.catalina.util.LifecycleBase.start()V+210
j  org.apache.catalina.core.StandardService.startInternal()V+57
j  org.apache.catalina.util.LifecycleBase.start()V+210
j  org.apache.catalina.core.StandardServer.startInternal()V+84
j  org.apache.catalina.util.LifecycleBase.start()V+210
j  org.apache.catalina.startup.Tomcat.start()V+9
j  org.springframework.boot.web.embedded.tomcat.TomcatWebServer.initialize()V+55
j  org.springframework.boot.web.embedded.tomcat.TomcatWebServer.<init>(Lorg/apache/catalina/startup/Tomcat;ZLorg/springframework/boot/web/server/Shutdown;)V+66
j  org.springframework.boot.web.embedded.tomcat.TomcatServletWebServerFactory.getTomcatWebServer(Lorg/apache/catalina/startup/Tomcat;)Lorg/springframework/boot/web/embedded/tomcat/TomcatWebServer;+21
j  org.springframework.boot.web.embedded.tomcat.TomcatServletWebServerFactory.getWebServer([Lorg/springframework/boot/web/servlet/ServletContextInitializer;)Lorg/springframework/boot/web/server/WebServer;+226
j  org.springframework.boot.web.servlet.context.ServletWebServerApplicationContext.createWebServer()V+67
j  org.springframework.boot.web.servlet.context.ServletWebServerApplicationContext.onRefresh()V+5
j  org.springframework.context.support.AbstractApplicationContext.refresh()V+85
j  org.springframework.boot.web.servlet.context.ServletWebServerApplicationContext.refresh()V+1
j  org.springframework.boot.SpringApplication.refresh(Lorg/springframework/context/ConfigurableApplicationContext;)V+1
j  org.springframework.boot.SpringApplication.refreshContext(Lorg/springframework/context/ConfigurableApplicationContext;)V+16
j  org.springframework.boot.SpringApplication.run([Ljava/lang/String;)Lorg/springframework/context/ConfigurableApplicationContext;+110
j  org.springframework.boot.SpringApplication.run([Ljava/lang/Class;[Ljava/lang/String;)Lorg/springframework/context/ConfigurableApplicationContext;+9
j  org.springframework.boot.SpringApplication.run(Ljava/lang/Class;[Ljava/lang/String;)Lorg/springframework/context/ConfigurableApplicationContext;+9
j  com.mproduits.eurekaServer.EurekaServerApplication.main([Ljava/lang/String;)V+3
v  ~StubRoutines::call_stub 0x00000203af5710e7

Compiled method (n/a)    8222 1666     n 0       java.lang.ClassLoader::defineClass0 (native)
 total in heap  [0x00000203afae0610,0x00000203afae0da0] = 1936
 relocation     [0x00000203afae0770,0x00000203afae07b0] = 64
 main code      [0x00000203afae07c0,0x00000203afae0d9a] = 1498
 stub code      [0x00000203afae0d9a,0x00000203afae0da0] = 6

[Constant Pool (empty)]

[MachCode]
[Entry Point]
  # {method} {0x00000203ba43b2c8} 'defineClass0' '(Ljava/lang/ClassLoader;Ljava/lang/Class;Ljava/lang/String;[BIILjava/security/ProtectionDomain;ZILjava/lang/Object;)Ljava/lang/Class;' in 'java/lang/ClassLoader'
  # parm0:    rdx:rdx   = 'java/lang/ClassLoader'
  # parm1:    r8:r8     = 'java/lang/Class'
  # parm2:    r9:r9     = 'java/lang/String'
  # parm3:    rdi:rdi   = '[B'
  # parm4:    rsi       = int
  # parm5:    rcx       = int
  # parm6:    [sp+0xb0]   = 'java/security/ProtectionDomain'  (sp of caller)
  # parm7:    [sp+0xb8]   = boolean
  # parm8:    [sp+0xc0]   = int
  # parm9:    [sp+0xc8]   = 'java/lang/Object'
  0x00000203afae07c0: 448b 5208 | 49bb 0000 | 00ba 0302 | 0000 4d03 | d349 3bc2 | 0f84 0600 

  0x00000203afae07d8: ;   {runtime_call ic_miss_stub}
  0x00000203afae07d8: 0000 e9a1 | e1ad ff90 
[Verified Entry Point]
  0x00000203afae07e0: 8984 2400 | 80ff ff55 | 488b ec48 | 81ec a000 | 0000 6690 | 4181 7f20 | 0300 0000 

  0x00000203afae07fc: ;   {runtime_call StubRoutines (final stubs)}
  0x00000203afae07fc: 7405 e8fd | 59ac ff48 | 837d 2800 | 488d 4528 | 480f 4445 | 2848 8944 | 2458 4863 | 4520 4889 
  0x00000203afae081c: 4424 5048 | 6345 1848 | 8944 2448 | 4883 7d10 | 0048 8d45 | 1048 0f44 | 4510 4889 | 4424 4048 
  0x00000203afae083c: 894c 2438 | 4889 7424 | 3048 897c | 2478 4883 | ff00 488d | 4424 7848 | 0f44 4424 | 7848 8944 
  0x00000203afae085c: 2428 4c89 | 4c24 7049 | 83f9 0048 | 8d44 2470 | 480f 4444 | 2470 4889 | 4424 204c | 8944 2468 
  0x00000203afae087c: 4983 f800 | 4c8d 4c24 | 684c 0f44 | 4c24 6848 | 8954 2460 | 4883 fa00 | 4c8d 4424 | 604c 0f44 
  0x00000203afae089c: ;   {oop(a 'java/lang/Class'{0x0000000705f4db88} = 'java/lang/ClassLoader')}
  0x00000203afae089c: 4424 6049 | be88 dbf4 | 0507 0000 | 004c 89b4 | 2490 0000 | 004c 8db4 | 2490 0000 | 0049 8bd6 
  0x00000203afae08bc: ;   {internal_word}
  0x00000203afae08bc: c5f8 7749 | babc 08ae | af03 0200 | 004d 8997 | a003 0000 | 4989 a798 

  0x00000203afae08d4: ;   {external_word}
  0x00000203afae08d4: 0300 0049 | baf9 459c | 6dfe 7f00 | 0041 803a | 000f 844e | 0000 0052 | 4150 4151 

  0x00000203afae08f0: ;   {metadata({method} {0x00000203ba43b2c8} 'defineClass0' '(Ljava/lang/ClassLoader;Ljava/lang/Class;Ljava/lang/String;[BIILjava/security/ProtectionDomain;ZILjava/lang/Object;)Ljava/lang/Class;' in 'java/lang/ClassLoader')}
  0x00000203afae08f0: 48ba c0b2 | 43ba 0302 | 0000 498b | cf48 83ec | 2040 f6c4 | 0f0f 8419 | 0000 0048 

  0x00000203afae090c: ;   {runtime_call}
  0x00000203afae090c: 83ec 0848 | b840 094d | 6dfe 7f00 | 00ff d048 | 83c4 08e9 | 0c00 0000 

  0x00000203afae0924: ;   {runtime_call}
  0x00000203afae0924: 48b8 4009 | 4d6d fe7f | 0000 ffd0 | 4883 c420 | 4159 4158 | 5a49 8d8f | b803 0000 | 41c7 874c 
  0x00000203afae0944: 0400 0004 

  0x00000203afae0948: ;   {runtime_call}
  0x00000203afae0948: 0000 0048 | b81c 1550 | 8ffe 7f00 | 00ff d0c5 | f877 41c7 | 874c 0400 | 0005 0000 | 00f0 8344 
  0x00000203afae0968: 24c0 0049 | 3baf 5004 | 0000 0f87 | 0e00 0000 | 4183 bf48 | 0400 0000 | 0f84 2b00 | 0000 c5f8 
  0x00000203afae0988: 7748 8945 | f849 8bcf | 4c8b e448 | 83ec 2048 

  0x00000203afae0998: ;   {runtime_call}
  0x00000203afae0998: 83e4 f048 | b8d0 c318 | 6dfe 7f00 | 00ff d049 | 8be4 4d33 | e448 8b45 | f841 c787 | 4c04 0000 
  0x00000203afae09b8: 0800 0000 | 4183 bfc8 | 0400 0002 | 0f84 a303 

  0x00000203afae09c8: ;   {external_word}
  0x00000203afae09c8: 0000 49ba | f945 9c6d | fe7f 0000 | 4180 3a00 | 0f84 4c00 | 0000 4889 

  0x00000203afae09e0: ;   {metadata({method} {0x00000203ba43b2c8} 'defineClass0' '(Ljava/lang/ClassLoader;Ljava/lang/Class;Ljava/lang/String;[BIILjava/security/ProtectionDomain;ZILjava/lang/Object;)Ljava/lang/Class;' in 'java/lang/ClassLoader')}
  0x00000203afae09e0: 45f8 48ba | c0b2 43ba | 0302 0000 | 498b cf48 | 83ec 2040 | f6c4 0f0f | 8419 0000 | 0048 83ec 
  0x00000203afae0a00: ;   {runtime_call}
  0x00000203afae0a00: 0848 b840 | 094d 6dfe | 7f00 00ff | d048 83c4 | 08e9 0c00 

  0x00000203afae0a14: ;   {runtime_call}
  0x00000203afae0a14: 0000 48b8 | 4009 4d6d | fe7f 0000 | ffd0 4883 | c420 488b | 45f8 49c7 | 8798 0300 | 0000 0000 
  0x00000203afae0a34: 0049 c787 | a003 0000 | 0000 0000 | c5f8 7748 | 85c0 0f84 | fe02 0000 | a803 0f85 | 0800 0000 
  0x00000203afae0a54: 488b 00e9 | ee02 0000 | a801 0f85 | 0900 0000 | 488b 40fe | e9dd 0200 | 0048 8b40 | ff41 807f 
  0x00000203afae0a74: 4000 0f84 | ce02 0000 | 4883 f800 | 0f84 c402 | 0000 498b | 4f28 4883 | f900 0f84 | 1400 0000 
  0x00000203afae0a94: 4883 e908 | 4989 4f28 | 4903 4f38 | 4889 01e9 | a202 0000 | 4881 ec50 | 0100 0048 | 8904 2448 
  0x00000203afae0ab4: 894c 2408 | 4889 5424 | 1048 8974 | 2418 4889 | 7c24 204c | 8944 2428 | 4c89 4c24 | 304c 8954 
  0x00000203afae0ad4: 2438 4c89 | 5c24 40c5 | fb11 4424 | 50c5 fb11 | 4c24 58c5 | fb11 5424 | 60c5 fb11 | 5c24 68c5 
  0x00000203afae0af4: fb11 6424 | 70c5 fb11 | 6c24 78c5 | fb11 b424 | 8000 0000 | c5fb 11bc | 2488 0000 | 00c5 7b11 
  0x00000203afae0b14: ;   {no_reloc}
  0x00000203afae0b14: 8424 9000 | 0000 c57b | 118c 2498 | 0000 00c5 | 7b11 9424 | a000 0000 | c57b 119c | 24a8 0000 
  0x00000203afae0b34: 00c5 7b11 | a424 b000 | 0000 c57b | 11ac 24b8 | 0000 00c5 | 7b11 b424 | c000 0000 | c57b 11bc 
  0x00000203afae0b54: 24c8 0000 | 0062 e1ff | 0811 4424 | 1a62 e1ff | 0811 4c24 | 1b62 e1ff | 0811 5424 | 1c62 e1ff 
  0x00000203afae0b74: 0811 5c24 | 1d62 e1ff | 0811 6424 | 1e62 e1ff | 0811 6c24 | 1f62 e1ff | 0811 7424 | 2062 e1ff 
  0x00000203afae0b94: 0811 7c24 | 2162 61ff | 0811 4424 | 2262 61ff | 0811 4c24 | 2362 61ff | 0811 5424 | 2462 61ff 
  0x00000203afae0bb4: 0811 5c24 | 2562 61ff | 0811 6424 | 2662 61ff | 0811 6c24 | 2762 61ff | 0811 7424 | 2862 61ff 
  0x00000203afae0bd4: 0811 7c24 | 2949 8bd7 | 488b c848 | 83ec 2040 | f6c4 0f0f | 8419 0000 | 0048 83ec 

  0x00000203afae0bf0: ;   {runtime_call}
  0x00000203afae0bf0: 0848 b890 | 260c 6dfe | 7f00 00ff | d048 83c4 | 08e9 0c00 

  0x00000203afae0c04: ;   {runtime_call}
  0x00000203afae0c04: 0000 48b8 | 9026 0c6d | fe7f 0000 | ffd0 4883 | c420 6261 | ff08 107c | 2429 6261 | ff08 1074 
  0x00000203afae0c24: 2428 6261 | ff08 106c | 2427 6261 | ff08 1064 | 2426 6261 | ff08 105c | 2425 6261 | ff08 1054 
  0x00000203afae0c44: 2424 6261 | ff08 104c | 2423 6261 | ff08 1044 | 2422 62e1 | ff08 107c | 2421 62e1 | ff08 1074 
  0x00000203afae0c64: 2420 62e1 | ff08 106c | 241f 62e1 | ff08 1064 | 241e 62e1 | ff08 105c | 241d 62e1 | ff08 1054 
  0x00000203afae0c84: 241c 62e1 | ff08 104c | 241b 62e1 | ff08 1044 | 241a c57b | 10bc 24c8 | 0000 00c5 | 7b10 b424 
  0x00000203afae0ca4: c000 0000 | c57b 10ac | 24b8 0000 | 00c5 7b10 | a424 b000 | 0000 c57b | 109c 24a8 | 0000 00c5 
  0x00000203afae0cc4: 7b10 9424 | a000 0000 | c57b 108c | 2498 0000 | 00c5 7b10 | 8424 9000 | 0000 c5fb | 10bc 2488 
  0x00000203afae0ce4: 0000 00c5 | fb10 b424 | 8000 0000 | c5fb 106c | 2478 c5fb | 1064 2470 | c5fb 105c | 2468 c5fb 
  0x00000203afae0d04: ;   {no_reloc}
  0x00000203afae0d04: 1054 2460 | c5fb 104c | 2458 c5fb | 1044 2450 | 4c8b 5c24 | 404c 8b54 | 2438 4c8b | 4c24 304c 
  0x00000203afae0d24: 8b44 2428 | 488b 7c24 | 2048 8b74 | 2418 488b | 5424 1048 | 8b4c 2408 | 488b 0424 | 4881 c450 
  0x00000203afae0d44: 0100 00c5 | f877 498b | 8f28 0400 | 00c7 8100 | 0100 0000 | 0000 00c9 | 4983 7f08 | 000f 8501 
  0x00000203afae0d64: 0000 00c3 

  0x00000203afae0d68: ;   {runtime_call StubRoutines (initial stubs)}
  0x00000203afae0d68: e993 01a9 | ffc5 f877 | 4889 45f8 | 4c8b e448 | 83ec 2048 

  0x00000203afae0d7c: ;   {runtime_call}
  0x00000203afae0d7c: 83e4 f048 | b870 414d | 6dfe 7f00 | 00ff d049 | 8be4 4d33 | e448 8b45 | f8e9 30fc | ffff f4f4 
  0x00000203afae0d9c: f4f4 f4f4 
[/MachCode]


Compiled method (c1)    8234 1665       1       java.lang.System$2::defineClass (21 bytes)
 total in heap  [0x00000203afae2a10,0x00000203afae2d60] = 848
 relocation     [0x00000203afae2b70,0x00000203afae2ba8] = 56
 main code      [0x00000203afae2bc0,0x00000203afae2ca0] = 224
 stub code      [0x00000203afae2ca0,0x00000203afae2ce0] = 64
 metadata       [0x00000203afae2ce0,0x00000203afae2ce8] = 8
 scopes data    [0x00000203afae2ce8,0x00000203afae2d08] = 32
 scopes pcs     [0x00000203afae2d08,0x00000203afae2d48] = 64
 dependencies   [0x00000203afae2d48,0x00000203afae2d50] = 8
 nul chk table  [0x00000203afae2d50,0x00000203afae2d60] = 16

[Constant Pool (empty)]

[MachCode]
[Entry Point]
  # {method} {0x00000203ba019490} 'defineClass' '(Ljava/lang/ClassLoader;Ljava/lang/Class;Ljava/lang/String;[BLjava/security/ProtectionDomain;ZILjava/lang/Object;)Ljava/lang/Class;' in 'java/lang/System$2'
  # this:     rdx:rdx   = 'java/lang/System$2'
  # parm0:    r8:r8     = 'java/lang/ClassLoader'
  # parm1:    r9:r9     = 'java/lang/Class'
  # parm2:    rdi:rdi   = 'java/lang/String'
  # parm3:    rsi:rsi   = '[B'
  # parm4:    rcx:rcx   = 'java/security/ProtectionDomain'
  # parm5:    [sp+0x70]   = boolean  (sp of caller)
  # parm6:    [sp+0x78]   = int
  # parm7:    [sp+0x80]   = 'java/lang/Object'
  0x00000203afae2bc0: 448b 5208 | 49bb 0000 | 00ba 0302 | 0000 4d03 | d34c 3bd0 

  0x00000203afae2bd4: ;   {runtime_call ic_miss_stub}
  0x00000203afae2bd4: 0f85 a6bd | adff 660f | 1f44 0000 
[Verified Entry Point]
  0x00000203afae2be0: 8984 2400 | 80ff ff55 | 4883 ec60 | 4181 7f20 | 0300 0000 

  0x00000203afae2bf4: ;   {runtime_call StubRoutines (final stubs)}
  0x00000203afae2bf4: 7405 e805 | 36ac ff48 | 8bd9 4c8b | ac24 8000 | 0000 448b | 5c24 788b | 4424 708b | 4e0c 498b 
  0x00000203afae2c14: d04d 8bc1 | 4c8b cf48 | 8bfe be00 | 0000 0048 | 891c 2489 | 4424 0844 | 895c 2410 | 4c89 6c24 
  0x00000203afae2c34: ;   {static_call}
  0x00000203afae2c34: 1866 90e8 

  0x00000203afae2c38: ; ImmutableOopMap {}
                      ;*invokestatic defineClass0 {reexecute=0 rethrow=0 return_oop=0}
                      ; - java.lang.System$2::defineClass@17 (line 2394)
  0x00000203afae2c38: a4db ffff 

  0x00000203afae2c3c: ;   {other}
  0x00000203afae2c3c: 0f1f 8400 | 2c02 0000 | 4883 c460 

  0x00000203afae2c48: ;   {poll_return}
  0x00000203afae2c48: 5d49 3ba7 | 5004 0000 | 0f87 0600 

  0x00000203afae2c54: ;   {runtime_call throw_null_pointer_exception Runtime1 stub}
  0x00000203afae2c54: 0000 c3e8 

  0x00000203afae2c58: ; ImmutableOopMap {r8=Oop r9=Oop rdi=Oop rsi=Oop rbx=Oop r13=Oop [128]=Oop }
                      ;*arraylength {reexecute=0 rethrow=0 return_oop=0}
                      ; - java.lang.System$2::defineClass@8 (line 2394)
  0x00000203afae2c58: c4e1 b9ff 

  0x00000203afae2c5c: ;   {internal_word}
  0x00000203afae2c5c: 49ba 492c | aeaf 0302 | 0000 4d89 | 9768 0400 

  0x00000203afae2c6c: ;   {runtime_call SafepointBlob}
  0x00000203afae2c6c: 00e9 0e3f | aeff 498b | 8700 0500 | 0049 c787 | 0005 0000 | 0000 0000 | 49c7 8708 | 0500 0000 
  0x00000203afae2c8c: 0000 0048 | 83c4 605d 

  0x00000203afae2c94: ;   {runtime_call unwind_exception Runtime1 stub}
  0x00000203afae2c94: e967 c6b9 | fff4 f4f4 | f4f4 f4f4 
[Stub Code]
  0x00000203afae2ca0: ;   {no_reloc}
  0x00000203afae2ca0: 48bb 0000 | 0000 0000 

  0x00000203afae2ca8: ;   {runtime_call}
  0x00000203afae2ca8: 0000 e9fb 

  0x00000203afae2cac: ;   {runtime_call handle_exception_from_callee Runtime1 stub}
  0x00000203afae2cac: ffff ffe8 | cc18 baff 

  0x00000203afae2cb4: ;   {external_word}
  0x00000203afae2cb4: 48b9 e047 | 746d fe7f | 0000 4883 

  0x00000203afae2cc0: ;   {runtime_call}
  0x00000203afae2cc0: e4f0 48b8 | 4024 3c6d | fe7f 0000 

  0x00000203afae2ccc: ;   {section_word}
  0x00000203afae2ccc: ffd0 f449 | bacf 2cae | af03 0200 

  0x00000203afae2cd8: ;   {runtime_call DeoptimizationBlob}
  0x00000203afae2cd8: 0041 52e9 | 4053 aeff 
[/MachCode]


Compiled method (c1)    8237 1664   !   1       java.lang.invoke.MethodHandles$Lookup$ClassDefiner::defineClass (213 bytes)
 total in heap  [0x00000203afae2d90,0x00000203afae3710] = 2432
 relocation     [0x00000203afae2ef0,0x00000203afae2f88] = 152
 main code      [0x00000203afae2fa0,0x00000203afae33b8] = 1048
 stub code      [0x00000203afae33b8,0x00000203afae3430] = 120
 metadata       [0x00000203afae3430,0x00000203afae3478] = 72
 scopes data    [0x00000203afae3478,0x00000203afae3578] = 256
 scopes pcs     [0x00000203afae3578,0x00000203afae3678] = 256
 dependencies   [0x00000203afae3678,0x00000203afae3688] = 16
 handler table  [0x00000203afae3688,0x00000203afae36d0] = 72
 nul chk table  [0x00000203afae36d0,0x00000203afae3710] = 64

[Constant Pool (empty)]

[MachCode]
[Entry Point]
  # {method} {0x00000203ba1eeaf8} 'defineClass' '(ZLjava/lang/Object;)Ljava/lang/Class;' in 'java/lang/invoke/MethodHandles$Lookup$ClassDefiner'
  # this:     rdx:rdx   = 'java/lang/invoke/MethodHandles$Lookup$ClassDefiner'
  # parm0:    r8        = boolean
  # parm1:    r9:r9     = 'java/lang/Object'
  #           [sp+0xf0]  (sp of caller)
  0x00000203afae2fa0: 448b 5208 | 49bb 0000 | 00ba 0302 | 0000 4d03 | d34c 3bd0 

  0x00000203afae2fb4: ;   {runtime_call ic_miss_stub}
  0x00000203afae2fb4: 0f85 c6b9 | adff 660f | 1f44 0000 
[Verified Entry Point]
  0x00000203afae2fc0: 8984 2400 | 80ff ff55 | 4881 ece0 | 0000 0090 | 4181 7f20 | 0300 0000 

  0x00000203afae2fd8: ;   {runtime_call StubRoutines (final stubs)}
  0x00000203afae2fd8: 7405 e821 | 32ac ff48 | 8994 2498 | 0000 0044 | 8984 24b0 | 0000 004c | 898c 24b8 | 0000 008b 
  0x00000203afae2ff8: 7210 48c1 | e603 4889 | b424 9000 | 0000 8b7e | 1048 c1e7 | 0348 89bc | 24a8 0000 | 008b 5f34 
  0x00000203afae3018: 48c1 e303 | 4885 db0f | 850a 0000 

  0x00000203afae3024: ;   {oop(nullptr)}
  0x00000203afae3024: 0048 bb00 | 0000 0000 | 0000 0048 | 85db 0f84 | bc00 0000 | 8b46 1848 | c1e0 0348 | 85c0 4889 
  0x00000203afae3044: 9c24 a000 | 0000 0f85 | b600 0000 

  0x00000203afae3050: ;   {oop(a 'java/lang/Class'{0x0000000706963ca0} = 'jdk/internal/access/SharedSecrets')}
  0x00000203afae3050: 48b8 a03c | 9606 0700 | 0000 8b40 | 7c48 c1e0 | 038b 4e10 | 48c1 e103 | 4885 c00f | 842a 0000 
  0x00000203afae3070: ;   {metadata('java/lang/System$2')}
  0x00000203afae3070: 0048 be88 | 8101 ba03 | 0200 0044 | 8b70 0849 | ba00 0000 | ba03 0200 | 004d 03f2 | 493b 7638 
  0x00000203afae3090: 0f85 6d02 | 0000 e900 | 0000 004c | 8bd8 483b | 0048 3b01 

  0x00000203afae30a4: ;   {optimized virtual_call}
  0x00000203afae30a4: 488b d1e8 

  0x00000203afae30a8: ; ImmutableOopMap {[144]=Oop [152]=Oop [160]=Oop [168]=Oop [184]=Oop }
                      ;*invokevirtual protectionDomain {reexecute=0 rethrow=0 return_oop=0}
                      ; - java.lang.System$2::protectionDomain@1 (line 2518)
                      ; - java.lang.invoke.MethodHandles$Lookup::lookupClassProtectionDomain@17 (line 2544)
                      ; - java.lang.invoke.MethodHandles$Lookup$ClassDefiner::defineClass@23 (line 2501)
  0x00000203afae30a8: 14e1 dfff 

  0x00000203afae30ac: ;   {other}
  0x00000203afae30ac: 0f1f 8400 | 1c03 0000 | 450f be47 | 4045 85c0 | 488b b424 | 9000 0000 | 0f85 4802 | 0000 4c8b 
  0x00000203afae30cc: d049 c1ea | 0344 8956 | 18f0 8344 | 24c0 004c | 8bc6 4c33 | c049 c1e8 | 1549 83f8 | 000f 8543 
  0x00000203afae30ec: 0200 00e9 | 1200 0000 | 4889 9c24 | a000 0000 

  0x00000203afae30fc: ;   {oop(nullptr)}
  0x00000203afae30fc: 48b8 0000 | 0000 0000 | 0000 488b | 9c24 a000 | 0000 488b | bc24 a800 | 0000 488b | 9424 9800 
  0x00000203afae311c: ;   {oop(a 'java/lang/Class'{0x0000000706963ca0} = 'jdk/internal/access/SharedSecrets')}
  0x00000203afae311c: 0000 49b8 | a03c 9606 | 0700 0000 | 458b 707c | 49c1 e603 | 8b72 1448 | c1e6 038b | 4a18 48c1 
  0x00000203afae313c: e103 448b | 4a0c 4d85 | f60f 842a 

  0x00000203afae3148: ;   {metadata('java/lang/System$2')}
  0x00000203afae3148: 0000 0049 | bb88 8101 | ba03 0200 | 0045 8b6e | 0849 ba00 | 0000 ba03 | 0200 004d | 03ea 4d3b 
  0x00000203afae3168: 5d38 0f85 | da01 0000 | e900 0000 | 004d 8bc6 

  0x00000203afae3178: ; implicit exception: dispatches to 0x00000203afae334f
  0x00000203afae3178: 493b 064c | 8bc3 498b | d14c 8bcf | 488b fe48 | 8bf1 488b | c88b 8424 | b000 0000 | 8904 2489 
  0x00000203afae3198: 5424 0848 | 8b94 24b8 | 0000 0048 | 8954 2410 | 498b d60f 

  0x00000203afae31ac: ;   {optimized virtual_call}
  0x00000203afae31ac: 1f40 00e8 

  0x00000203afae31b0: ; ImmutableOopMap {[152]=Oop [168]=Oop }
                      ;*invokeinterface defineClass {reexecute=0 rethrow=0 return_oop=0}
                      ; - java.lang.invoke.MethodHandles$Lookup$ClassDefiner::defineClass@57 (line 2505)
  0x00000203afae31b0: 2cfa ffff 

  0x00000203afae31b4: ;   {other}
  0x00000203afae31b4: 0f1f 8400 | 2404 0001 | 488b 9424 | 9800 0000 | 8b72 1c48 | c1e6 0344 | 0fbe 460c | 4183 e001 
  0x00000203afae31d4: 4585 c00f | 84cf 0000 | 008b 7a14 | 48c1 e703 | 4885 c00f | 848d 0000 | 00e9 4100 | 0000 488b 
  0x00000203afae31f4: 9424 9800 | 0000 498b | 8700 0500 | 004d 33d2 | 4d89 9700 | 0500 004d | 33d2 4d89 | 9708 0500 
  0x00000203afae3214: 008b 721c | 48c1 e603 

  0x00000203afae321c: ; implicit exception: dispatches to 0x00000203afae3359
  0x00000203afae321c: 440f be46 | 0c41 83e0 | 0145 85c0 | 0f84 c600 | 0000 e98f | 0000 008b | 5218 48c1 | e203 4c8b 
  0x00000203afae323c: c74c 8bc8 | 488b fa48 | 8bd6 4889 | 8424 c000 

  0x00000203afae324c: ;   {optimized virtual_call}
  0x00000203afae324c: 0000 90e8 

  0x00000203afae3250: ; ImmutableOopMap {[192]=Oop }
                      ;*invokevirtual dumpClass {reexecute=0 rethrow=0 return_oop=0}
                      ; - java.lang.invoke.MethodHandles$Lookup$ClassDefiner::defineClass@134 (line 2513)
  0x00000203afae3250: 2cbc adff 

  0x00000203afae3254: ;   {other}
  0x00000203afae3254: 0f1f 8400 | c404 0002 | 488b 8424 | c000 0000 | 4881 c4e0 | 0000 005d 

  0x00000203afae326c: ;   {poll_return}
  0x00000203afae326c: 493b a750 | 0400 000f | 87e5 0000 | 00c3 4889 | 8424 c000 | 0000 448b | 4a18 49c1 | e103 4c8b 
  0x00000203afae328c: c748 8bd6 | 0f1f 8000 

  0x00000203afae3294: ;   {optimized virtual_call}
  0x00000203afae3294: 0000 00e8 

  0x00000203afae3298: ; ImmutableOopMap {[192]=Oop }
                      ;*invokevirtual dumpFailedClass {reexecute=0 rethrow=0 return_oop=0}
                      ; - java.lang.invoke.MethodHandles$Lookup$ClassDefiner::defineClass@150 (line 2515)
  0x00000203afae3298: e4bb adff 

  0x00000203afae329c: ;   {other}
  0x00000203afae329c: 0f1f 8400 | 0c05 0003 | 488b 8424 | c000 0000 | 4881 c4e0 | 0000 005d 

  0x00000203afae32b4: ;   {poll_return}
  0x00000203afae32b4: 493b a750 | 0400 000f | 87b3 0000 | 00c3 4889 | 8424 c800 | 0000 448b | 4214 49c1 | e003 448b 
  0x00000203afae32d4: 4a18 49c1 | e103 488b 

  0x00000203afae32dc: ;   {optimized virtual_call}
  0x00000203afae32dc: d666 90e8 

  0x00000203afae32e0: ; ImmutableOopMap {[200]=Oop }
                      ;*invokevirtual dumpFailedClass {reexecute=0 rethrow=0 return_oop=0}
                      ; - java.lang.invoke.MethodHandles$Lookup$ClassDefiner::defineClass@207 (line 2515)
  0x00000203afae32e0: 9cbb adff 

  0x00000203afae32e4: ;   {other}
  0x00000203afae32e4: 0f1f 8400 | 5405 0004 | 488b 8424 | c800 0000 | e9ae 0000 

  0x00000203afae32f8: ;   {runtime_call throw_null_pointer_exception Runtime1 stub}
  0x00000203afae32f8: 00e8 22db 

  0x00000203afae32fc: ; ImmutableOopMap {rdx=Oop r9=Oop rsi=Oop [144]=Oop [152]=Oop [184]=Oop }
                      ;*invokevirtual lookupClass {reexecute=0 rethrow=0 return_oop=0}
                      ; - java.lang.invoke.MethodHandles$Lookup$ClassDefiner::defineClass@4 (line 2499)
                      ;   {runtime_call throw_null_pointer_exception Runtime1 stub}
  0x00000203afae32fc: b9ff e81d 

  0x00000203afae3300: ; ImmutableOopMap {rdx=Oop r9=Oop rsi=Oop rdi=Oop [144]=Oop [152]=Oop [168]=Oop [184]=Oop }
                      ;*invokevirtual getClassLoader {reexecute=0 rethrow=0 return_oop=0}
                      ; - java.lang.invoke.MethodHandles$Lookup$ClassDefiner::defineClass@9 (line 2500)
                      ;   {runtime_call throw_incompatible_class_change_error Runtime1 stub}
  0x00000203afae3300: dbb9 ffe8 

  0x00000203afae3304: ; ImmutableOopMap {rax=Oop rcx=Oop [144]=Oop [152]=Oop [160]=Oop [168]=Oop [184]=Oop }
                      ;*invokeinterface protectionDomain {reexecute=0 rethrow=0 return_oop=0}
                      ; - java.lang.invoke.MethodHandles$Lookup::lookupClassProtectionDomain@17 (line 2544)
                      ; - java.lang.invoke.MethodHandles$Lookup$ClassDefiner::defineClass@23 (line 2501)
  0x00000203afae3304: 9821 baff 

  0x00000203afae3308: ;   {runtime_call throw_null_pointer_exception Runtime1 stub}
  0x00000203afae3308: e813 dbb9 

  0x00000203afae330c: ; ImmutableOopMap {rcx=Oop [144]=Oop [152]=Oop [160]=Oop [168]=Oop [184]=Oop }
                      ;*invokeinterface protectionDomain {reexecute=0 rethrow=0 return_oop=0}
                      ; - java.lang.invoke.MethodHandles$Lookup::lookupClassProtectionDomain@17 (line 2544)
                      ; - java.lang.invoke.MethodHandles$Lookup$ClassDefiner::defineClass@23 (line 2501)
                      ;   {runtime_call throw_null_pointer_exception Runtime1 stub}
  0x00000203afae330c: ffe8 0edb 

  0x00000203afae3310: ; ImmutableOopMap {rcx=Oop [144]=Oop [152]=Oop [160]=Oop [168]=Oop [184]=Oop }
                      ;*invokevirtual protectionDomain {reexecute=0 rethrow=0 return_oop=0}
                      ; - java.lang.System$2::protectionDomain@1 (line 2518)
                      ; - java.lang.invoke.MethodHandles$Lookup::lookupClassProtectionDomain@17 (line 2544)
                      ; - java.lang.invoke.MethodHandles$Lookup$ClassDefiner::defineClass@23 (line 2501)
  0x00000203afae3310: b9ff 448b | 4618 49c1 | e003 4983 | f800 0f84 | a6fd ffff | 4c89 0424 

  0x00000203afae3328: ;   {runtime_call g1_pre_barrier_slow}
  0x00000203afae3328: e8d3 79ba | ffe9 98fd | ffff 4883 | f800 0f84 | b3fd ffff | 4889 3424 

  0x00000203afae3340: ;   {runtime_call g1_post_barrier_slow}
  0x00000203afae3340: e83b 7dba | ffe9 a5fd 

  0x00000203afae3348: ;   {runtime_call throw_incompatible_class_change_error Runtime1 stub}
  0x00000203afae3348: ffff e851 

  0x00000203afae334c: ; ImmutableOopMap {rax=Oop rdi=Oop rbx=Oop r14=Oop rsi=Oop rcx=Oop [152]=Oop [168]=Oop [184]=Oop }
                      ;*invokeinterface defineClass {reexecute=0 rethrow=0 return_oop=0}
                      ; - java.lang.invoke.MethodHandles$Lookup$ClassDefiner::defineClass@57 (line 2505)
                      ;   {runtime_call throw_null_pointer_exception Runtime1 stub}
  0x00000203afae334c: 21ba ffe8 

  0x00000203afae3350: ; ImmutableOopMap {rax=Oop rdi=Oop rbx=Oop r14=Oop rsi=Oop rcx=Oop [152]=Oop [168]=Oop [184]=Oop }
                      ;*invokeinterface defineClass {reexecute=0 rethrow=0 return_oop=0}
                      ; - java.lang.invoke.MethodHandles$Lookup$ClassDefiner::defineClass@57 (line 2505)
  0x00000203afae3350: ccda b9ff 

  0x00000203afae3354: ;   {runtime_call throw_null_pointer_exception Runtime1 stub}
  0x00000203afae3354: e8c7 dab9 

  0x00000203afae3358: ; ImmutableOopMap {rax=Oop rdx=Oop rsi=Oop [152]=Oop }
                      ;*invokevirtual isEnabled {reexecute=0 rethrow=0 return_oop=0}
                      ; - java.lang.invoke.MethodHandles$Lookup$ClassDefiner::defineClass@105 (line 2510)
                      ;   {runtime_call throw_null_pointer_exception Runtime1 stub}
  0x00000203afae3358: ffe8 c2da 

  0x00000203afae335c: ; ImmutableOopMap {rdx=Oop rax=Oop rsi=Oop [152]=Oop }
                      ;*invokevirtual isEnabled {reexecute=0 rethrow=0 return_oop=0}
                      ; - java.lang.invoke.MethodHandles$Lookup$ClassDefiner::defineClass@162 (line 2510)
                      ;   {internal_word}
  0x00000203afae335c: b9ff 49ba | 6c32 aeaf | 0302 0000 | 4d89 9768 

  0x00000203afae336c: ;   {runtime_call SafepointBlob}
  0x00000203afae336c: 0400 00e9 | 0c38 aeff 

  0x00000203afae3374: ;   {internal_word}
  0x00000203afae3374: 49ba b432 | aeaf 0302 | 0000 4d89 | 9768 0400 

  0x00000203afae3384: ;   {runtime_call SafepointBlob}
  0x00000203afae3384: 00e9 f637 | aeff 498b | 8700 0500 | 0049 c787 | 0005 0000 | 0000 0000 | 49c7 8708 | 0500 0000 
  0x00000203afae33a4: 0000 0048 | 81c4 e000 

  0x00000203afae33ac: ;   {runtime_call unwind_exception Runtime1 stub}
  0x00000203afae33ac: 0000 5de9 | 4cbf b9ff | f4f4 f4f4 
[Stub Code]
  0x00000203afae33b8: ;   {no_reloc}
  0x00000203afae33b8: 0f1f 4400 

  0x00000203afae33bc: ;   {static_stub}
  0x00000203afae33bc: 0048 bb00 | 0000 0000 

  0x00000203afae33c4: ;   {runtime_call}
  0x00000203afae33c4: 0000 00e9 | fbff ffff 

  0x00000203afae33cc: ;   {static_stub}
  0x00000203afae33cc: 48bb d8e4 | 46ba 0302 

  0x00000203afae33d4: ;   {runtime_call I2C/C2I adapters}
  0x00000203afae33d4: 0000 e9a8 

  0x00000203afae33d8: ;   {static_stub}
  0x00000203afae33d8: 0aae ff48 | bb00 0000 | 0000 0000 

  0x00000203afae33e4: ;   {runtime_call}
  0x00000203afae33e4: 00e9 fbff 

  0x00000203afae33e8: ;   {static_stub}
  0x00000203afae33e8: ffff 48bb | 0000 0000 | 0000 0000 

  0x00000203afae33f4: ;   {runtime_call}
  0x00000203afae33f4: e9fb ffff 

  0x00000203afae33f8: ;   {runtime_call handle_exception_from_callee Runtime1 stub}
  0x00000203afae33f8: ffe8 8211 

  0x00000203afae33fc: ;   {external_word}
  0x00000203afae33fc: baff 48b9 | e047 746d | fe7f 0000 | 4883 e4f0 

  0x00000203afae340c: ;   {runtime_call}
  0x00000203afae340c: 48b8 4024 | 3c6d fe7f | 0000 ffd0 

  0x00000203afae3418: ;   {section_word}
  0x00000203afae3418: f449 ba19 | 34ae af03 | 0200 0041 

  0x00000203afae3424: ;   {runtime_call DeoptimizationBlob}
  0x00000203afae3424: 52e9 f64b | aeff f4f4 | f4f4 f4f4 
[/MachCode]


---------------  P R O C E S S  ---------------

Threads class SMR info:
_java_thread_list=0x0000020380cfaf30, length=20, elements={
0x00000203a7131fd0, 0x00000203b9f28af0, 0x00000203b9f29750, 0x00000203b9f2a700,
0x00000203b9f2d390, 0x00000203b9f31550, 0x00000203b9f3a1e0, 0x00000203b9f3dc60,
0x00000203b9ef4180, 0x00000203b9ef47f0, 0x00000203ff86d050, 0x00000203ff86d6c0,
0x00000203ff988d80, 0x0000020380499f40, 0x0000020380524b60, 0x00000203809c0ae0,
0x0000020380e1fdf0, 0x00000203ffcfa710, 0x00000203ffcf9320, 0x00000203ffa9df30
}

Java Threads: ( => current thread )
=>0x00000203a7131fd0 JavaThread "main"                              [_thread_in_vm, id=18992, stack(0x000000fa49b00000,0x000000fa49c00000) (1024K)]
  0x00000203b9f28af0 JavaThread "Reference Handler"          daemon [_thread_blocked, id=11064, stack(0x000000fa4a300000,0x000000fa4a400000) (1024K)]
  0x00000203b9f29750 JavaThread "Finalizer"                  daemon [_thread_blocked, id=23340, stack(0x000000fa4a400000,0x000000fa4a500000) (1024K)]
  0x00000203b9f2a700 JavaThread "Signal Dispatcher"          daemon [_thread_blocked, id=14356, stack(0x000000fa4a500000,0x000000fa4a600000) (1024K)]
  0x00000203b9f2d390 JavaThread "Attach Listener"            daemon [_thread_blocked, id=26016, stack(0x000000fa4a600000,0x000000fa4a700000) (1024K)]
  0x00000203b9f31550 JavaThread "Service Thread"             daemon [_thread_blocked, id=22836, stack(0x000000fa4a700000,0x000000fa4a800000) (1024K)]
  0x00000203b9f3a1e0 JavaThread "Monitor Deflation Thread"   daemon [_thread_blocked, id=26804, stack(0x000000fa4a800000,0x000000fa4a900000) (1024K)]
  0x00000203b9f3dc60 JavaThread "C1 CompilerThread0"         daemon [_thread_blocked, id=18200, stack(0x000000fa4a900000,0x000000fa4aa00000) (1024K)]
  0x00000203b9ef4180 JavaThread "Common-Cleaner"             daemon [_thread_blocked, id=2316, stack(0x000000fa4aa00000,0x000000fa4ab00000) (1024K)]
  0x00000203b9ef47f0 JavaThread "C1 CompilerThread1"         daemon [_thread_blocked, id=19844, stack(0x000000fa4ab00000,0x000000fa4ac00000) (1024K)]
  0x00000203ff86d050 JavaThread "Monitor Ctrl-Break"         daemon [_thread_in_native, id=12884, stack(0x000000fa4ac00000,0x000000fa4ad00000) (1024K)]
  0x00000203ff86d6c0 JavaThread "Notification Thread"        daemon [_thread_blocked, id=20516, stack(0x000000fa4ad00000,0x000000fa4ae00000) (1024K)]
  0x00000203ff988d80 JavaThread "RMI TCP Accept-0"           daemon [_thread_in_native, id=19748, stack(0x000000fa4b000000,0x000000fa4b100000) (1024K)]
  0x0000020380499f40 JavaThread "RMI TCP Connection(2)-192.168.137.110" daemon [_thread_in_native, id=26236, stack(0x000000fa4b700000,0x000000fa4b800000) (1024K)]
  0x0000020380524b60 JavaThread "RMI Scheduler(0)"           daemon [_thread_blocked, id=9916, stack(0x000000fa4b800000,0x000000fa4b900000) (1024K)]
  0x00000203809c0ae0 JavaThread "Keep-Alive-Timer"           daemon [_thread_blocked, id=17140, stack(0x000000fa4bb00000,0x000000fa4bc00000) (1024K)]
  0x0000020380e1fdf0 JavaThread "RMI TCP Connection(4)-192.168.137.110" daemon [_thread_in_native, id=28324, stack(0x000000fa4af00000,0x000000fa4b000000) (1024K)]
  0x00000203ffcfa710 JavaThread "C1 CompilerThread2"         daemon [_thread_blocked, id=14292, stack(0x000000fa4bc00000,0x000000fa4bd00000) (1024K)]
  0x00000203ffcf9320 JavaThread "C1 CompilerThread3"         daemon [_thread_blocked, id=10684, stack(0x000000fa4bd00000,0x000000fa4be00000) (1024K)]
  0x00000203ffa9df30 JavaThread "RMI TCP Connection(5)-192.168.137.110" daemon [_thread_in_native, id=15224, stack(0x000000fa4be00000,0x000000fa4bf00000) (1024K)]
Total: 20

Other Threads:
  0x00000203b9f09800 VMThread "VM Thread"                           [id=10292, stack(0x000000fa4a200000,0x000000fa4a300000) (1024K)]
  0x00000203b9ef0f70 WatcherThread "VM Periodic Task Thread"        [id=13624, stack(0x000000fa4a100000,0x000000fa4a200000) (1024K)]
  0x00000203a719a8c0 WorkerThread "GC Thread#0"                     [id=19864, stack(0x000000fa49c00000,0x000000fa49d00000) (1024K)]
  0x00000203ffb19ea0 WorkerThread "GC Thread#1"                     [id=23560, stack(0x000000fa4b100000,0x000000fa4b200000) (1024K)]
  0x00000203ffb1a240 WorkerThread "GC Thread#2"                     [id=26676, stack(0x000000fa4b200000,0x000000fa4b300000) (1024K)]
  0x00000203ffb1ec30 WorkerThread "GC Thread#3"                     [id=11000, stack(0x000000fa4b300000,0x000000fa4b400000) (1024K)]
  0x00000203ffb1efd0 WorkerThread "GC Thread#4"                     [id=17208, stack(0x000000fa4b400000,0x000000fa4b500000) (1024K)]
  0x00000203ffb1f370 WorkerThread "GC Thread#5"                     [id=12484, stack(0x000000fa4b500000,0x000000fa4b600000) (1024K)]
  0x00000203ffb4de50 WorkerThread "GC Thread#6"                     [id=26644, stack(0x000000fa4b600000,0x000000fa4b700000) (1024K)]
  0x00000203806665b0 WorkerThread "GC Thread#7"                     [id=18588, stack(0x000000fa4b900000,0x000000fa4ba00000) (1024K)]
  0x00000203a71abaa0 ConcurrentGCThread "G1 Main Marker"            [id=8040, stack(0x000000fa49d00000,0x000000fa49e00000) (1024K)]
  0x00000203a71ac5a0 WorkerThread "G1 Conc#0"                       [id=25556, stack(0x000000fa49e00000,0x000000fa49f00000) (1024K)]
  0x0000020380820bd0 WorkerThread "G1 Conc#1"                       [id=10808, stack(0x000000fa4ae00000,0x000000fa4af00000) (1024K)]
  0x00000203b9dc5510 ConcurrentGCThread "G1 Refine#0"               [id=23596, stack(0x000000fa49f00000,0x000000fa4a000000) (1024K)]
  0x00000203b9dc5e90 ConcurrentGCThread "G1 Service"                [id=21404, stack(0x000000fa4a000000,0x000000fa4a100000) (1024K)]
Total: 15

Threads with active compile tasks:
Total: 0

VM state: not at safepoint (normal execution)

VM Mutex/Monitor currently owned by a thread:  ([mutex/lock_event])
[0x00007ffe6d9dace8] Metaspace_lock - owner thread: 0x00000203a7131fd0

Heap address: 0x0000000705c00000, size: 4004 MB, Compressed Oops mode: Zero based, Oop shift amount: 3

CDS archive(s) mapped at: [0x00000203ba000000-0x00000203bac90000-0x00000203bac90000), size 13172736, SharedBaseAddress: 0x00000203ba000000, ArchiveRelocationMode: 1.
Compressed class space mapped at: 0x00000203bb000000-0x00000203fb000000, reserved size: 1073741824
Narrow klass base: 0x00000203ba000000, Narrow klass shift: 0, Narrow klass range: 0x100000000

GC Precious Log:
 CardTable entry size: 512
 Card Set container configuration: InlinePtr #cards 4 size 8 Array Of Cards #cards 16 size 48 Howl #buckets 8 coarsen threshold 3686 Howl Bitmap #cards 512 size 80 coarsen threshold 460 Card regions per heap region 1 cards per card region 4096
 CPUs: 8 total, 8 available
 Memory: 16013M
 Large Page Support: Disabled
 NUMA Support: Disabled
 Compressed Oops: Enabled (Zero based)
 Heap Region Size: 2M
 Heap Min Capacity: 8M
 Heap Initial Capacity: 252M
 Heap Max Capacity: 4004M
 Pre-touch: Disabled
 Parallel Workers: 8
 Concurrent Workers: 2
 Concurrent Refinement Workers: 8
 Periodic GC: Disabled

Heap:
 garbage-first heap   total 55296K, used 36941K [0x0000000705c00000, 0x0000000800000000)
  region size 2048K, 12 young (24576K), 2 survivors (4096K)
 Metaspace       used 31160K, committed 31680K, reserved 1114112K
  class space    used 4181K, committed 4416K, reserved 1048576K

Heap Regions: E=young(eden), S=young(survivor), O=old, HS=humongous(starts), HC=humongous(continues), CS=collection set, F=free, TAMS=top-at-mark-start, PB=parsable bottom
|   0|0x0000000705c00000, 0x0000000705e00000, 0x0000000705e00000|100%| O|  |TAMS 0x0000000705c00000| PB 0x0000000705c00000| Untracked 
|   1|0x0000000705e00000, 0x0000000706000000, 0x0000000706000000|100%| O|  |TAMS 0x0000000705e00000| PB 0x0000000705e00000| Untracked 
|   2|0x0000000706000000, 0x0000000706200000, 0x0000000706200000|100%| O|  |TAMS 0x0000000706000000| PB 0x0000000706000000| Untracked 
|   3|0x0000000706200000, 0x0000000706200000, 0x0000000706400000|  0%| F|  |TAMS 0x0000000706200000| PB 0x0000000706200000| Untracked 
|   4|0x0000000706400000, 0x0000000706600000, 0x0000000706600000|100%| O|  |TAMS 0x0000000706400000| PB 0x0000000706400000| Untracked 
|   5|0x0000000706600000, 0x0000000706800000, 0x0000000706800000|100%| O|  |TAMS 0x0000000706600000| PB 0x0000000706600000| Untracked 
|   6|0x0000000706800000, 0x0000000706a00000, 0x0000000706a00000|100%| O|  |TAMS 0x0000000706800000| PB 0x0000000706800000| Untracked 
|   7|0x0000000706a00000, 0x0000000706c00000, 0x0000000706c00000|100%| O|  |TAMS 0x0000000706a00000| PB 0x0000000706a00000| Untracked 
|   8|0x0000000706c00000, 0x0000000706ca5300, 0x0000000706e00000| 32%| O|  |TAMS 0x0000000706c00000| PB 0x0000000706c00000| Untracked 
|   9|0x0000000706e00000, 0x0000000706e00000, 0x0000000707000000|  0%| F|  |TAMS 0x0000000706e00000| PB 0x0000000706e00000| Untracked 
|  10|0x0000000707000000, 0x0000000707000000, 0x0000000707200000|  0%| F|  |TAMS 0x0000000707000000| PB 0x0000000707000000| Untracked 
|  11|0x0000000707200000, 0x0000000707200000, 0x0000000707400000|  0%| F|  |TAMS 0x0000000707200000| PB 0x0000000707200000| Untracked 
|  12|0x0000000707400000, 0x000000070756e3e0, 0x0000000707600000| 71%| S|CS|TAMS 0x0000000707400000| PB 0x0000000707400000| Complete 
|  13|0x0000000707600000, 0x0000000707800000, 0x0000000707800000|100%| S|CS|TAMS 0x0000000707600000| PB 0x0000000707600000| Complete 
|  14|0x0000000707800000, 0x0000000707800000, 0x0000000707a00000|  0%| F|  |TAMS 0x0000000707800000| PB 0x0000000707800000| Untracked 
|  15|0x0000000707a00000, 0x0000000707a00000, 0x0000000707c00000|  0%| F|  |TAMS 0x0000000707a00000| PB 0x0000000707a00000| Untracked 
|  16|0x0000000707c00000, 0x0000000707c00000, 0x0000000707e00000|  0%| F|  |TAMS 0x0000000707c00000| PB 0x0000000707c00000| Untracked 
|  17|0x0000000707e00000, 0x0000000707f3e8d0, 0x0000000708000000| 62%| E|  |TAMS 0x0000000707e00000| PB 0x0000000707e00000| Complete 
|  18|0x0000000708000000, 0x0000000708200000, 0x0000000708200000|100%| E|CS|TAMS 0x0000000708000000| PB 0x0000000708000000| Complete 
|  19|0x0000000708200000, 0x0000000708400000, 0x0000000708400000|100%| E|CS|TAMS 0x0000000708200000| PB 0x0000000708200000| Complete 
|  20|0x0000000708400000, 0x0000000708600000, 0x0000000708600000|100%| E|CS|TAMS 0x0000000708400000| PB 0x0000000708400000| Complete 
|  21|0x0000000708600000, 0x0000000708800000, 0x0000000708800000|100%| E|CS|TAMS 0x0000000708600000| PB 0x0000000708600000| Complete 
|  22|0x0000000708800000, 0x0000000708a00000, 0x0000000708a00000|100%| E|CS|TAMS 0x0000000708800000| PB 0x0000000708800000| Complete 
|  98|0x0000000712000000, 0x0000000712200000, 0x0000000712200000|100%| E|CS|TAMS 0x0000000712000000| PB 0x0000000712000000| Complete 
|  99|0x0000000712200000, 0x0000000712400000, 0x0000000712400000|100%| E|CS|TAMS 0x0000000712200000| PB 0x0000000712200000| Complete 
| 100|0x0000000712400000, 0x0000000712600000, 0x0000000712600000|100%| E|CS|TAMS 0x0000000712400000| PB 0x0000000712400000| Complete 
| 125|0x0000000715600000, 0x0000000715800000, 0x0000000715800000|100%| E|CS|TAMS 0x0000000715600000| PB 0x0000000715600000| Complete 

Card table byte_map: [0x00000203b2e60000,0x00000203b3640000] _byte_map_base: 0x00000203af632000

Marking Bits: (CMBitMap*) 0x00000203a719afc0
 Bits: [0x00000203b3640000, 0x00000203b74d0000)

Polling page: 0x00000203a5040000

Metaspace:

Usage:
  Non-class:     26.35 MB used.
      Class:      4.08 MB used.
       Both:     30.43 MB used.

Virtual space:
  Non-class space:       64.00 MB reserved,      26.62 MB ( 42%) committed,  1 nodes.
      Class space:        1.00 GB reserved,       4.31 MB ( <1%) committed,  1 nodes.
             Both:        1.06 GB reserved,      30.94 MB (  3%) committed. 

Chunk freelists:
   Non-Class:  5.00 MB
       Class:  11.73 MB
        Both:  16.72 MB

MaxMetaspaceSize: unlimited
CompressedClassSpaceSize: 1.00 GB
Initial GC threshold: 21.00 MB
Current GC threshold: 35.25 MB
CDS: on
 - commit_granule_bytes: 65536.
 - commit_granule_words: 8192.
 - virtual_space_node_default_size: 8388608.
 - enlarge_chunks_in_place: 1.
 - use_allocation_guard: 0.


Internal statistics:

num_allocs_failed_limit: 3.
num_arena_births: 708.
num_arena_deaths: 0.
num_vsnodes_births: 2.
num_vsnodes_deaths: 0.
num_space_committed: 495.
num_space_uncommitted: 0.
num_chunks_returned_to_freelist: 3.
num_chunks_taken_from_freelist: 1773.
num_chunk_merges: 3.
num_chunk_splits: 1205.
num_chunks_enlarged: 855.
num_inconsistent_stats: 0.

CodeCache: size=49152Kb used=10041Kb max_used=10041Kb free=39110Kb
 bounds [0x00000203af570000, 0x00000203aff40000, 0x00000203b2570000]
 total_blobs=4907 nmethods=4336 adapters=491
 compilation: enabled
              stopped_count=0, restarted_count=0
 full_count=0

Compilation events (20 events):
Event: 8.110 Thread 0x00000203ffcf9320 nmethod 4322 0x00000203aff36090 code [0x00000203aff36240, 0x00000203aff36338]
Event: 8.113 Thread 0x00000203ffcfa710 nmethod 4317 0x00000203aff36410 code [0x00000203aff36ae0, 0x00000203aff387e8]
Event: 8.128 Thread 0x00000203ffcf9320 4324       1       java.lang.invoke.DirectMethodHandle$Holder::invokeStatic (24 bytes)
Event: 8.128 Thread 0x00000203ffcf9320 nmethod 4324 0x00000203aff39910 code [0x00000203aff39ac0, 0x00000203aff39c00]
Event: 8.141 Thread 0x00000203ffcfa710 4325       1       java.util.BitSet::expandTo (23 bytes)
Event: 8.141 Thread 0x00000203b9ef47f0 4326       1       java.util.BitSet::set (58 bytes)
Event: 8.141 Thread 0x00000203ffcfa710 nmethod 4325 0x00000203aff39d10 code [0x00000203aff39ec0, 0x00000203aff39fd0]
Event: 8.141 Thread 0x00000203b9ef47f0 nmethod 4326 0x00000203aff3a090 code [0x00000203aff3a2a0, 0x00000203aff3a6a8]
Event: 8.144 Thread 0x00000203ffcf9320 4327       1       java.util.StringTokenizer::scanToken (179 bytes)
Event: 8.145 Thread 0x00000203ffcf9320 nmethod 4327 0x00000203aff3a910 code [0x00000203aff3ab20, 0x00000203aff3b0d8]
Event: 8.166 Thread 0x00000203ffcf9320 4329       1       java.lang.invoke.DirectMethodHandle::rebind (5 bytes)
Event: 8.167 Thread 0x00000203ffcf9320 nmethod 4329 0x00000203aff3bb90 code [0x00000203aff3bd60, 0x00000203aff3bfc8]
Event: 8.172 Thread 0x00000203ffcfa710 4331       1       java.util.logging.LogManager$LoggerContext::getGlobalLogger (6 bytes)
Event: 8.172 Thread 0x00000203ffcfa710 nmethod 4331 0x00000203aff3c110 code [0x00000203aff3c2a0, 0x00000203aff3c370]
Event: 8.174 Thread 0x00000203ffcfa710 4332       1       java.util.ResourceBundle$CacheKey::getLocale (5 bytes)
Event: 8.174 Thread 0x00000203ffcfa710 nmethod 4332 0x00000203aff3ca10 code [0x00000203aff3cba0, 0x00000203aff3cc70]
Event: 8.192 Thread 0x00000203b9f3dc60 4333       1       javax.management.ObjectName$Property::setKeyIndex (6 bytes)
Event: 8.192 Thread 0x00000203b9f3dc60 nmethod 4333 0x00000203aff3cd10 code [0x00000203aff3cea0, 0x00000203aff3cf68]
Event: 8.195 Thread 0x00000203ffcf9320 4336       1       java.lang.invoke.LambdaForm::arity (5 bytes)
Event: 8.195 Thread 0x00000203ffcf9320 nmethod 4336 0x00000203aff3e210 code [0x00000203aff3e3a0, 0x00000203aff3e468]

GC Heap History (12 events):
Event: 0.795 GC heap before
{Heap before GC invocations=0 (full 0):
 garbage-first heap   total 258048K, used 22528K [0x0000000705c00000, 0x0000000800000000)
  region size 2048K, 11 young (22528K), 0 survivors (0K)
 Metaspace       used 6080K, committed 6336K, reserved 1114112K
  class space    used 706K, committed 832K, reserved 1048576K
}
Event: 0.802 GC heap after
{Heap after GC invocations=1 (full 0):
 garbage-first heap   total 258048K, used 7285K [0x0000000705c00000, 0x0000000800000000)
  region size 2048K, 2 young (4096K), 2 survivors (4096K)
 Metaspace       used 6080K, committed 6336K, reserved 1114112K
  class space    used 706K, committed 832K, reserved 1048576K
}
Event: 1.427 GC heap before
{Heap before GC invocations=1 (full 0):
 garbage-first heap   total 258048K, used 29813K [0x0000000705c00000, 0x0000000800000000)
  region size 2048K, 14 young (28672K), 2 survivors (4096K)
 Metaspace       used 11466K, committed 11840K, reserved 1114112K
  class space    used 1508K, committed 1728K, reserved 1048576K
}
Event: 1.433 GC heap after
{Heap after GC invocations=2 (full 0):
 garbage-first heap   total 258048K, used 10211K [0x0000000705c00000, 0x0000000800000000)
  region size 2048K, 2 young (4096K), 2 survivors (4096K)
 Metaspace       used 11466K, committed 11840K, reserved 1114112K
  class space    used 1508K, committed 1728K, reserved 1048576K
}
Event: 4.652 GC heap before
{Heap before GC invocations=2 (full 0):
 garbage-first heap   total 258048K, used 55267K [0x0000000705c00000, 0x0000000800000000)
  region size 2048K, 25 young (51200K), 2 survivors (4096K)
 Metaspace       used 21164K, committed 21504K, reserved 1114112K
  class space    used 2759K, committed 2880K, reserved 1048576K
}
Event: 4.659 GC heap after
{Heap after GC invocations=3 (full 0):
 garbage-first heap   total 258048K, used 13232K [0x0000000705c00000, 0x0000000800000000)
  region size 2048K, 3 young (6144K), 3 survivors (6144K)
 Metaspace       used 21164K, committed 21504K, reserved 1114112K
  class space    used 2759K, committed 2880K, reserved 1048576K
}
Event: 5.235 GC heap before
{Heap before GC invocations=4 (full 0):
 garbage-first heap   total 55296K, used 37808K [0x0000000705c00000, 0x0000000800000000)
  region size 2048K, 16 young (32768K), 3 survivors (6144K)
 Metaspace       used 24007K, committed 24448K, reserved 1114112K
  class space    used 3128K, committed 3328K, reserved 1048576K
}
Event: 5.243 GC heap after
{Heap after GC invocations=5 (full 0):
 garbage-first heap   total 55296K, used 15829K [0x0000000705c00000, 0x0000000800000000)
  region size 2048K, 2 young (4096K), 2 survivors (4096K)
 Metaspace       used 24007K, committed 24448K, reserved 1114112K
  class space    used 3128K, committed 3328K, reserved 1048576K
}
Event: 6.788 GC heap before
{Heap before GC invocations=5 (full 0):
 garbage-first heap   total 55296K, used 38357K [0x0000000705c00000, 0x0000000800000000)
  region size 2048K, 13 young (26624K), 2 survivors (4096K)
 Metaspace       used 25537K, committed 25984K, reserved 1114112K
  class space    used 3351K, committed 3584K, reserved 1048576K
}
Event: 6.802 GC heap after
{Heap after GC invocations=6 (full 0):
 garbage-first heap   total 55296K, used 17249K [0x0000000705c00000, 0x0000000800000000)
  region size 2048K, 2 young (4096K), 2 survivors (4096K)
 Metaspace       used 25537K, committed 25984K, reserved 1114112K
  class space    used 3351K, committed 3584K, reserved 1048576K
}
Event: 7.593 GC heap before
{Heap before GC invocations=6 (full 0):
 garbage-first heap   total 55296K, used 37729K [0x0000000705c00000, 0x0000000800000000)
  region size 2048K, 13 young (26624K), 2 survivors (4096K)
 Metaspace       used 27820K, committed 28288K, reserved 1114112K
  class space    used 3719K, committed 3968K, reserved 1048576K
}
Event: 7.602 GC heap after
{Heap after GC invocations=7 (full 0):
 garbage-first heap   total 55296K, used 18509K [0x0000000705c00000, 0x0000000800000000)
  region size 2048K, 2 young (4096K), 2 survivors (4096K)
 Metaspace       used 27820K, committed 28288K, reserved 1114112K
  class space    used 3719K, committed 3968K, reserved 1048576K
}

Dll operation events (12 events):
Event: 0.012 Loaded shared library C:\Users\Toshiba\.jdks\openjdk-21.0.2\bin\java.dll
Event: 0.196 Loaded shared library C:\Users\Toshiba\.jdks\openjdk-21.0.2\bin\zip.dll
Event: 0.199 Loaded shared library C:\Users\Toshiba\.jdks\openjdk-21.0.2\bin\instrument.dll
Event: 0.207 Loaded shared library C:\Users\Toshiba\.jdks\openjdk-21.0.2\bin\net.dll
Event: 0.211 Loaded shared library C:\Users\Toshiba\.jdks\openjdk-21.0.2\bin\nio.dll
Event: 0.214 Loaded shared library C:\Users\Toshiba\.jdks\openjdk-21.0.2\bin\zip.dll
Event: 0.343 Loaded shared library C:\Program Files\JetBrains\IntelliJ IDEA 2023.3.4\bin\breakgen64.dll
Event: 0.348 Loaded shared library C:\Users\Toshiba\.jdks\openjdk-21.0.2\bin\jimage.dll
Event: 0.353 Loaded shared library C:\Users\Toshiba\.jdks\openjdk-21.0.2\bin\extnet.dll
Event: 0.369 Loaded shared library C:\Users\Toshiba\.jdks\openjdk-21.0.2\bin\management.dll
Event: 0.380 Loaded shared library C:\Users\Toshiba\.jdks\openjdk-21.0.2\bin\management_ext.dll
Event: 4.575 Loaded shared library C:\Users\Toshiba\.jdks\openjdk-21.0.2\bin\sunmscapi.dll

Deoptimization events (0 events):
No events

Classes loaded (20 events):
Event: 8.073 Loading class java/beans/PropertyChangeSupport
Event: 8.073 Loading class java/beans/PropertyChangeSupport done
Event: 8.073 Loading class java/beans/PropertyChangeSupport$PropertyChangeListenerMap
Event: 8.073 Loading class java/beans/ChangeListenerMap
Event: 8.073 Loading class java/beans/ChangeListenerMap done
Event: 8.073 Loading class java/beans/PropertyChangeSupport$PropertyChangeListenerMap done
Event: 8.073 Loading class java/beans/PropertyChangeListener
Event: 8.073 Loading class java/beans/PropertyChangeListener done
Event: 8.093 Loading class java/beans/PropertyChangeEvent
Event: 8.093 Loading class java/beans/PropertyChangeEvent done
Event: 8.108 Loading class java/nio/BufferUnderflowException
Event: 8.108 Loading class java/nio/BufferUnderflowException done
Event: 8.120 Loading class java/io/FileReader
Event: 8.120 Loading class java/io/FileReader done
Event: 8.155 Loading class java/lang/instrument/IllegalClassFormatException
Event: 8.155 Loading class java/lang/instrument/IllegalClassFormatException done
Event: 8.155 Loading class java/lang/UnsupportedClassVersionError
Event: 8.155 Loading class java/lang/UnsupportedClassVersionError done
Event: 8.189 Loading class java/util/logging/LogRecord
Event: 8.189 Loading class java/util/logging/LogRecord done

Classes unloaded (0 events):
No events

Classes redefined (0 events):
No events

Internal exceptions (20 events):
Event: 7.512 Thread 0x00000203a7131fd0 Exception <a 'java/lang/NoSuchMethodError'{0x0000000707c626a8}: 'int java.lang.invoke.DirectMethodHandle$Holder.invokeSpecial(java.lang.Object, java.lang.Object, int)'> (0x0000000707c626a8) 
thrown [s\open\src\hotspot\share\interpreter\linkResolver.cpp, line 773]
Event: 7.512 Thread 0x00000203a7131fd0 Exception <a 'java/lang/NoSuchMethodError'{0x0000000707c69c88}: 'int java.lang.invoke.Invokers$Holder.linkToTargetMethod(java.lang.Object, java.lang.Object)'> (0x0000000707c69c88) 
thrown [s\open\src\hotspot\share\interpreter\linkResolver.cpp, line 773]
Event: 7.558 Thread 0x00000203a7131fd0 Exception <a 'java/lang/NoSuchMethodError'{0x0000000707d169a0}: 'java.lang.Object java.lang.invoke.Invokers$Holder.invoke_MT(java.lang.Object, java.lang.Object, java.lang.Object, java.lang.Object, java.lang.Object, java.lang.Object, java.lang.Object, java.lang.Object, java.lang.Object, java.lang.Object)'> (0x0000000707d169a0) 
thrown [s\open\src\hotspot\share\interpreter\linkResolver.cpp, line 773]
Event: 7.567 Thread 0x00000203a7131fd0 Exception <a 'java/lang/NoSuchMethodError'{0x0000000707d55de0}: 'java.lang.Object java.lang.invoke.DirectMethodHandle$Holder.invokeSpecial(java.lang.Object, java.lang.Object, int, java.lang.Object, java.lang.Object)'> (0x0000000707d55de0) 
thrown [s\open\src\hotspot\share\interpreter\linkResolver.cpp, line 773]
Event: 7.567 Thread 0x00000203a7131fd0 Exception <a 'java/lang/NoSuchMethodError'{0x0000000707d59810}: 'java.lang.Object java.lang.invoke.DelegatingMethodHandle$Holder.delegate(java.lang.Object, int, java.lang.Object, java.lang.Object)'> (0x0000000707d59810) 
thrown [s\open\src\hotspot\share\interpreter\linkResolver.cpp, line 773]
Event: 7.569 Thread 0x00000203a7131fd0 Exception <a 'java/lang/NoSuchMethodError'{0x0000000707d68b38}: 'int java.lang.invoke.Invokers$Holder.linkToTargetMethod(java.lang.Object, java.lang.Object, java.lang.Object)'> (0x0000000707d68b38) 
thrown [s\open\src\hotspot\share\interpreter\linkResolver.cpp, line 773]
Event: 7.607 Thread 0x00000203a7131fd0 Exception <a 'java/lang/NoSuchMethodError'{0x00000007156279f8}: 'void java.lang.invoke.Invokers$Holder.invokeExact_MT(java.lang.Object, java.lang.Object, java.lang.Object)'> (0x00000007156279f8) 
thrown [s\open\src\hotspot\share\interpreter\linkResolver.cpp, line 773]
Event: 7.625 Thread 0x00000203a7131fd0 Exception <a 'java/lang/NoClassDefFoundError'{0x00000007156a3748}: org/flywaydb/core/Flyway> (0x00000007156a3748) 
thrown [s\open\src\hotspot\share\classfile\systemDictionary.cpp, line 301]
Event: 7.625 Thread 0x00000203a7131fd0 Exception <a 'java/lang/NoClassDefFoundError'{0x00000007156a61d8}: liquibase/integration/spring/SpringLiquibase> (0x00000007156a61d8) 
thrown [s\open\src\hotspot\share\classfile\systemDictionary.cpp, line 301]
Event: 7.716 Thread 0x00000203a7131fd0 Exception <a 'java/lang/NoSuchMethodError'{0x000000071255cc48}: 'java.lang.Object java.lang.invoke.DirectMethodHandle$Holder.invokeVirtual(java.lang.Object, java.lang.Object, java.lang.Object, java.lang.Object, java.lang.Object)'> (0x000000071255cc48) 
thrown [s\open\src\hotspot\share\interpreter\linkResolver.cpp, line 773]
Event: 7.864 Thread 0x00000203a7131fd0 Exception <a 'java/lang/NoSuchMethodError'{0x00000007121626f8}: 'java.lang.Object java.lang.invoke.DirectMethodHandle$Holder.invokeVirtual(java.lang.Object, java.lang.Object, java.lang.Object, java.lang.Object, java.lang.Object, java.lang.Object)'> (0x00000007121626f8) 
thrown [s\open\src\hotspot\share\interpreter\linkResolver.cpp, line 773]
Event: 7.926 Thread 0x00000203a7131fd0 Exception <a 'java/lang/NoSuchMethodError'{0x00000007088aa738}: 'void java.lang.invoke.DirectMethodHandle$Holder.invokeInterface(java.lang.Object, java.lang.Object, int)'> (0x00000007088aa738) 
thrown [s\open\src\hotspot\share\interpreter\linkResolver.cpp, line 773]
Event: 7.932 Thread 0x00000203a7131fd0 Exception <a 'java/lang/IncompatibleClassChangeError'{0x00000007088eceb0}: Found class java.lang.Object, but interface was expected> (0x00000007088eceb0) 
thrown [s\open\src\hotspot\share\interpreter\linkResolver.cpp, line 840]
Event: 7.935 Thread 0x00000203a7131fd0 Exception <a 'java/lang/NoSuchMethodError'{0x000000070890a6f8}: 'void java.lang.invoke.DirectMethodHandle$Holder.invokeStatic(java.lang.Object, int, java.lang.Object)'> (0x000000070890a6f8) 
thrown [s\open\src\hotspot\share\interpreter\linkResolver.cpp, line 773]
Event: 7.941 Thread 0x00000203a7131fd0 Exception <a 'java/lang/NoSuchMethodError'{0x0000000708942ae0}: 'void java.lang.invoke.DirectMethodHandle$Holder.invokeStatic(java.lang.Object, java.lang.Object, java.lang.Object, int, java.lang.Object)'> (0x0000000708942ae0) 
thrown [s\open\src\hotspot\share\interpreter\linkResolver.cpp, line 773]
Event: 7.942 Thread 0x00000203a7131fd0 Exception <a 'java/lang/NoSuchMethodError'{0x0000000708949320}: 'java.lang.Object java.lang.invoke.DirectMethodHandle$Holder.newInvokeSpecial(java.lang.Object, java.lang.Object, java.lang.Object, int)'> (0x0000000708949320) 
thrown [s\open\src\hotspot\share\interpreter\linkResolver.cpp, line 773]
Event: 7.942 Thread 0x00000203a7131fd0 Exception <a 'java/lang/NoSuchMethodError'{0x000000070894d1a0}: 'java.lang.Object java.lang.invoke.DirectMethodHandle$Holder.invokeSpecial(java.lang.Object, java.lang.Object, java.lang.Object, java.lang.Object, int)'> (0x000000070894d1a0) 
thrown [s\open\src\hotspot\share\interpreter\linkResolver.cpp, line 773]
Event: 7.942 Thread 0x00000203a7131fd0 Exception <a 'java/lang/NoSuchMethodError'{0x0000000708950628}: 'java.lang.Object java.lang.invoke.Invokers$Holder.linkToTargetMethod(java.lang.Object, java.lang.Object, int, java.lang.Object)'> (0x0000000708950628) 
thrown [s\open\src\hotspot\share\interpreter\linkResolver.cpp, line 773]
Event: 8.166 Thread 0x00000203a7131fd0 Exception <a 'java/lang/NoSuchMethodError'{0x00000007081ae418}: 'int java.lang.invoke.DirectMethodHandle$Holder.invokeVirtual(java.lang.Object, java.lang.Object, java.lang.Object, java.lang.Object)'> (0x00000007081ae418) 
thrown [s\open\src\hotspot\share\interpreter\linkResolver.cpp, line 773]
Event: 8.166 Thread 0x00000203a7131fd0 Exception <a 'java/lang/NoSuchMethodError'{0x00000007081b1e80}: 'int java.lang.invoke.DelegatingMethodHandle$Holder.reinvoke_L(java.lang.Object, java.lang.Object, java.lang.Object, java.lang.Object)'> (0x00000007081b1e80) 
thrown [s\open\src\hotspot\share\interpreter\linkResolver.cpp, line 773]

ZGC Phase Switch (0 events):
No events

VM Operations (20 events):
Event: 5.568 Executing VM operation: HandshakeAllThreads (Deoptimize)
Event: 5.568 Executing VM operation: HandshakeAllThreads (Deoptimize) done
Event: 6.574 Executing VM operation: Cleanup
Event: 6.591 Executing VM operation: Cleanup done
Event: 6.788 Executing VM operation: G1CollectForAllocation (G1 Evacuation Pause)
Event: 6.802 Executing VM operation: G1CollectForAllocation (G1 Evacuation Pause) done
Event: 7.520 Executing VM operation: HandshakeAllThreads (Deoptimize)
Event: 7.520 Executing VM operation: HandshakeAllThreads (Deoptimize) done
Event: 7.593 Executing VM operation: G1CollectForAllocation (G1 Evacuation Pause)
Event: 7.602 Executing VM operation: G1CollectForAllocation (G1 Evacuation Pause) done
Event: 7.674 Executing VM operation: HandshakeAllThreads (Deoptimize)
Event: 7.674 Executing VM operation: HandshakeAllThreads (Deoptimize) done
Event: 7.871 Executing VM operation: HandshakeAllThreads (Deoptimize)
Event: 7.871 Executing VM operation: HandshakeAllThreads (Deoptimize) done
Event: 8.014 Executing VM operation: HandshakeAllThreads (Deoptimize)
Event: 8.014 Executing VM operation: HandshakeAllThreads (Deoptimize) done
Event: 8.154 Executing VM operation: HandshakeAllThreads (Deoptimize)
Event: 8.154 Executing VM operation: HandshakeAllThreads (Deoptimize) done
Event: 8.157 Executing VM operation: HandshakeAllThreads (Deoptimize)
Event: 8.157 Executing VM operation: HandshakeAllThreads (Deoptimize) done

Events (20 events):
Event: 4.741 Thread 0x0000020380697ac0 Thread added: 0x0000020380697ac0
Event: 4.747 Thread 0x0000020380697ac0 Thread exited: 0x0000020380697ac0
Event: 4.893 Thread 0x0000020380697ac0 Thread added: 0x0000020380697ac0
Event: 4.962 Thread 0x0000020380697ac0 Thread exited: 0x0000020380697ac0
Event: 5.249 Thread 0x0000020380e25620 Thread added: 0x0000020380e25620
Event: 5.257 Thread 0x0000020380e25620 Thread exited: 0x0000020380e25620
Event: 5.764 Thread 0x0000020380e1fdf0 Thread added: 0x0000020380e1fdf0
Event: 5.785 Thread 0x0000020380e22470 Thread added: 0x0000020380e22470
Event: 5.793 Thread 0x0000020380e22470 Thread exited: 0x0000020380e22470
Event: 6.298 Thread 0x00000203ff14ef00 Thread added: 0x00000203ff14ef00
Event: 6.322 Thread 0x00000203ff14ef00 Thread exited: 0x00000203ff14ef00
Event: 6.817 Thread 0x00000203ffcfa710 Thread added: 0x00000203ffcfa710
Event: 6.817 Thread 0x00000203ffcf9320 Thread added: 0x00000203ffcf9320
Event: 6.817 Thread 0x00000203ff14e1e0 Thread added: 0x00000203ff14e1e0
Event: 6.828 Thread 0x00000203ff14e1e0 Thread exited: 0x00000203ff14e1e0
Event: 7.333 Thread 0x00000203ffa9df30 Thread added: 0x00000203ffa9df30
Event: 7.339 Thread 0x00000203ffa9aab0 Thread added: 0x00000203ffa9aab0
Event: 7.343 Thread 0x00000203ffa9aab0 Thread exited: 0x00000203ffa9aab0
Event: 7.846 Thread 0x00000203ffa9d210 Thread added: 0x00000203ffa9d210
Event: 7.855 Thread 0x00000203ffa9d210 Thread exited: 0x00000203ffa9d210


Dynamic libraries:
0x00007ff75a370000 - 0x00007ff75a37e000 	C:\Users\Toshiba\.jdks\openjdk-21.0.2\bin\java.exe
0x00007ffeed290000 - 0x00007ffeed4a7000 	C:\Windows\SYSTEM32\ntdll.dll
0x00007ffeebc60000 - 0x00007ffeebd24000 	C:\Windows\System32\KERNEL32.DLL
0x00007ffeeaa70000 - 0x00007ffeeae2a000 	C:\Windows\System32\KERNELBASE.dll
0x00007ffeea570000 - 0x00007ffeea681000 	C:\Windows\System32\ucrtbase.dll
0x00007ffe93230000 - 0x00007ffe93248000 	C:\Users\Toshiba\.jdks\openjdk-21.0.2\bin\jli.dll
0x00007ffe93070000 - 0x00007ffe9308b000 	C:\Users\Toshiba\.jdks\openjdk-21.0.2\bin\VCRUNTIME140.dll
0x00007ffeec610000 - 0x00007ffeec7be000 	C:\Windows\System32\USER32.dll
0x00007ffeea690000 - 0x00007ffeea6b6000 	C:\Windows\System32\win32u.dll
0x00007ffed2950000 - 0x00007ffed2be2000 	C:\Windows\WinSxS\amd64_microsoft.windows.common-controls_6595b64144ccf1df_6.0.22621.4541_none_2710d1c57384c085\COMCTL32.dll
0x00007ffeec2a0000 - 0x00007ffeec2c9000 	C:\Windows\System32\GDI32.dll
0x00007ffeebec0000 - 0x00007ffeebf67000 	C:\Windows\System32\msvcrt.dll
0x00007ffeea760000 - 0x00007ffeea87b000 	C:\Windows\System32\gdi32full.dll
0x00007ffeea6c0000 - 0x00007ffeea75a000 	C:\Windows\System32\msvcp_win.dll
0x00007ffeebdd0000 - 0x00007ffeebe01000 	C:\Windows\System32\IMM32.DLL
0x00007ffec7070000 - 0x00007ffec707c000 	C:\Users\Toshiba\.jdks\openjdk-21.0.2\bin\vcruntime140_1.dll
0x00007ffe89a80000 - 0x00007ffe89b0e000 	C:\Users\Toshiba\.jdks\openjdk-21.0.2\bin\msvcp140.dll
0x00007ffe6cda0000 - 0x00007ffe6dab7000 	C:\Users\Toshiba\.jdks\openjdk-21.0.2\bin\server\jvm.dll
0x00007ffeebb20000 - 0x00007ffeebbd2000 	C:\Windows\System32\ADVAPI32.dll
0x00007ffeec1d0000 - 0x00007ffeec277000 	C:\Windows\System32\sechost.dll
0x00007ffeea880000 - 0x00007ffeea8a8000 	C:\Windows\System32\bcrypt.dll
0x00007ffeec0b0000 - 0x00007ffeec1c4000 	C:\Windows\System32\RPCRT4.dll
0x00007ffeeb0a0000 - 0x00007ffeeb111000 	C:\Windows\System32\WS2_32.dll
0x00007ffee93c0000 - 0x00007ffee940d000 	C:\Windows\SYSTEM32\POWRPROF.dll
0x00007ffee3150000 - 0x00007ffee315a000 	C:\Windows\SYSTEM32\VERSION.dll
0x00007ffee31c0000 - 0x00007ffee31f4000 	C:\Windows\SYSTEM32\WINMM.dll
0x00007ffee93a0000 - 0x00007ffee93b3000 	C:\Windows\SYSTEM32\UMPDC.dll
0x00007ffee95c0000 - 0x00007ffee95d8000 	C:\Windows\SYSTEM32\kernel.appcore.dll
0x00007ffec1910000 - 0x00007ffec191a000 	C:\Users\Toshiba\.jdks\openjdk-21.0.2\bin\jimage.dll
0x00007ffee7ff0000 - 0x00007ffee8222000 	C:\Windows\SYSTEM32\DBGHELP.DLL
0x00007ffeeb780000 - 0x00007ffeebb0f000 	C:\Windows\System32\combase.dll
0x00007ffeebf70000 - 0x00007ffeec047000 	C:\Windows\System32\OLEAUT32.dll
0x00007ffecd8a0000 - 0x00007ffecd8d2000 	C:\Windows\SYSTEM32\dbgcore.DLL
0x00007ffeea8b0000 - 0x00007ffeea92b000 	C:\Windows\System32\bcryptPrimitives.dll
0x00007ffedada0000 - 0x00007ffedadaf000 	C:\Users\Toshiba\.jdks\openjdk-21.0.2\bin\instrument.dll
0x00007ffe8f500000 - 0x00007ffe8f51f000 	C:\Users\Toshiba\.jdks\openjdk-21.0.2\bin\java.dll
0x00007ffeec7c0000 - 0x00007ffeed038000 	C:\Windows\System32\SHELL32.dll
0x00007ffee8470000 - 0x00007ffee8d78000 	C:\Windows\SYSTEM32\windows.storage.dll
0x00007ffee8330000 - 0x00007ffee846f000 	C:\Windows\SYSTEM32\wintypes.dll
0x00007ffeec510000 - 0x00007ffeec60a000 	C:\Windows\System32\SHCORE.dll
0x00007ffeed040000 - 0x00007ffeed09e000 	C:\Windows\System32\shlwapi.dll
0x00007ffeea4a0000 - 0x00007ffeea4cb000 	C:\Windows\SYSTEM32\profapi.dll
0x00007ffe88690000 - 0x00007ffe886a8000 	C:\Users\Toshiba\.jdks\openjdk-21.0.2\bin\zip.dll
0x00007ffeba5c0000 - 0x00007ffeba5d0000 	C:\Users\Toshiba\.jdks\openjdk-21.0.2\bin\net.dll
0x00007ffee4700000 - 0x00007ffee4836000 	C:\Windows\SYSTEM32\WINHTTP.dll
0x00007ffee9ad0000 - 0x00007ffee9b39000 	C:\Windows\system32\mswsock.dll
0x00007ffe89a30000 - 0x00007ffe89a46000 	C:\Users\Toshiba\.jdks\openjdk-21.0.2\bin\nio.dll
0x00007ffedad80000 - 0x00007ffedad9a000 	C:\Program Files\JetBrains\IntelliJ IDEA 2023.3.4\bin\breakgen64.dll
0x00007ffeb8050000 - 0x00007ffeb8059000 	C:\Users\Toshiba\.jdks\openjdk-21.0.2\bin\extnet.dll
0x00007ffee9080000 - 0x00007ffee9182000 	C:\Windows\SYSTEM32\DNSAPI.dll
0x00007ffee9050000 - 0x00007ffee907d000 	C:\Windows\SYSTEM32\IPHLPAPI.DLL
0x00007ffeec050000 - 0x00007ffeec059000 	C:\Windows\System32\NSI.dll
0x00007ffee3190000 - 0x00007ffee319a000 	C:\Windows\System32\rasadhlp.dll
0x00007ffee2f40000 - 0x00007ffee2fc3000 	C:\Windows\System32\fwpuclnt.dll
0x00007ffee2ec0000 - 0x00007ffee2eca000 	C:\Users\Toshiba\.jdks\openjdk-21.0.2\bin\management.dll
0x00007ffedadc0000 - 0x00007ffedadcb000 	C:\Users\Toshiba\.jdks\openjdk-21.0.2\bin\management_ext.dll
0x00007ffeeb770000 - 0x00007ffeeb778000 	C:\Windows\System32\PSAPI.DLL
0x00007ffee9e20000 - 0x00007ffee9e3b000 	C:\Windows\SYSTEM32\CRYPTSP.dll
0x00007ffee95e0000 - 0x00007ffee9615000 	C:\Windows\system32\rsaenh.dll
0x00007ffee9b70000 - 0x00007ffee9b98000 	C:\Windows\SYSTEM32\USERENV.dll
0x00007ffee9cd0000 - 0x00007ffee9cdc000 	C:\Windows\SYSTEM32\CRYPTBASE.dll
0x00007ffeba7c0000 - 0x00007ffeba7d7000 	C:\Windows\system32\napinsp.dll
0x00007ffeb9ac0000 - 0x00007ffeb9adb000 	C:\Windows\system32\pnrpnsp.dll
0x00007ffeb7e50000 - 0x00007ffeb7e61000 	C:\Windows\System32\winrnr.dll
0x00007ffeb6ce0000 - 0x00007ffeb6cf5000 	C:\Windows\system32\wshbth.dll
0x00007ffeb6680000 - 0x00007ffeb66a7000 	C:\Windows\system32\nlansp_c.dll
0x00007ffedadb0000 - 0x00007ffedadbe000 	C:\Users\Toshiba\.jdks\openjdk-21.0.2\bin\sunmscapi.dll
0x00007ffeeae30000 - 0x00007ffeeaf96000 	C:\Windows\System32\CRYPT32.dll
0x00007ffee9f10000 - 0x00007ffee9f3d000 	C:\Windows\SYSTEM32\ncrypt.dll
0x00007ffee9ed0000 - 0x00007ffee9f07000 	C:\Windows\SYSTEM32\NTASN1.dll

dbghelp: loaded successfully - version: 4.0.5 - missing functions: none
symbol engine: initialized successfully - sym options: 0x614 - pdb path: .;C:\Users\Toshiba\.jdks\openjdk-21.0.2\bin;C:\Windows\SYSTEM32;C:\Windows\WinSxS\amd64_microsoft.windows.common-controls_6595b64144ccf1df_6.0.22621.4541_none_2710d1c57384c085;C:\Users\Toshiba\.jdks\openjdk-21.0.2\bin\server;C:\Program Files\JetBrains\IntelliJ IDEA 2023.3.4\bin

VM Arguments:
jvm_args: -XX:TieredStopAtLevel=1 -Dspring.output.ansi.enabled=always -Dcom.sun.management.jmxremote -Dspring.jmx.enabled=true -Dspring.liveBeansView.mbeanDomain -Dspring.application.admin.enabled=true -Dmanagement.endpoints.jmx.exposure.include=* -javaagent:C:\Program Files\JetBrains\IntelliJ IDEA 2023.3.4\lib\idea_rt.jar=64617:C:\Program Files\JetBrains\IntelliJ IDEA 2023.3.4\bin -Dfile.encoding=UTF-8 -Dsun.stdout.encoding=UTF-8 -Dsun.stderr.encoding=UTF-8 
java_command: com.mproduits.eurekaServer.EurekaServerApplication
java_class_path (initial): C:\Users\Toshiba\Downloads\eurekaServer (1)\eurekaServer\target\classes;C:\Users\Toshiba\.m2\repository\org\springframework\boot\spring-boot-starter-actuator\3.3.5\spring-boot-starter-actuator-3.3.5.jar;C:\Users\Toshiba\.m2\repository\org\springframework\boot\spring-boot-starter\3.3.5\spring-boot-starter-3.3.5.jar;C:\Users\Toshiba\.m2\repository\org\springframework\boot\spring-boot\3.3.5\spring-boot-3.3.5.jar;C:\Users\Toshiba\.m2\repository\org\springframework\spring-context\6.1.14\spring-context-6.1.14.jar;C:\Users\Toshiba\.m2\repository\org\springframework\spring-aop\6.1.14\spring-aop-6.1.14.jar;C:\Users\Toshiba\.m2\repository\org\springframework\spring-expression\6.1.14\spring-expression-6.1.14.jar;C:\Users\Toshiba\.m2\repository\org\springframework\boot\spring-boot-autoconfigure\3.3.5\spring-boot-autoconfigure-3.3.5.jar;C:\Users\Toshiba\.m2\repository\org\springframework\boot\spring-boot-starter-logging\3.3.5\spring-boot-starter-logging-3.3.5.jar;C:\Users\Toshiba\.m2\repository\ch\qos\logback\logback-classic\1.5.11\logback-classic-1.5.11.jar;C:\Users\Toshiba\.m2\repository\ch\qos\logback\logback-core\1.5.11\logback-core-1.5.11.jar;C:\Users\Toshiba\.m2\repository\org\apache\logging\log4j\log4j-to-slf4j\2.23.1\log4j-to-slf4j-2.23.1.jar;C:\Users\Toshiba\.m2\repository\org\apache\logging\log4j\log4j-api\2.23.1\log4j-api-2.23.1.jar;C:\Users\Toshiba\.m2\repository\org\slf4j\jul-to-slf4j\2.0.16\jul-to-slf4j-2.0.16.jar;C:\Users\Toshiba\.m2\repository\jakarta\annotation\jakarta.annotation-api\2.1.1\jakarta.annotation-api-2.1.1.jar;C:\Users\Toshiba\.m2\repository\org\yaml\snakeyaml\2.2\snakeyaml-2.2.jar;C:\Users\Toshiba\.m2\repository\org\springframework\boot\spring-boot-actuator-autoconfigure\3.3.5\spring-boot-actuator-autoconfigure-3.3.5.jar;C:\Users\Toshiba\.m2\repository\org\springframework\boot\spring-boot-actuator\3.3.5\spring-boot-actuator-3.3.5.jar;C:\Users\Toshiba\.m2\repository\com\fasterxml\jackson\datatype\jackson-datatype-jsr310\2.17.2\jackson-datatype-jsr310-2.17.2.jar;C:\Users\Toshiba\.m2\repository\io\micrometer\micrometer-observation\1.13.6\micrometer-observation-1.13.6.jar;C:\Users\Toshiba\.m2\repository\io\micrometer\micrometer-commons\1.13.6\micrometer-commons-1.13.6.jar;C:\Users\Toshiba\.m2\repository\io\micrometer\micrometer-jakarta9\1.13.6\micrometer-jakarta9-1.13.6.jar;C:\Users\Toshiba\.m2\repository\io\micrometer\micrometer-core\1.13.6\micrometer-core-1.13.6.jar;C:\Users\Toshiba\.m2\repository\org\hdrhistogram\HdrHistogram\2.2.2\HdrHistogram-2.2.2.jar;C:\Users\Toshiba\.m2\repository\org\latencyutils\LatencyUtils\2.0.3\LatencyUtils-2.0.3.jar;C:\Users\Toshiba\.m2\repository\org\springframework\cloud\spring-cloud-starter-config\4.1.3\spring-cloud-starter-config-4.1.3.jar;C:\Users\Toshiba\.m2\repository\org\springframework\cloud\spring-cloud-starter\4.1.4\spring-cloud-starter-4.1.4.jar;C:\Users\Toshiba\.m2\repository\org\springframework\cloud\spring-cloud-context\4.1.4\spring-cloud-context-4.1.4.jar;C:\Users\Toshiba\.m2\repository\org\springframework\security\spring-security-crypto\6.3.4\spring-security-crypto-6.3.4.jar;C:\Users\Toshiba\.m2\repository\org\springframework\cloud\spring-cloud-commons\4.1.4\spring-cloud-commons-4.1.4.jar;C:\Users\Toshiba\.m2\repository\org\springframework\security\spring-security-rsa\1.1.3\spring-security-rsa-1.1.3.jar;C:\Users\Toshiba\.m2\repository\org\bouncycastle\bcprov-jdk18on\1.78\bcprov-jdk18on-1.78.jar;C:\Users\Toshiba\.m2\repository\org\springframework\cloud\spring-cloud-config-client\4.1.3\spring-cloud-config-client-4.1.3.jar;C:\Users\Toshiba\.m2\repository\org\springframework\spring-web\6.1.14\spring-web-6.1.14.jar;C:\Users\Toshiba\.m2\repository\org\springframework\spring-beans\6.1.14\spring-beans-6.1.14.jar;C:\Users\Toshiba\.m2\repository\com\fasterxml\jackson\core\jackson-annotations\2.17.2\jackson-annotations-2.17.2.jar;C:\Users\Toshiba\.m2\repository\org\apache\httpcomponents\client5\httpclient5\5.3.1\httpclient5-5.3.1.jar;C:\Users\Toshiba\.m2\repository\org\apache\httpcomponents\core5\httpcore5\5.2.5\httpcore5-5.2.5.jar;C:\Users\Toshiba\.m2\repository\org\apache\httpcomponents\core5\httpcore5-h2\5.2.5\httpcore5-h2-5.2.5.jar;C:\Users\Toshiba\.m2\repository\com\fasterxml\jackson\core\jackson-databind\2.17.2\jackson-databind-2.17.2.jar;C:\Users\Toshiba\.m2\repository\com\fasterxml\jackson\core\jackson-core\2.17.2\jackson-core-2.17.2.jar;C:\Users\Toshiba\.m2\repository\org\springframework\cloud\spring-cloud-starter-netflix-eureka-server\4.1.3\spring-cloud-starter-netflix-eureka-server-4.1.3.jar;C:\Users\Toshiba\.m2\repository\org\springframework\cloud\spring-cloud-netflix-eureka-server\4.1.3\spring-cloud-netflix-eureka-server-4.1.3.jar;C:\Users\Toshiba\.m2\repository\org\springframework\boot\spring-boot-starter-web\3.3.5\spring-boot-starter-web-3.3.5.jar;C:\Users\Toshiba\.m2\repository\org\springframework\boot\spring-boot-starter-json\3.3.5\spring-boot-starter-json-3.3.5.jar;C:\Users\Toshiba\.m2\repository\com\fasterxml\jackson\datatype\jackson-datatype-jdk8\2.17.2\jackson-datatype-jdk8-2.17.2.jar;C:\Users\Toshiba\.m2\repository\com\fasterxml\jackson\module\jackson-module-parameter-names\2.17.2\jackson-module-parameter-names-2.17.2.jar;C:\Users\Toshiba\.m2\repository\org\springframework\boot\spring-boot-starter-tomcat\3.3.5\spring-boot-starter-tomcat-3.3.5.jar;C:\Users\Toshiba\.m2\repository\org\apache\tomcat\embed\tomcat-embed-core\10.1.31\tomcat-embed-core-10.1.31.jar;C:\Users\Toshiba\.m2\repository\org\apache\tomcat\embed\tomcat-embed-el\10.1.31\tomcat-embed-el-10.1.31.jar;C:\Users\Toshiba\.m2\repository\org\apache\tomcat\embed\tomcat-embed-websocket\10.1.31\tomcat-embed-websocket-10.1.31.jar;C:\Users\Toshiba\.m2\repository\org\springframework\spring-webmvc\6.1.14\spring-webmvc-6.1.14.jar;C:\Users\Toshiba\.m2\repository\org\springframework\boot\spring-boot-starter-freemarker\3.3.5\spring-boot-starter-freemarker-3.3.5.jar;C:\Users\Toshiba\.m2\repository\org\freemarker\freemarker\2.3.33\freemarker-2.3.33.jar;C:\Users\Toshiba\.m2\repository\org\springframework\spring-context-support\6.1.14\spring-context-support-6.1.14.jar;C:\Users\Toshiba\.m2\repository\org\springframework\cloud\spring-cloud-netflix-eureka-client\4.1.3\spring-cloud-netflix-eureka-client-4.1.3.jar;C:\Users\Toshiba\.m2\repository\com\netflix\eureka\eureka-client\2.0.3\eureka-client-2.0.3.jar;C:\Users\Toshiba\.m2\repository\com\thoughtworks\xstream\xstream\1.4.20\xstream-1.4.20.jar;C:\Users\Toshiba\.m2\repository\io\github\x-stream\mxparser\1.2.2\mxparser-1.2.2.jar;C:\Users\Toshiba\.m2\repository\xmlpull\xmlpull\1.1.3.1\xmlpull-1.1.3.1.jar;C:\Users\Toshiba\.m2\repository\com\netflix\spectator\spectator-api\1.7.3\spectator-api-1.7.3.jar;C:\Users\Toshiba\.m2\repository\org\apache\httpcomponents\httpclient\4.5.3\httpclient-4.5.3.jar;C:\Users\Toshiba\.m2\repository\org\apache\httpcomponents\httpcore\4.4.16\httpcore-4.4.16.jar;C:\Users\Toshiba\.m2\repository\commons-configuration\commons-configuration\1.10\commons-configuration-1.10.jar;C:\Users\Toshiba\.m2\repository\commons-lang\commons-lang\2.6\commons-lang-2.6.jar;C:\Users\Toshiba\.m2\repository\com\netflix\netflix-commons\netflix-eventbus\0.3.0\netflix-eventbus-0.3.0.jar;C:\Users\Toshiba\.m2\repository\com\netflix\netflix-commons\netflix-infix\0.3.0\netflix-infix-0.3.0.jar;C:\Users\Toshiba\.m2\repository\commons-jxpath\commons-jxpath\1.3\commons-jxpath-1.3.jar;C:\Users\Toshiba\.m2\repository\joda-time\joda-time\2.3\joda-time-2.3.jar;C:\Users\Toshiba\.m2\repository\org\antlr\antlr-runtime\3.4\antlr-runtime-3.4.jar;C:\Users\Toshiba\.m2\repository\org\antlr\stringtemplate\3.2.1\stringtemplate-3.2.1.jar;C:\Users\Toshiba\.m2\repository\antlr\antlr\2.7.7\antlr-2.7.7.jar;C:\Users\Toshiba\.m2\repository\com\google\code\gson\gson\2.10.1\gson-2.10.1.jar;C:\Users\Toshiba\.m2\repository\com\netflix\servo\servo-core\0.5.3\servo-core-0.5.3.jar;C:\Users\Toshiba\.m2\repository\org\apache\commons\commons-math\2.2\commons-math-2.2.jar;C:\Users\Toshiba\.m2\repository\javax\annotation\javax.annotation-api\1.2\javax.annotation-api-1.2.jar;C:\Users\Toshiba\.m2\repository\org\codehaus\jettison\jettison\1.5.4\jettison-1.5.4.jar;C:\Users\Toshiba\.m2\repository\com\netflix\eureka\eureka-client-jersey3\2.0.3\eureka-client-jersey3-2.0.3.jar;C:\Users\Toshiba\.m2\repository\org\glassfish\jersey\connectors\jersey-apache-connector\3.1.9\jersey-apache-connector-3.1.9.jar;C:\Users\Toshiba\.m2\repository\commons-codec\commons-codec\1.16.1\commons-codec-1.16.1.jar;C:\Users\Toshiba\.m2\repository\commons-logging\commons-logging\1.3.3\commons-logging-1.3.3.jar;C:\Users\Toshiba\.m2\repository\com\netflix\eureka\eureka-core-jersey3\2.0.3\eureka-core-jersey3-2.0.3.jar;C:\Users\Toshiba\.m2\repository\com\netflix\eureka\eureka-core\2.0.3\eureka-core-2.0.3.jar;C:\Users\Toshiba\.m2\repository\com\google\guava\guava\33.0.0-jre\guava-33.0.0-jre.jar;C:\Users\Toshiba\.m2\repository\com\google\guava\failureaccess\1.0.2\failureaccess-1.0.2.jar;C:\Users\Toshiba\.m2\repository\com\google\guava\listenablefuture\9999.0-empty-to-avoid-conflict-with-guava\listenablefuture-9999.0-empty-to-avoid-conflict-with-guava.jar;C:\Users\Toshiba\.m2\repository\org\checkerframework\checker-qual\3.41.0\checker-qual-3.41.0.jar;C:\Users\Toshiba\.m2\repository\com\google\errorprone\error_prone_annotations\2.23.0\error_prone_annotations-2.23.0.jar;C:\Users\Toshiba\.m2\repository\com\google\j2objc\j2objc-annotations\2.8\j2objc-annotations-2.8.jar;C:\Users\Toshiba\.m2\repository\org\glassfish\jersey\containers\jersey-container-servlet\3.1.9\jersey-container-servlet-3.1.9.jar;C:\Users\Toshiba\.m2\repository\org\glassfish\jersey\containers\jersey-container-servlet-core\3.1.9\jersey-container-servlet-core-3.1.9.jar;C:\Users\Toshiba\.m2\repository\org\glassfish\jersey\core\jersey-common\3.1.9\jersey-common-3.1.9.jar;C:\Users\Toshiba\.m2\repository\org\glassfish\hk2\osgi-resource-locator\1.0.3\osgi-resource-locator-1.0.3.jar;C:\Users\Toshiba\.m2\repository\jakarta\ws\rs\jakarta.ws.rs-api\3.1.0\jakarta.ws.rs-api-3.1.0.jar;C:\Users\Toshiba\.m2\repository\org\glassfish\jersey\core\jersey-server\3.1.9\jersey-server-3.1.9.jar;C:\Users\Toshiba\.m2\repository\jakarta\inject\jakarta.inject-api\2.0.1\jakarta.inject-api-2.0.1.jar;C:\Users\Toshiba\.m2\repository\jakarta\validation\jakarta.validation-api\3.0.2\jakarta.validation-api-3.0.2.jar;C:\Users\Toshiba\.m2\repository\org\glassfish\jersey\core\jersey-client\3.1.9\jersey-client-3.1.9.jar;C:\Users\Toshiba\.m2\repository\org\glassfish\jersey\inject\jersey-hk2\3.1.9\jersey-hk2-3.1.9.jar;C:\Users\Toshiba\.m2\repository\org\glassfish\hk2\hk2-locator\3.0.6\hk2-locator-3.0.6.jar;C:\Users\Toshiba\.m2\repository\org\glassfish\hk2\external\aopalliance-repackaged\3.0.6\aopalliance-repackaged-3.0.6.jar;C:\Users\Toshiba\.m2\repository\org\glassfish\hk2\hk2-utils\3.0.6\hk2-utils-3.0.6.jar;C:\Users\Toshiba\.m2\repository\org\javassist\javassist\3.30.2-GA\javassist-3.30.2-GA.jar;C:\Users\Toshiba\.m2\repository\org\glassfish\hk2\spring-bridge\3.1.1\spring-bridge-3.1.1.jar;C:\Users\Toshiba\.m2\repository\org\glassfish\hk2\hk2-api\3.1.1\hk2-api-3.1.1.jar;C:\Users\Toshiba\.m2\repository\com\fasterxml\jackson\dataformat\jackson-dataformat-xml\2.17.2\jackson-dataformat-xml-2.17.2.jar;C:\Users\Toshiba\.m2\repository\org\codehaus\woodstox\stax2-api\4.2.2\stax2-api-4.2.2.jar;C:\Users\Toshiba\.m2\repository\com\fasterxml\woodstox\woodstox-core\6.7.0\woodstox-core-6.7.0.jar;C:\Users\Toshiba\.m2\repository\org\springframework\cloud\spring-cloud-starter-loadbalancer\4.1.4\spring-cloud-starter-loadbalancer-4.1.4.jar;C:\Users\Toshiba\.m2\repository\org\springframework\cloud\spring-cloud-loadbalancer\4.1.4\spring-cloud-loadbalancer-4.1.4.jar;C:\Users\Toshiba\.m2\repository\io\projectreactor\reactor-core\3.6.11\reactor-core-3.6.11.jar;C:\Users\Toshiba\.m2\repository\org\reactivestreams\reactive-streams\1.0.4\reactive-streams-1.0.4.jar;C:\Users\Toshiba\.m2\repository\io\projectreactor\addons\reactor-extra\3.5.2\reactor-extra-3.5.2.jar;C:\Users\Toshiba\.m2\repository\org\springframework\boot\spring-boot-starter-cache\3.3.5\spring-boot-starter-cache-3.3.5.jar;C:\Users\Toshiba\.m2\repository\com\stoyanr\evictor\1.0.0\evictor-1.0.0.jar;C:\Users\Toshiba\.m2\repository\org\glassfish\jaxb\jaxb-runtime\4.0.5\jaxb-runtime-4.0.5.jar;C:\Users\Toshiba\.m2\repository\org\glassfish\jaxb\jaxb-core\4.0.5\jaxb-core-4.0.5.jar;C:\Users\Toshiba\.m2\repository\org\eclipse\angus\angus-activation\2.0.2\angus-activation-2.0.2.jar;C:\Users\Toshiba\.m2\repository\org\glassfish\jaxb\txw2\4.0.5\txw2-4.0.5.jar;C:\Users\Toshiba\.m2\repository\com\sun\istack\istack-commons-runtime\4.1.2\istack-commons-runtime-4.1.2.jar;C:\Users\Toshiba\.m2\repository\org\slf4j\slf4j-api\2.0.16\slf4j-api-2.0.16.jar;C:\Users\Toshiba\.m2\repository\jakarta\xml\bind\jakarta.xml.bind-api\4.0.2\jakarta.xml.bind-api-4.0.2.jar;C:\Users\Toshiba\.m2\repository\jakarta\activation\jakarta.activation-api\2.1.3\jakarta.activation-api-2.1.3.jar;C:\Users\Toshiba\.m2\repository\org\springframework\spring-core\6.1.14\spring-core-6.1.14.jar;C:\Users\Toshiba\.m2\repository\org\springframework\spring-jcl\6.1.14\spring-jcl-6.1.14.jar
Launcher Type: SUN_STANDARD

[Global flags]
     intx CICompilerCount                          = 4                                         {product} {ergonomic}
     uint ConcGCThreads                            = 2                                         {product} {ergonomic}
     uint G1ConcRefinementThreads                  = 8                                         {product} {ergonomic}
   size_t G1HeapRegionSize                         = 2097152                                   {product} {ergonomic}
    uintx GCDrainStackTargetSize                   = 64                                        {product} {ergonomic}
   size_t InitialHeapSize                          = 264241152                                 {product} {ergonomic}
     bool ManagementServer                         = true                                      {product} {command line}
   size_t MarkStackSize                            = 4194304                                   {product} {ergonomic}
   size_t MaxHeapSize                              = 4198498304                                {product} {ergonomic}
   size_t MaxNewSize                               = 2518679552                                {product} {ergonomic}
   size_t MinHeapDeltaBytes                        = 2097152                                   {product} {ergonomic}
   size_t MinHeapSize                              = 8388608                                   {product} {ergonomic}
    uintx NonNMethodCodeHeapSize                   = 4096                                   {pd product} {ergonomic}
    uintx NonProfiledCodeHeapSize                  = 0                                      {pd product} {ergonomic}
     bool ProfileInterpreter                       = false                                  {pd product} {command line}
    uintx ProfiledCodeHeapSize                     = 0                                      {pd product} {ergonomic}
   size_t SoftMaxHeapSize                          = 4198498304                             {manageable} {ergonomic}
     intx TieredStopAtLevel                        = 1                                         {product} {command line}
     bool UseCompressedOops                        = true                           {product lp64_product} {ergonomic}
     bool UseG1GC                                  = true                                      {product} {ergonomic}
     bool UseLargePagesIndividualAllocation        = false                                  {pd product} {ergonomic}

Logging:
Log output configuration:
 #0: stdout all=warning uptime,level,tags foldmultilines=false
 #1: stderr all=off uptime,level,tags foldmultilines=false

Environment Variables:
JAVA_HOME=C:\Program Files\Java\jdk-17
PATH=C:\Program Files\Microsoft SDKs\Azure\CLI2\wbin;C:\Program Files\Microsoft MPI\Bin\;C:\Users\Toshiba\Downloads\WINDOWS.X64_193000_db_home\bin;C:\Program Files\Common Files\Oracle\Java\javapath;C:\Windows\system32;C:\Windows;C:\Windows\System32\Wbem;C:\Windows\System32\WindowsPowerShell\v1.0\;C:\Windows\System32\OpenSSH\;C:\Program Files\Microsoft SQL Server\Client SDK\ODBC\170\Tools\Binn\;C:\Users\Toshiba\Downloads\win_flex_bison-latest;C:\MinGW\bin;C:\Users\Toshiba\Downloads\jdk-17_windows-x64_bin\jdk-17.0.9\bin;C:\Program Files (x86)\Microsoft SQL Server\160\DTS\Binn\;C:\Program Files (x86)\Microsoft SQL Server\160\Tools\Binn\;C:\Program Files\Microsoft SQL Server\160\Tools\Binn\;C:\Program Files\Microsoft SQL Server\160\DTS\Binn\;C:\Program Files\Azure Data Studio\bin;C:\Program Files (x86)\Microsoft SQL Server\150\Tools\Binn\;C:\Program Files\Microsoft SQL Server\150\Tools\Binn\;C:\Program Files\Microsoft SQL Server\150\DTS\Binn\;C:\Program Files\Microsoft SQL Server\Client SDK\ODBC\130\Tools\Binn\;C:\Program Files (x86)\Microsoft SQL Server\140\Tools\Binn\;C:\Program Files\Microsoft SQL Server\140\Tools\Binn\;C:\Program Files\Microsoft SQL Server\140\DTS\Binn\;C:\Program Files (x86)\Bitvise SSH Client;C:\Program Files\Docker\Docker\resources\bin;C:\Program Files\Git\cmd;C:\MinGW\bin;C:\xampp\php;C:\composer;C:\Program Files\MongoDB\Server\7.0\bin;C:\Program Files\nodejs\;C:\Users\Toshiba\Downloads\apache-maven-3.9.9-bin\apache-maven-3.9.9\bin;C:\Users\Toshiba\Downloads\flutter_windows_3.24.3-stable\flutter\bin;C:\Users\Toshiba\AppData\Local\Pub\Cache\bin;C:\Users\Toshiba\AppData\Local\Programs\Python\Launcher\;C:\Program Files\MySQL\MySQL Shell 8.0\bin\;C:\Users\Toshiba\AppData\Local\Microsoft\WindowsApps;C:\Users\Toshiba\AppData\Local\Programs\Microsoft VS Code\bin;C:\Program Files\Java\jdk-21\bin;C:\Users\Toshiba\Downloads\win_flex_bison-latest;C:\MinGW\bin;C:\Users\Toshiba\Downloads\jdk-17_windows-x64_bin\jdk-17.0.9\bin;C:\Program Files\Azure Data Studio\bin;C:\Program Files\Azure Data Studio\bin;C:\Program Files\Azure Data Studio\bin;C:\Program Files\Git\cmd\;C:\Program Files\Git\bin\;C:\Program Files\JetBrains\IntelliJ IDEA 2023.3.4\bin;;C:\Users\Toshiba\AppData\Local\GitHubDesktop\bin;C:\Users\Toshiba\AppData\Local\Programs\Python\Python312;C:\Users\Toshiba\AppData\Local\Programs\Python\Python312\Scripts;C:\Users\Toshiba\AppData\Local\Programs\Python\Python312\Scripts;C:\Users\Toshiba\AppData\Roaming\Composer\vendor\bin;C:\Program Files\MongoDB\Server\7.0\bin;C:\Users\Toshiba\AppData\Roaming\npm;C:\Users\Toshiba\Downloads\apache-maven-3.9.9-bin\apache-maven-3.9.9\bin;C:\Users\Toshiba\Downloads\flutter_windows_3.24.3-stable\flutter\bin;C:\Users\Toshiba\AppData\Local\Pub\Cache\bin;
USERNAME=Toshiba
OS=Windows_NT
PROCESSOR_IDENTIFIER=Intel64 Family 6 Model 140 Stepping 1, GenuineIntel
TMP=C:\Users\Toshiba\AppData\Local\Temp
TEMP=C:\Users\Toshiba\AppData\Local\Temp




Periodic native trim disabled

---------------  S Y S T E M  ---------------

OS:
 Windows 11 , 64 bit Build 22621 (10.0.22621.4391)
OS uptime: 13 days 3:26 hours
Hyper-V role detected

CPU: total 8 (initial active 8) (4 cores per cpu, 2 threads per core) family 6 model 140 stepping 1 microcode 0xa6, cx8, cmov, fxsr, ht, mmx, 3dnowpref, sse, sse2, sse3, ssse3, sse4.1, sse4.2, popcnt, lzcnt, tsc, tscinvbit, avx, avx2, aes, erms, clmul, bmi1, bmi2, adx, avx512f, avx512dq, avx512cd, avx512bw, avx512vl, sha, fma, vzeroupper, avx512_vpopcntdq, avx512_vpclmulqdq, avx512_vaes, avx512_vnni, clflush, clflushopt, clwb, avx512_vbmi2, avx512_vbmi, hv, rdtscp, rdpid, fsrm, gfni, avx512_bitalg, f16c, cet_ibt, cet_ss, avx512_ifma
Processor Information for processor 0
  Max Mhz: 2803, Current Mhz: 1201, Mhz Limit: 2803
Processor Information for processor 1
  Max Mhz: 2803, Current Mhz: 2803, Mhz Limit: 2803
Processor Information for processor 2
  Max Mhz: 2803, Current Mhz: 2803, Mhz Limit: 2803
Processor Information for processor 3
  Max Mhz: 2803, Current Mhz: 2803, Mhz Limit: 2803
Processor Information for processor 4
  Max Mhz: 2803, Current Mhz: 2803, Mhz Limit: 2803
Processor Information for processor 5
  Max Mhz: 2803, Current Mhz: 2803, Mhz Limit: 2803
Processor Information for processor 6
  Max Mhz: 2803, Current Mhz: 1201, Mhz Limit: 2803
Processor Information for processor 7
  Max Mhz: 2803, Current Mhz: 2803, Mhz Limit: 2803

Memory: 4k page, system-wide physical 16013M (2613M free)
TotalPageFile size 22476M (AvailPageFile size 340M)
current process WorkingSet (physical memory assigned to process): 149M, peak: 149M
current process commit charge ("private bytes"): 192M, peak: 376M

vm_info: OpenJDK 64-Bit Server VM (21.0.2+13-58) for windows-amd64 JRE (21.0.2+13-58), built on 2024-01-05T18:32:24Z by "mach5one" with MS VC++ 17.1 (VS2022)

END.
